The system is: Linux - 5.15.0-131-generic - x86_64
Compiling the CXX compiler identification source file "CMakeCXXCompilerId.cpp" succeeded.
Compiler: /bin/c++ 
Build flags: 
Id flags:  

The output was:
0


Compilation of the CXX compiler identification source "CMakeCXXCompilerId.cpp" produced "a.out"

The CXX compiler identification is GNU, found in "/home/dd/tcp-agg/ns-allinone-3.42/ns-3.42/cmake-cache/CMakeFiles/3.22.1/CompilerIdCXX/a.out"

Compiling the C compiler identification source file "CMakeCCompilerId.c" succeeded.
Compiler: /bin/cc 
Build flags: 
Id flags:  

The output was:
0


Compilation of the C compiler identification source "CMakeCCompilerId.c" produced "a.out"

The C compiler identification is GNU, found in "/home/dd/tcp-agg/ns-allinone-3.42/ns-3.42/cmake-cache/CMakeFiles/3.22.1/CompilerIdC/a.out"

Detecting CXX compiler ABI info compiled with the following output:
Change Dir: /home/dd/tcp-agg/ns-allinone-3.42/ns-3.42/cmake-cache/CMakeFiles/CMakeTmp

Run Build Command(s):/bin/gmake -f Makefile cmTC_90fc1/fast && /bin/gmake  -f CMakeFiles/cmTC_90fc1.dir/build.make CMakeFiles/cmTC_90fc1.dir/build
gmake[1]: Entering directory '/home/dd/tcp-agg/ns-allinone-3.42/ns-3.42/cmake-cache/CMakeFiles/CMakeTmp'
Building CXX object CMakeFiles/cmTC_90fc1.dir/CMakeCXXCompilerABI.cpp.o
/bin/c++   -v -o CMakeFiles/cmTC_90fc1.dir/CMakeCXXCompilerABI.cpp.o -c /usr/share/cmake-3.22/Modules/CMakeCXXCompilerABI.cpp
Using built-in specs.
COLLECT_GCC=/bin/c++
OFFLOAD_TARGET_NAMES=nvptx-none:amdgcn-amdhsa
OFFLOAD_TARGET_DEFAULT=1
Target: x86_64-linux-gnu
Configured with: ../src/configure -v --with-pkgversion='Ubuntu 11.4.0-1ubuntu1~22.04' --with-bugurl=file:///usr/share/doc/gcc-11/README.Bugs --enable-languages=c,ada,c++,go,brig,d,fortran,objc,obj-c++,m2 --prefix=/usr --with-gcc-major-version-only --program-suffix=-11 --program-prefix=x86_64-linux-gnu- --enable-shared --enable-linker-build-id --libexecdir=/usr/lib --without-included-gettext --enable-threads=posix --libdir=/usr/lib --enable-nls --enable-bootstrap --enable-clocale=gnu --enable-libstdcxx-debug --enable-libstdcxx-time=yes --with-default-libstdcxx-abi=new --enable-gnu-unique-object --disable-vtable-verify --enable-plugin --enable-default-pie --with-system-zlib --enable-libphobos-checking=release --with-target-system-zlib=auto --enable-objc-gc=auto --enable-multiarch --disable-werror --enable-cet --with-arch-32=i686 --with-abi=m64 --with-multilib-list=m32,m64,mx32 --enable-multilib --with-tune=generic --enable-offload-targets=nvptx-none=/build/gcc-11-XeT9lY/gcc-11-11.4.0/debian/tmp-nvptx/usr,amdgcn-amdhsa=/build/gcc-11-XeT9lY/gcc-11-11.4.0/debian/tmp-gcn/usr --without-cuda-driver --enable-checking=release --build=x86_64-linux-gnu --host=x86_64-linux-gnu --target=x86_64-linux-gnu --with-build-config=bootstrap-lto-lean --enable-link-serialization=2
Thread model: posix
Supported LTO compression algorithms: zlib zstd
gcc version 11.4.0 (Ubuntu 11.4.0-1ubuntu1~22.04) 
COLLECT_GCC_OPTIONS='-v' '-o' 'CMakeFiles/cmTC_90fc1.dir/CMakeCXXCompilerABI.cpp.o' '-c' '-shared-libgcc' '-mtune=generic' '-march=x86-64' '-dumpdir' 'CMakeFiles/cmTC_90fc1.dir/'
 /usr/lib/gcc/x86_64-linux-gnu/11/cc1plus -quiet -v -imultiarch x86_64-linux-gnu -D_GNU_SOURCE /usr/share/cmake-3.22/Modules/CMakeCXXCompilerABI.cpp -quiet -dumpdir CMakeFiles/cmTC_90fc1.dir/ -dumpbase CMakeCXXCompilerABI.cpp.cpp -dumpbase-ext .cpp -mtune=generic -march=x86-64 -version -fasynchronous-unwind-tables -fstack-protector-strong -Wformat -Wformat-security -fstack-clash-protection -fcf-protection -o /tmp/ccZ5f8tl.s
GNU C++17 (Ubuntu 11.4.0-1ubuntu1~22.04) version 11.4.0 (x86_64-linux-gnu)
	compiled by GNU C version 11.4.0, GMP version 6.2.1, MPFR version 4.1.0, MPC version 1.2.1, isl version isl-0.24-GMP

GGC heuristics: --param ggc-min-expand=100 --param ggc-min-heapsize=131072
ignoring duplicate directory "/usr/include/x86_64-linux-gnu/c++/11"
ignoring nonexistent directory "/usr/local/include/x86_64-linux-gnu"
ignoring nonexistent directory "/usr/lib/gcc/x86_64-linux-gnu/11/include-fixed"
ignoring nonexistent directory "/usr/lib/gcc/x86_64-linux-gnu/11/../../../../x86_64-linux-gnu/include"
#include "..." search starts here:
#include <...> search starts here:
 /usr/include/c++/11
 /usr/include/x86_64-linux-gnu/c++/11
 /usr/include/c++/11/backward
 /usr/lib/gcc/x86_64-linux-gnu/11/include
 /usr/local/include
 /usr/include/x86_64-linux-gnu
 /usr/include
End of search list.
GNU C++17 (Ubuntu 11.4.0-1ubuntu1~22.04) version 11.4.0 (x86_64-linux-gnu)
	compiled by GNU C version 11.4.0, GMP version 6.2.1, MPFR version 4.1.0, MPC version 1.2.1, isl version isl-0.24-GMP

GGC heuristics: --param ggc-min-expand=100 --param ggc-min-heapsize=131072
Compiler executable checksum: d591828bb4d392ae8b7b160e5bb0b95f
COLLECT_GCC_OPTIONS='-v' '-o' 'CMakeFiles/cmTC_90fc1.dir/CMakeCXXCompilerABI.cpp.o' '-c' '-shared-libgcc' '-mtune=generic' '-march=x86-64' '-dumpdir' 'CMakeFiles/cmTC_90fc1.dir/'
 as -v --64 -o CMakeFiles/cmTC_90fc1.dir/CMakeCXXCompilerABI.cpp.o /tmp/ccZ5f8tl.s
GNU assembler version 2.38 (x86_64-linux-gnu) using BFD version (GNU Binutils for Ubuntu) 2.38
COMPILER_PATH=/usr/lib/gcc/x86_64-linux-gnu/11/:/usr/lib/gcc/x86_64-linux-gnu/11/:/usr/lib/gcc/x86_64-linux-gnu/:/usr/lib/gcc/x86_64-linux-gnu/11/:/usr/lib/gcc/x86_64-linux-gnu/
LIBRARY_PATH=/usr/lib/gcc/x86_64-linux-gnu/11/:/usr/lib/gcc/x86_64-linux-gnu/11/../../../x86_64-linux-gnu/:/usr/lib/gcc/x86_64-linux-gnu/11/../../../../lib/:/lib/x86_64-linux-gnu/:/lib/../lib/:/usr/lib/x86_64-linux-gnu/:/usr/lib/../lib/:/usr/lib/gcc/x86_64-linux-gnu/11/../../../:/lib/:/usr/lib/
COLLECT_GCC_OPTIONS='-v' '-o' 'CMakeFiles/cmTC_90fc1.dir/CMakeCXXCompilerABI.cpp.o' '-c' '-shared-libgcc' '-mtune=generic' '-march=x86-64' '-dumpdir' 'CMakeFiles/cmTC_90fc1.dir/CMakeCXXCompilerABI.cpp.'
Linking CXX executable cmTC_90fc1
/usr/bin/cmake -E cmake_link_script CMakeFiles/cmTC_90fc1.dir/link.txt --verbose=1
/bin/c++  -v CMakeFiles/cmTC_90fc1.dir/CMakeCXXCompilerABI.cpp.o -o cmTC_90fc1 
Using built-in specs.
COLLECT_GCC=/bin/c++
COLLECT_LTO_WRAPPER=/usr/lib/gcc/x86_64-linux-gnu/11/lto-wrapper
OFFLOAD_TARGET_NAMES=nvptx-none:amdgcn-amdhsa
OFFLOAD_TARGET_DEFAULT=1
Target: x86_64-linux-gnu
Configured with: ../src/configure -v --with-pkgversion='Ubuntu 11.4.0-1ubuntu1~22.04' --with-bugurl=file:///usr/share/doc/gcc-11/README.Bugs --enable-languages=c,ada,c++,go,brig,d,fortran,objc,obj-c++,m2 --prefix=/usr --with-gcc-major-version-only --program-suffix=-11 --program-prefix=x86_64-linux-gnu- --enable-shared --enable-linker-build-id --libexecdir=/usr/lib --without-included-gettext --enable-threads=posix --libdir=/usr/lib --enable-nls --enable-bootstrap --enable-clocale=gnu --enable-libstdcxx-debug --enable-libstdcxx-time=yes --with-default-libstdcxx-abi=new --enable-gnu-unique-object --disable-vtable-verify --enable-plugin --enable-default-pie --with-system-zlib --enable-libphobos-checking=release --with-target-system-zlib=auto --enable-objc-gc=auto --enable-multiarch --disable-werror --enable-cet --with-arch-32=i686 --with-abi=m64 --with-multilib-list=m32,m64,mx32 --enable-multilib --with-tune=generic --enable-offload-targets=nvptx-none=/build/gcc-11-XeT9lY/gcc-11-11.4.0/debian/tmp-nvptx/usr,amdgcn-amdhsa=/build/gcc-11-XeT9lY/gcc-11-11.4.0/debian/tmp-gcn/usr --without-cuda-driver --enable-checking=release --build=x86_64-linux-gnu --host=x86_64-linux-gnu --target=x86_64-linux-gnu --with-build-config=bootstrap-lto-lean --enable-link-serialization=2
Thread model: posix
Supported LTO compression algorithms: zlib zstd
gcc version 11.4.0 (Ubuntu 11.4.0-1ubuntu1~22.04) 
COMPILER_PATH=/usr/lib/gcc/x86_64-linux-gnu/11/:/usr/lib/gcc/x86_64-linux-gnu/11/:/usr/lib/gcc/x86_64-linux-gnu/:/usr/lib/gcc/x86_64-linux-gnu/11/:/usr/lib/gcc/x86_64-linux-gnu/
LIBRARY_PATH=/usr/lib/gcc/x86_64-linux-gnu/11/:/usr/lib/gcc/x86_64-linux-gnu/11/../../../x86_64-linux-gnu/:/usr/lib/gcc/x86_64-linux-gnu/11/../../../../lib/:/lib/x86_64-linux-gnu/:/lib/../lib/:/usr/lib/x86_64-linux-gnu/:/usr/lib/../lib/:/usr/lib/gcc/x86_64-linux-gnu/11/../../../:/lib/:/usr/lib/
COLLECT_GCC_OPTIONS='-v' '-o' 'cmTC_90fc1' '-shared-libgcc' '-mtune=generic' '-march=x86-64' '-dumpdir' 'cmTC_90fc1.'
 /usr/lib/gcc/x86_64-linux-gnu/11/collect2 -plugin /usr/lib/gcc/x86_64-linux-gnu/11/liblto_plugin.so -plugin-opt=/usr/lib/gcc/x86_64-linux-gnu/11/lto-wrapper -plugin-opt=-fresolution=/tmp/ccfdq9X6.res -plugin-opt=-pass-through=-lgcc_s -plugin-opt=-pass-through=-lgcc -plugin-opt=-pass-through=-lc -plugin-opt=-pass-through=-lgcc_s -plugin-opt=-pass-through=-lgcc --build-id --eh-frame-hdr -m elf_x86_64 --hash-style=gnu --as-needed -dynamic-linker /lib64/ld-linux-x86-64.so.2 -pie -z now -z relro -o cmTC_90fc1 /usr/lib/gcc/x86_64-linux-gnu/11/../../../x86_64-linux-gnu/Scrt1.o /usr/lib/gcc/x86_64-linux-gnu/11/../../../x86_64-linux-gnu/crti.o /usr/lib/gcc/x86_64-linux-gnu/11/crtbeginS.o -L/usr/lib/gcc/x86_64-linux-gnu/11 -L/usr/lib/gcc/x86_64-linux-gnu/11/../../../x86_64-linux-gnu -L/usr/lib/gcc/x86_64-linux-gnu/11/../../../../lib -L/lib/x86_64-linux-gnu -L/lib/../lib -L/usr/lib/x86_64-linux-gnu -L/usr/lib/../lib -L/usr/lib/gcc/x86_64-linux-gnu/11/../../.. CMakeFiles/cmTC_90fc1.dir/CMakeCXXCompilerABI.cpp.o -lstdc++ -lm -lgcc_s -lgcc -lc -lgcc_s -lgcc /usr/lib/gcc/x86_64-linux-gnu/11/crtendS.o /usr/lib/gcc/x86_64-linux-gnu/11/../../../x86_64-linux-gnu/crtn.o
COLLECT_GCC_OPTIONS='-v' '-o' 'cmTC_90fc1' '-shared-libgcc' '-mtune=generic' '-march=x86-64' '-dumpdir' 'cmTC_90fc1.'
gmake[1]: Leaving directory '/home/dd/tcp-agg/ns-allinone-3.42/ns-3.42/cmake-cache/CMakeFiles/CMakeTmp'



Parsed CXX implicit include dir info from above output: rv=done
  found start of include info
  found start of implicit include info
    add: [/usr/include/c++/11]
    add: [/usr/include/x86_64-linux-gnu/c++/11]
    add: [/usr/include/c++/11/backward]
    add: [/usr/lib/gcc/x86_64-linux-gnu/11/include]
    add: [/usr/local/include]
    add: [/usr/include/x86_64-linux-gnu]
    add: [/usr/include]
  end of search list found
  collapse include dir [/usr/include/c++/11] ==> [/usr/include/c++/11]
  collapse include dir [/usr/include/x86_64-linux-gnu/c++/11] ==> [/usr/include/x86_64-linux-gnu/c++/11]
  collapse include dir [/usr/include/c++/11/backward] ==> [/usr/include/c++/11/backward]
  collapse include dir [/usr/lib/gcc/x86_64-linux-gnu/11/include] ==> [/usr/lib/gcc/x86_64-linux-gnu/11/include]
  collapse include dir [/usr/local/include] ==> [/usr/local/include]
  collapse include dir [/usr/include/x86_64-linux-gnu] ==> [/usr/include/x86_64-linux-gnu]
  collapse include dir [/usr/include] ==> [/usr/include]
  implicit include dirs: [/usr/include/c++/11;/usr/include/x86_64-linux-gnu/c++/11;/usr/include/c++/11/backward;/usr/lib/gcc/x86_64-linux-gnu/11/include;/usr/local/include;/usr/include/x86_64-linux-gnu;/usr/include]


Parsed CXX implicit link information from above output:
  link line regex: [^( *|.*[/\])(ld|CMAKE_LINK_STARTFILE-NOTFOUND|([^/\]+-)?ld|collect2)[^/\]*( |$)]
  ignore line: [Change Dir: /home/dd/tcp-agg/ns-allinone-3.42/ns-3.42/cmake-cache/CMakeFiles/CMakeTmp]
  ignore line: []
  ignore line: [Run Build Command(s):/bin/gmake -f Makefile cmTC_90fc1/fast && /bin/gmake  -f CMakeFiles/cmTC_90fc1.dir/build.make CMakeFiles/cmTC_90fc1.dir/build]
  ignore line: [gmake[1]: Entering directory '/home/dd/tcp-agg/ns-allinone-3.42/ns-3.42/cmake-cache/CMakeFiles/CMakeTmp']
  ignore line: [Building CXX object CMakeFiles/cmTC_90fc1.dir/CMakeCXXCompilerABI.cpp.o]
  ignore line: [/bin/c++   -v -o CMakeFiles/cmTC_90fc1.dir/CMakeCXXCompilerABI.cpp.o -c /usr/share/cmake-3.22/Modules/CMakeCXXCompilerABI.cpp]
  ignore line: [Using built-in specs.]
  ignore line: [COLLECT_GCC=/bin/c++]
  ignore line: [OFFLOAD_TARGET_NAMES=nvptx-none:amdgcn-amdhsa]
  ignore line: [OFFLOAD_TARGET_DEFAULT=1]
  ignore line: [Target: x86_64-linux-gnu]
  ignore line: [Configured with: ../src/configure -v --with-pkgversion='Ubuntu 11.4.0-1ubuntu1~22.04' --with-bugurl=file:///usr/share/doc/gcc-11/README.Bugs --enable-languages=c ada c++ go brig d fortran objc obj-c++ m2 --prefix=/usr --with-gcc-major-version-only --program-suffix=-11 --program-prefix=x86_64-linux-gnu- --enable-shared --enable-linker-build-id --libexecdir=/usr/lib --without-included-gettext --enable-threads=posix --libdir=/usr/lib --enable-nls --enable-bootstrap --enable-clocale=gnu --enable-libstdcxx-debug --enable-libstdcxx-time=yes --with-default-libstdcxx-abi=new --enable-gnu-unique-object --disable-vtable-verify --enable-plugin --enable-default-pie --with-system-zlib --enable-libphobos-checking=release --with-target-system-zlib=auto --enable-objc-gc=auto --enable-multiarch --disable-werror --enable-cet --with-arch-32=i686 --with-abi=m64 --with-multilib-list=m32 m64 mx32 --enable-multilib --with-tune=generic --enable-offload-targets=nvptx-none=/build/gcc-11-XeT9lY/gcc-11-11.4.0/debian/tmp-nvptx/usr amdgcn-amdhsa=/build/gcc-11-XeT9lY/gcc-11-11.4.0/debian/tmp-gcn/usr --without-cuda-driver --enable-checking=release --build=x86_64-linux-gnu --host=x86_64-linux-gnu --target=x86_64-linux-gnu --with-build-config=bootstrap-lto-lean --enable-link-serialization=2]
  ignore line: [Thread model: posix]
  ignore line: [Supported LTO compression algorithms: zlib zstd]
  ignore line: [gcc version 11.4.0 (Ubuntu 11.4.0-1ubuntu1~22.04) ]
  ignore line: [COLLECT_GCC_OPTIONS='-v' '-o' 'CMakeFiles/cmTC_90fc1.dir/CMakeCXXCompilerABI.cpp.o' '-c' '-shared-libgcc' '-mtune=generic' '-march=x86-64' '-dumpdir' 'CMakeFiles/cmTC_90fc1.dir/']
  ignore line: [ /usr/lib/gcc/x86_64-linux-gnu/11/cc1plus -quiet -v -imultiarch x86_64-linux-gnu -D_GNU_SOURCE /usr/share/cmake-3.22/Modules/CMakeCXXCompilerABI.cpp -quiet -dumpdir CMakeFiles/cmTC_90fc1.dir/ -dumpbase CMakeCXXCompilerABI.cpp.cpp -dumpbase-ext .cpp -mtune=generic -march=x86-64 -version -fasynchronous-unwind-tables -fstack-protector-strong -Wformat -Wformat-security -fstack-clash-protection -fcf-protection -o /tmp/ccZ5f8tl.s]
  ignore line: [GNU C++17 (Ubuntu 11.4.0-1ubuntu1~22.04) version 11.4.0 (x86_64-linux-gnu)]
  ignore line: [	compiled by GNU C version 11.4.0  GMP version 6.2.1  MPFR version 4.1.0  MPC version 1.2.1  isl version isl-0.24-GMP]
  ignore line: []
  ignore line: [GGC heuristics: --param ggc-min-expand=100 --param ggc-min-heapsize=131072]
  ignore line: [ignoring duplicate directory "/usr/include/x86_64-linux-gnu/c++/11"]
  ignore line: [ignoring nonexistent directory "/usr/local/include/x86_64-linux-gnu"]
  ignore line: [ignoring nonexistent directory "/usr/lib/gcc/x86_64-linux-gnu/11/include-fixed"]
  ignore line: [ignoring nonexistent directory "/usr/lib/gcc/x86_64-linux-gnu/11/../../../../x86_64-linux-gnu/include"]
  ignore line: [#include "..." search starts here:]
  ignore line: [#include <...> search starts here:]
  ignore line: [ /usr/include/c++/11]
  ignore line: [ /usr/include/x86_64-linux-gnu/c++/11]
  ignore line: [ /usr/include/c++/11/backward]
  ignore line: [ /usr/lib/gcc/x86_64-linux-gnu/11/include]
  ignore line: [ /usr/local/include]
  ignore line: [ /usr/include/x86_64-linux-gnu]
  ignore line: [ /usr/include]
  ignore line: [End of search list.]
  ignore line: [GNU C++17 (Ubuntu 11.4.0-1ubuntu1~22.04) version 11.4.0 (x86_64-linux-gnu)]
  ignore line: [	compiled by GNU C version 11.4.0  GMP version 6.2.1  MPFR version 4.1.0  MPC version 1.2.1  isl version isl-0.24-GMP]
  ignore line: []
  ignore line: [GGC heuristics: --param ggc-min-expand=100 --param ggc-min-heapsize=131072]
  ignore line: [Compiler executable checksum: d591828bb4d392ae8b7b160e5bb0b95f]
  ignore line: [COLLECT_GCC_OPTIONS='-v' '-o' 'CMakeFiles/cmTC_90fc1.dir/CMakeCXXCompilerABI.cpp.o' '-c' '-shared-libgcc' '-mtune=generic' '-march=x86-64' '-dumpdir' 'CMakeFiles/cmTC_90fc1.dir/']
  ignore line: [ as -v --64 -o CMakeFiles/cmTC_90fc1.dir/CMakeCXXCompilerABI.cpp.o /tmp/ccZ5f8tl.s]
  ignore line: [GNU assembler version 2.38 (x86_64-linux-gnu) using BFD version (GNU Binutils for Ubuntu) 2.38]
  ignore line: [COMPILER_PATH=/usr/lib/gcc/x86_64-linux-gnu/11/:/usr/lib/gcc/x86_64-linux-gnu/11/:/usr/lib/gcc/x86_64-linux-gnu/:/usr/lib/gcc/x86_64-linux-gnu/11/:/usr/lib/gcc/x86_64-linux-gnu/]
  ignore line: [LIBRARY_PATH=/usr/lib/gcc/x86_64-linux-gnu/11/:/usr/lib/gcc/x86_64-linux-gnu/11/../../../x86_64-linux-gnu/:/usr/lib/gcc/x86_64-linux-gnu/11/../../../../lib/:/lib/x86_64-linux-gnu/:/lib/../lib/:/usr/lib/x86_64-linux-gnu/:/usr/lib/../lib/:/usr/lib/gcc/x86_64-linux-gnu/11/../../../:/lib/:/usr/lib/]
  ignore line: [COLLECT_GCC_OPTIONS='-v' '-o' 'CMakeFiles/cmTC_90fc1.dir/CMakeCXXCompilerABI.cpp.o' '-c' '-shared-libgcc' '-mtune=generic' '-march=x86-64' '-dumpdir' 'CMakeFiles/cmTC_90fc1.dir/CMakeCXXCompilerABI.cpp.']
  ignore line: [Linking CXX executable cmTC_90fc1]
  ignore line: [/usr/bin/cmake -E cmake_link_script CMakeFiles/cmTC_90fc1.dir/link.txt --verbose=1]
  ignore line: [/bin/c++  -v CMakeFiles/cmTC_90fc1.dir/CMakeCXXCompilerABI.cpp.o -o cmTC_90fc1 ]
  ignore line: [Using built-in specs.]
  ignore line: [COLLECT_GCC=/bin/c++]
  ignore line: [COLLECT_LTO_WRAPPER=/usr/lib/gcc/x86_64-linux-gnu/11/lto-wrapper]
  ignore line: [OFFLOAD_TARGET_NAMES=nvptx-none:amdgcn-amdhsa]
  ignore line: [OFFLOAD_TARGET_DEFAULT=1]
  ignore line: [Target: x86_64-linux-gnu]
  ignore line: [Configured with: ../src/configure -v --with-pkgversion='Ubuntu 11.4.0-1ubuntu1~22.04' --with-bugurl=file:///usr/share/doc/gcc-11/README.Bugs --enable-languages=c ada c++ go brig d fortran objc obj-c++ m2 --prefix=/usr --with-gcc-major-version-only --program-suffix=-11 --program-prefix=x86_64-linux-gnu- --enable-shared --enable-linker-build-id --libexecdir=/usr/lib --without-included-gettext --enable-threads=posix --libdir=/usr/lib --enable-nls --enable-bootstrap --enable-clocale=gnu --enable-libstdcxx-debug --enable-libstdcxx-time=yes --with-default-libstdcxx-abi=new --enable-gnu-unique-object --disable-vtable-verify --enable-plugin --enable-default-pie --with-system-zlib --enable-libphobos-checking=release --with-target-system-zlib=auto --enable-objc-gc=auto --enable-multiarch --disable-werror --enable-cet --with-arch-32=i686 --with-abi=m64 --with-multilib-list=m32 m64 mx32 --enable-multilib --with-tune=generic --enable-offload-targets=nvptx-none=/build/gcc-11-XeT9lY/gcc-11-11.4.0/debian/tmp-nvptx/usr amdgcn-amdhsa=/build/gcc-11-XeT9lY/gcc-11-11.4.0/debian/tmp-gcn/usr --without-cuda-driver --enable-checking=release --build=x86_64-linux-gnu --host=x86_64-linux-gnu --target=x86_64-linux-gnu --with-build-config=bootstrap-lto-lean --enable-link-serialization=2]
  ignore line: [Thread model: posix]
  ignore line: [Supported LTO compression algorithms: zlib zstd]
  ignore line: [gcc version 11.4.0 (Ubuntu 11.4.0-1ubuntu1~22.04) ]
  ignore line: [COMPILER_PATH=/usr/lib/gcc/x86_64-linux-gnu/11/:/usr/lib/gcc/x86_64-linux-gnu/11/:/usr/lib/gcc/x86_64-linux-gnu/:/usr/lib/gcc/x86_64-linux-gnu/11/:/usr/lib/gcc/x86_64-linux-gnu/]
  ignore line: [LIBRARY_PATH=/usr/lib/gcc/x86_64-linux-gnu/11/:/usr/lib/gcc/x86_64-linux-gnu/11/../../../x86_64-linux-gnu/:/usr/lib/gcc/x86_64-linux-gnu/11/../../../../lib/:/lib/x86_64-linux-gnu/:/lib/../lib/:/usr/lib/x86_64-linux-gnu/:/usr/lib/../lib/:/usr/lib/gcc/x86_64-linux-gnu/11/../../../:/lib/:/usr/lib/]
  ignore line: [COLLECT_GCC_OPTIONS='-v' '-o' 'cmTC_90fc1' '-shared-libgcc' '-mtune=generic' '-march=x86-64' '-dumpdir' 'cmTC_90fc1.']
  link line: [ /usr/lib/gcc/x86_64-linux-gnu/11/collect2 -plugin /usr/lib/gcc/x86_64-linux-gnu/11/liblto_plugin.so -plugin-opt=/usr/lib/gcc/x86_64-linux-gnu/11/lto-wrapper -plugin-opt=-fresolution=/tmp/ccfdq9X6.res -plugin-opt=-pass-through=-lgcc_s -plugin-opt=-pass-through=-lgcc -plugin-opt=-pass-through=-lc -plugin-opt=-pass-through=-lgcc_s -plugin-opt=-pass-through=-lgcc --build-id --eh-frame-hdr -m elf_x86_64 --hash-style=gnu --as-needed -dynamic-linker /lib64/ld-linux-x86-64.so.2 -pie -z now -z relro -o cmTC_90fc1 /usr/lib/gcc/x86_64-linux-gnu/11/../../../x86_64-linux-gnu/Scrt1.o /usr/lib/gcc/x86_64-linux-gnu/11/../../../x86_64-linux-gnu/crti.o /usr/lib/gcc/x86_64-linux-gnu/11/crtbeginS.o -L/usr/lib/gcc/x86_64-linux-gnu/11 -L/usr/lib/gcc/x86_64-linux-gnu/11/../../../x86_64-linux-gnu -L/usr/lib/gcc/x86_64-linux-gnu/11/../../../../lib -L/lib/x86_64-linux-gnu -L/lib/../lib -L/usr/lib/x86_64-linux-gnu -L/usr/lib/../lib -L/usr/lib/gcc/x86_64-linux-gnu/11/../../.. CMakeFiles/cmTC_90fc1.dir/CMakeCXXCompilerABI.cpp.o -lstdc++ -lm -lgcc_s -lgcc -lc -lgcc_s -lgcc /usr/lib/gcc/x86_64-linux-gnu/11/crtendS.o /usr/lib/gcc/x86_64-linux-gnu/11/../../../x86_64-linux-gnu/crtn.o]
    arg [/usr/lib/gcc/x86_64-linux-gnu/11/collect2] ==> ignore
    arg [-plugin] ==> ignore
    arg [/usr/lib/gcc/x86_64-linux-gnu/11/liblto_plugin.so] ==> ignore
    arg [-plugin-opt=/usr/lib/gcc/x86_64-linux-gnu/11/lto-wrapper] ==> ignore
    arg [-plugin-opt=-fresolution=/tmp/ccfdq9X6.res] ==> ignore
    arg [-plugin-opt=-pass-through=-lgcc_s] ==> ignore
    arg [-plugin-opt=-pass-through=-lgcc] ==> ignore
    arg [-plugin-opt=-pass-through=-lc] ==> ignore
    arg [-plugin-opt=-pass-through=-lgcc_s] ==> ignore
    arg [-plugin-opt=-pass-through=-lgcc] ==> ignore
    arg [--build-id] ==> ignore
    arg [--eh-frame-hdr] ==> ignore
    arg [-m] ==> ignore
    arg [elf_x86_64] ==> ignore
    arg [--hash-style=gnu] ==> ignore
    arg [--as-needed] ==> ignore
    arg [-dynamic-linker] ==> ignore
    arg [/lib64/ld-linux-x86-64.so.2] ==> ignore
    arg [-pie] ==> ignore
    arg [-znow] ==> ignore
    arg [-zrelro] ==> ignore
    arg [-o] ==> ignore
    arg [cmTC_90fc1] ==> ignore
    arg [/usr/lib/gcc/x86_64-linux-gnu/11/../../../x86_64-linux-gnu/Scrt1.o] ==> obj [/usr/lib/gcc/x86_64-linux-gnu/11/../../../x86_64-linux-gnu/Scrt1.o]
    arg [/usr/lib/gcc/x86_64-linux-gnu/11/../../../x86_64-linux-gnu/crti.o] ==> obj [/usr/lib/gcc/x86_64-linux-gnu/11/../../../x86_64-linux-gnu/crti.o]
    arg [/usr/lib/gcc/x86_64-linux-gnu/11/crtbeginS.o] ==> obj [/usr/lib/gcc/x86_64-linux-gnu/11/crtbeginS.o]
    arg [-L/usr/lib/gcc/x86_64-linux-gnu/11] ==> dir [/usr/lib/gcc/x86_64-linux-gnu/11]
    arg [-L/usr/lib/gcc/x86_64-linux-gnu/11/../../../x86_64-linux-gnu] ==> dir [/usr/lib/gcc/x86_64-linux-gnu/11/../../../x86_64-linux-gnu]
    arg [-L/usr/lib/gcc/x86_64-linux-gnu/11/../../../../lib] ==> dir [/usr/lib/gcc/x86_64-linux-gnu/11/../../../../lib]
    arg [-L/lib/x86_64-linux-gnu] ==> dir [/lib/x86_64-linux-gnu]
    arg [-L/lib/../lib] ==> dir [/lib/../lib]
    arg [-L/usr/lib/x86_64-linux-gnu] ==> dir [/usr/lib/x86_64-linux-gnu]
    arg [-L/usr/lib/../lib] ==> dir [/usr/lib/../lib]
    arg [-L/usr/lib/gcc/x86_64-linux-gnu/11/../../..] ==> dir [/usr/lib/gcc/x86_64-linux-gnu/11/../../..]
    arg [CMakeFiles/cmTC_90fc1.dir/CMakeCXXCompilerABI.cpp.o] ==> ignore
    arg [-lstdc++] ==> lib [stdc++]
    arg [-lm] ==> lib [m]
    arg [-lgcc_s] ==> lib [gcc_s]
    arg [-lgcc] ==> lib [gcc]
    arg [-lc] ==> lib [c]
    arg [-lgcc_s] ==> lib [gcc_s]
    arg [-lgcc] ==> lib [gcc]
    arg [/usr/lib/gcc/x86_64-linux-gnu/11/crtendS.o] ==> obj [/usr/lib/gcc/x86_64-linux-gnu/11/crtendS.o]
    arg [/usr/lib/gcc/x86_64-linux-gnu/11/../../../x86_64-linux-gnu/crtn.o] ==> obj [/usr/lib/gcc/x86_64-linux-gnu/11/../../../x86_64-linux-gnu/crtn.o]
  collapse obj [/usr/lib/gcc/x86_64-linux-gnu/11/../../../x86_64-linux-gnu/Scrt1.o] ==> [/usr/lib/x86_64-linux-gnu/Scrt1.o]
  collapse obj [/usr/lib/gcc/x86_64-linux-gnu/11/../../../x86_64-linux-gnu/crti.o] ==> [/usr/lib/x86_64-linux-gnu/crti.o]
  collapse obj [/usr/lib/gcc/x86_64-linux-gnu/11/../../../x86_64-linux-gnu/crtn.o] ==> [/usr/lib/x86_64-linux-gnu/crtn.o]
  collapse library dir [/usr/lib/gcc/x86_64-linux-gnu/11] ==> [/usr/lib/gcc/x86_64-linux-gnu/11]
  collapse library dir [/usr/lib/gcc/x86_64-linux-gnu/11/../../../x86_64-linux-gnu] ==> [/usr/lib/x86_64-linux-gnu]
  collapse library dir [/usr/lib/gcc/x86_64-linux-gnu/11/../../../../lib] ==> [/usr/lib]
  collapse library dir [/lib/x86_64-linux-gnu] ==> [/lib/x86_64-linux-gnu]
  collapse library dir [/lib/../lib] ==> [/lib]
  collapse library dir [/usr/lib/x86_64-linux-gnu] ==> [/usr/lib/x86_64-linux-gnu]
  collapse library dir [/usr/lib/../lib] ==> [/usr/lib]
  collapse library dir [/usr/lib/gcc/x86_64-linux-gnu/11/../../..] ==> [/usr/lib]
  implicit libs: [stdc++;m;gcc_s;gcc;c;gcc_s;gcc]
  implicit objs: [/usr/lib/x86_64-linux-gnu/Scrt1.o;/usr/lib/x86_64-linux-gnu/crti.o;/usr/lib/gcc/x86_64-linux-gnu/11/crtbeginS.o;/usr/lib/gcc/x86_64-linux-gnu/11/crtendS.o;/usr/lib/x86_64-linux-gnu/crtn.o]
  implicit dirs: [/usr/lib/gcc/x86_64-linux-gnu/11;/usr/lib/x86_64-linux-gnu;/usr/lib;/lib/x86_64-linux-gnu;/lib]
  implicit fwks: []


Detecting C compiler ABI info compiled with the following output:
Change Dir: /home/dd/tcp-agg/ns-allinone-3.42/ns-3.42/cmake-cache/CMakeFiles/CMakeTmp

Run Build Command(s):/bin/gmake -f Makefile cmTC_59bad/fast && /bin/gmake  -f CMakeFiles/cmTC_59bad.dir/build.make CMakeFiles/cmTC_59bad.dir/build
gmake[1]: Entering directory '/home/dd/tcp-agg/ns-allinone-3.42/ns-3.42/cmake-cache/CMakeFiles/CMakeTmp'
Building C object CMakeFiles/cmTC_59bad.dir/CMakeCCompilerABI.c.o
/bin/cc   -v -o CMakeFiles/cmTC_59bad.dir/CMakeCCompilerABI.c.o -c /usr/share/cmake-3.22/Modules/CMakeCCompilerABI.c
Using built-in specs.
COLLECT_GCC=/bin/cc
OFFLOAD_TARGET_NAMES=nvptx-none:amdgcn-amdhsa
OFFLOAD_TARGET_DEFAULT=1
Target: x86_64-linux-gnu
Configured with: ../src/configure -v --with-pkgversion='Ubuntu 11.4.0-1ubuntu1~22.04' --with-bugurl=file:///usr/share/doc/gcc-11/README.Bugs --enable-languages=c,ada,c++,go,brig,d,fortran,objc,obj-c++,m2 --prefix=/usr --with-gcc-major-version-only --program-suffix=-11 --program-prefix=x86_64-linux-gnu- --enable-shared --enable-linker-build-id --libexecdir=/usr/lib --without-included-gettext --enable-threads=posix --libdir=/usr/lib --enable-nls --enable-bootstrap --enable-clocale=gnu --enable-libstdcxx-debug --enable-libstdcxx-time=yes --with-default-libstdcxx-abi=new --enable-gnu-unique-object --disable-vtable-verify --enable-plugin --enable-default-pie --with-system-zlib --enable-libphobos-checking=release --with-target-system-zlib=auto --enable-objc-gc=auto --enable-multiarch --disable-werror --enable-cet --with-arch-32=i686 --with-abi=m64 --with-multilib-list=m32,m64,mx32 --enable-multilib --with-tune=generic --enable-offload-targets=nvptx-none=/build/gcc-11-XeT9lY/gcc-11-11.4.0/debian/tmp-nvptx/usr,amdgcn-amdhsa=/build/gcc-11-XeT9lY/gcc-11-11.4.0/debian/tmp-gcn/usr --without-cuda-driver --enable-checking=release --build=x86_64-linux-gnu --host=x86_64-linux-gnu --target=x86_64-linux-gnu --with-build-config=bootstrap-lto-lean --enable-link-serialization=2
Thread model: posix
Supported LTO compression algorithms: zlib zstd
gcc version 11.4.0 (Ubuntu 11.4.0-1ubuntu1~22.04) 
COLLECT_GCC_OPTIONS='-v' '-o' 'CMakeFiles/cmTC_59bad.dir/CMakeCCompilerABI.c.o' '-c' '-mtune=generic' '-march=x86-64' '-dumpdir' 'CMakeFiles/cmTC_59bad.dir/'
 /usr/lib/gcc/x86_64-linux-gnu/11/cc1 -quiet -v -imultiarch x86_64-linux-gnu /usr/share/cmake-3.22/Modules/CMakeCCompilerABI.c -quiet -dumpdir CMakeFiles/cmTC_59bad.dir/ -dumpbase CMakeCCompilerABI.c.c -dumpbase-ext .c -mtune=generic -march=x86-64 -version -fasynchronous-unwind-tables -fstack-protector-strong -Wformat -Wformat-security -fstack-clash-protection -fcf-protection -o /tmp/ccLqspID.s
GNU C17 (Ubuntu 11.4.0-1ubuntu1~22.04) version 11.4.0 (x86_64-linux-gnu)
	compiled by GNU C version 11.4.0, GMP version 6.2.1, MPFR version 4.1.0, MPC version 1.2.1, isl version isl-0.24-GMP

GGC heuristics: --param ggc-min-expand=100 --param ggc-min-heapsize=131072
ignoring nonexistent directory "/usr/local/include/x86_64-linux-gnu"
ignoring nonexistent directory "/usr/lib/gcc/x86_64-linux-gnu/11/include-fixed"
ignoring nonexistent directory "/usr/lib/gcc/x86_64-linux-gnu/11/../../../../x86_64-linux-gnu/include"
#include "..." search starts here:
#include <...> search starts here:
 /usr/lib/gcc/x86_64-linux-gnu/11/include
 /usr/local/include
 /usr/include/x86_64-linux-gnu
 /usr/include
End of search list.
GNU C17 (Ubuntu 11.4.0-1ubuntu1~22.04) version 11.4.0 (x86_64-linux-gnu)
	compiled by GNU C version 11.4.0, GMP version 6.2.1, MPFR version 4.1.0, MPC version 1.2.1, isl version isl-0.24-GMP

GGC heuristics: --param ggc-min-expand=100 --param ggc-min-heapsize=131072
Compiler executable checksum: 50eaa2331df977b8016186198deb2d18
COLLECT_GCC_OPTIONS='-v' '-o' 'CMakeFiles/cmTC_59bad.dir/CMakeCCompilerABI.c.o' '-c' '-mtune=generic' '-march=x86-64' '-dumpdir' 'CMakeFiles/cmTC_59bad.dir/'
 as -v --64 -o CMakeFiles/cmTC_59bad.dir/CMakeCCompilerABI.c.o /tmp/ccLqspID.s
GNU assembler version 2.38 (x86_64-linux-gnu) using BFD version (GNU Binutils for Ubuntu) 2.38
COMPILER_PATH=/usr/lib/gcc/x86_64-linux-gnu/11/:/usr/lib/gcc/x86_64-linux-gnu/11/:/usr/lib/gcc/x86_64-linux-gnu/:/usr/lib/gcc/x86_64-linux-gnu/11/:/usr/lib/gcc/x86_64-linux-gnu/
LIBRARY_PATH=/usr/lib/gcc/x86_64-linux-gnu/11/:/usr/lib/gcc/x86_64-linux-gnu/11/../../../x86_64-linux-gnu/:/usr/lib/gcc/x86_64-linux-gnu/11/../../../../lib/:/lib/x86_64-linux-gnu/:/lib/../lib/:/usr/lib/x86_64-linux-gnu/:/usr/lib/../lib/:/usr/lib/gcc/x86_64-linux-gnu/11/../../../:/lib/:/usr/lib/
COLLECT_GCC_OPTIONS='-v' '-o' 'CMakeFiles/cmTC_59bad.dir/CMakeCCompilerABI.c.o' '-c' '-mtune=generic' '-march=x86-64' '-dumpdir' 'CMakeFiles/cmTC_59bad.dir/CMakeCCompilerABI.c.'
Linking C executable cmTC_59bad
/usr/bin/cmake -E cmake_link_script CMakeFiles/cmTC_59bad.dir/link.txt --verbose=1
/bin/cc  -v CMakeFiles/cmTC_59bad.dir/CMakeCCompilerABI.c.o -o cmTC_59bad 
Using built-in specs.
COLLECT_GCC=/bin/cc
COLLECT_LTO_WRAPPER=/usr/lib/gcc/x86_64-linux-gnu/11/lto-wrapper
OFFLOAD_TARGET_NAMES=nvptx-none:amdgcn-amdhsa
OFFLOAD_TARGET_DEFAULT=1
Target: x86_64-linux-gnu
Configured with: ../src/configure -v --with-pkgversion='Ubuntu 11.4.0-1ubuntu1~22.04' --with-bugurl=file:///usr/share/doc/gcc-11/README.Bugs --enable-languages=c,ada,c++,go,brig,d,fortran,objc,obj-c++,m2 --prefix=/usr --with-gcc-major-version-only --program-suffix=-11 --program-prefix=x86_64-linux-gnu- --enable-shared --enable-linker-build-id --libexecdir=/usr/lib --without-included-gettext --enable-threads=posix --libdir=/usr/lib --enable-nls --enable-bootstrap --enable-clocale=gnu --enable-libstdcxx-debug --enable-libstdcxx-time=yes --with-default-libstdcxx-abi=new --enable-gnu-unique-object --disable-vtable-verify --enable-plugin --enable-default-pie --with-system-zlib --enable-libphobos-checking=release --with-target-system-zlib=auto --enable-objc-gc=auto --enable-multiarch --disable-werror --enable-cet --with-arch-32=i686 --with-abi=m64 --with-multilib-list=m32,m64,mx32 --enable-multilib --with-tune=generic --enable-offload-targets=nvptx-none=/build/gcc-11-XeT9lY/gcc-11-11.4.0/debian/tmp-nvptx/usr,amdgcn-amdhsa=/build/gcc-11-XeT9lY/gcc-11-11.4.0/debian/tmp-gcn/usr --without-cuda-driver --enable-checking=release --build=x86_64-linux-gnu --host=x86_64-linux-gnu --target=x86_64-linux-gnu --with-build-config=bootstrap-lto-lean --enable-link-serialization=2
Thread model: posix
Supported LTO compression algorithms: zlib zstd
gcc version 11.4.0 (Ubuntu 11.4.0-1ubuntu1~22.04) 
COMPILER_PATH=/usr/lib/gcc/x86_64-linux-gnu/11/:/usr/lib/gcc/x86_64-linux-gnu/11/:/usr/lib/gcc/x86_64-linux-gnu/:/usr/lib/gcc/x86_64-linux-gnu/11/:/usr/lib/gcc/x86_64-linux-gnu/
LIBRARY_PATH=/usr/lib/gcc/x86_64-linux-gnu/11/:/usr/lib/gcc/x86_64-linux-gnu/11/../../../x86_64-linux-gnu/:/usr/lib/gcc/x86_64-linux-gnu/11/../../../../lib/:/lib/x86_64-linux-gnu/:/lib/../lib/:/usr/lib/x86_64-linux-gnu/:/usr/lib/../lib/:/usr/lib/gcc/x86_64-linux-gnu/11/../../../:/lib/:/usr/lib/
COLLECT_GCC_OPTIONS='-v' '-o' 'cmTC_59bad' '-mtune=generic' '-march=x86-64' '-dumpdir' 'cmTC_59bad.'
 /usr/lib/gcc/x86_64-linux-gnu/11/collect2 -plugin /usr/lib/gcc/x86_64-linux-gnu/11/liblto_plugin.so -plugin-opt=/usr/lib/gcc/x86_64-linux-gnu/11/lto-wrapper -plugin-opt=-fresolution=/tmp/ccFFXyfT.res -plugin-opt=-pass-through=-lgcc -plugin-opt=-pass-through=-lgcc_s -plugin-opt=-pass-through=-lc -plugin-opt=-pass-through=-lgcc -plugin-opt=-pass-through=-lgcc_s --build-id --eh-frame-hdr -m elf_x86_64 --hash-style=gnu --as-needed -dynamic-linker /lib64/ld-linux-x86-64.so.2 -pie -z now -z relro -o cmTC_59bad /usr/lib/gcc/x86_64-linux-gnu/11/../../../x86_64-linux-gnu/Scrt1.o /usr/lib/gcc/x86_64-linux-gnu/11/../../../x86_64-linux-gnu/crti.o /usr/lib/gcc/x86_64-linux-gnu/11/crtbeginS.o -L/usr/lib/gcc/x86_64-linux-gnu/11 -L/usr/lib/gcc/x86_64-linux-gnu/11/../../../x86_64-linux-gnu -L/usr/lib/gcc/x86_64-linux-gnu/11/../../../../lib -L/lib/x86_64-linux-gnu -L/lib/../lib -L/usr/lib/x86_64-linux-gnu -L/usr/lib/../lib -L/usr/lib/gcc/x86_64-linux-gnu/11/../../.. CMakeFiles/cmTC_59bad.dir/CMakeCCompilerABI.c.o -lgcc --push-state --as-needed -lgcc_s --pop-state -lc -lgcc --push-state --as-needed -lgcc_s --pop-state /usr/lib/gcc/x86_64-linux-gnu/11/crtendS.o /usr/lib/gcc/x86_64-linux-gnu/11/../../../x86_64-linux-gnu/crtn.o
COLLECT_GCC_OPTIONS='-v' '-o' 'cmTC_59bad' '-mtune=generic' '-march=x86-64' '-dumpdir' 'cmTC_59bad.'
gmake[1]: Leaving directory '/home/dd/tcp-agg/ns-allinone-3.42/ns-3.42/cmake-cache/CMakeFiles/CMakeTmp'



Parsed C implicit include dir info from above output: rv=done
  found start of include info
  found start of implicit include info
    add: [/usr/lib/gcc/x86_64-linux-gnu/11/include]
    add: [/usr/local/include]
    add: [/usr/include/x86_64-linux-gnu]
    add: [/usr/include]
  end of search list found
  collapse include dir [/usr/lib/gcc/x86_64-linux-gnu/11/include] ==> [/usr/lib/gcc/x86_64-linux-gnu/11/include]
  collapse include dir [/usr/local/include] ==> [/usr/local/include]
  collapse include dir [/usr/include/x86_64-linux-gnu] ==> [/usr/include/x86_64-linux-gnu]
  collapse include dir [/usr/include] ==> [/usr/include]
  implicit include dirs: [/usr/lib/gcc/x86_64-linux-gnu/11/include;/usr/local/include;/usr/include/x86_64-linux-gnu;/usr/include]


Parsed C implicit link information from above output:
  link line regex: [^( *|.*[/\])(ld|CMAKE_LINK_STARTFILE-NOTFOUND|([^/\]+-)?ld|collect2)[^/\]*( |$)]
  ignore line: [Change Dir: /home/dd/tcp-agg/ns-allinone-3.42/ns-3.42/cmake-cache/CMakeFiles/CMakeTmp]
  ignore line: []
  ignore line: [Run Build Command(s):/bin/gmake -f Makefile cmTC_59bad/fast && /bin/gmake  -f CMakeFiles/cmTC_59bad.dir/build.make CMakeFiles/cmTC_59bad.dir/build]
  ignore line: [gmake[1]: Entering directory '/home/dd/tcp-agg/ns-allinone-3.42/ns-3.42/cmake-cache/CMakeFiles/CMakeTmp']
  ignore line: [Building C object CMakeFiles/cmTC_59bad.dir/CMakeCCompilerABI.c.o]
  ignore line: [/bin/cc   -v -o CMakeFiles/cmTC_59bad.dir/CMakeCCompilerABI.c.o -c /usr/share/cmake-3.22/Modules/CMakeCCompilerABI.c]
  ignore line: [Using built-in specs.]
  ignore line: [COLLECT_GCC=/bin/cc]
  ignore line: [OFFLOAD_TARGET_NAMES=nvptx-none:amdgcn-amdhsa]
  ignore line: [OFFLOAD_TARGET_DEFAULT=1]
  ignore line: [Target: x86_64-linux-gnu]
  ignore line: [Configured with: ../src/configure -v --with-pkgversion='Ubuntu 11.4.0-1ubuntu1~22.04' --with-bugurl=file:///usr/share/doc/gcc-11/README.Bugs --enable-languages=c ada c++ go brig d fortran objc obj-c++ m2 --prefix=/usr --with-gcc-major-version-only --program-suffix=-11 --program-prefix=x86_64-linux-gnu- --enable-shared --enable-linker-build-id --libexecdir=/usr/lib --without-included-gettext --enable-threads=posix --libdir=/usr/lib --enable-nls --enable-bootstrap --enable-clocale=gnu --enable-libstdcxx-debug --enable-libstdcxx-time=yes --with-default-libstdcxx-abi=new --enable-gnu-unique-object --disable-vtable-verify --enable-plugin --enable-default-pie --with-system-zlib --enable-libphobos-checking=release --with-target-system-zlib=auto --enable-objc-gc=auto --enable-multiarch --disable-werror --enable-cet --with-arch-32=i686 --with-abi=m64 --with-multilib-list=m32 m64 mx32 --enable-multilib --with-tune=generic --enable-offload-targets=nvptx-none=/build/gcc-11-XeT9lY/gcc-11-11.4.0/debian/tmp-nvptx/usr amdgcn-amdhsa=/build/gcc-11-XeT9lY/gcc-11-11.4.0/debian/tmp-gcn/usr --without-cuda-driver --enable-checking=release --build=x86_64-linux-gnu --host=x86_64-linux-gnu --target=x86_64-linux-gnu --with-build-config=bootstrap-lto-lean --enable-link-serialization=2]
  ignore line: [Thread model: posix]
  ignore line: [Supported LTO compression algorithms: zlib zstd]
  ignore line: [gcc version 11.4.0 (Ubuntu 11.4.0-1ubuntu1~22.04) ]
  ignore line: [COLLECT_GCC_OPTIONS='-v' '-o' 'CMakeFiles/cmTC_59bad.dir/CMakeCCompilerABI.c.o' '-c' '-mtune=generic' '-march=x86-64' '-dumpdir' 'CMakeFiles/cmTC_59bad.dir/']
  ignore line: [ /usr/lib/gcc/x86_64-linux-gnu/11/cc1 -quiet -v -imultiarch x86_64-linux-gnu /usr/share/cmake-3.22/Modules/CMakeCCompilerABI.c -quiet -dumpdir CMakeFiles/cmTC_59bad.dir/ -dumpbase CMakeCCompilerABI.c.c -dumpbase-ext .c -mtune=generic -march=x86-64 -version -fasynchronous-unwind-tables -fstack-protector-strong -Wformat -Wformat-security -fstack-clash-protection -fcf-protection -o /tmp/ccLqspID.s]
  ignore line: [GNU C17 (Ubuntu 11.4.0-1ubuntu1~22.04) version 11.4.0 (x86_64-linux-gnu)]
  ignore line: [	compiled by GNU C version 11.4.0  GMP version 6.2.1  MPFR version 4.1.0  MPC version 1.2.1  isl version isl-0.24-GMP]
  ignore line: []
  ignore line: [GGC heuristics: --param ggc-min-expand=100 --param ggc-min-heapsize=131072]
  ignore line: [ignoring nonexistent directory "/usr/local/include/x86_64-linux-gnu"]
  ignore line: [ignoring nonexistent directory "/usr/lib/gcc/x86_64-linux-gnu/11/include-fixed"]
  ignore line: [ignoring nonexistent directory "/usr/lib/gcc/x86_64-linux-gnu/11/../../../../x86_64-linux-gnu/include"]
  ignore line: [#include "..." search starts here:]
  ignore line: [#include <...> search starts here:]
  ignore line: [ /usr/lib/gcc/x86_64-linux-gnu/11/include]
  ignore line: [ /usr/local/include]
  ignore line: [ /usr/include/x86_64-linux-gnu]
  ignore line: [ /usr/include]
  ignore line: [End of search list.]
  ignore line: [GNU C17 (Ubuntu 11.4.0-1ubuntu1~22.04) version 11.4.0 (x86_64-linux-gnu)]
  ignore line: [	compiled by GNU C version 11.4.0  GMP version 6.2.1  MPFR version 4.1.0  MPC version 1.2.1  isl version isl-0.24-GMP]
  ignore line: []
  ignore line: [GGC heuristics: --param ggc-min-expand=100 --param ggc-min-heapsize=131072]
  ignore line: [Compiler executable checksum: 50eaa2331df977b8016186198deb2d18]
  ignore line: [COLLECT_GCC_OPTIONS='-v' '-o' 'CMakeFiles/cmTC_59bad.dir/CMakeCCompilerABI.c.o' '-c' '-mtune=generic' '-march=x86-64' '-dumpdir' 'CMakeFiles/cmTC_59bad.dir/']
  ignore line: [ as -v --64 -o CMakeFiles/cmTC_59bad.dir/CMakeCCompilerABI.c.o /tmp/ccLqspID.s]
  ignore line: [GNU assembler version 2.38 (x86_64-linux-gnu) using BFD version (GNU Binutils for Ubuntu) 2.38]
  ignore line: [COMPILER_PATH=/usr/lib/gcc/x86_64-linux-gnu/11/:/usr/lib/gcc/x86_64-linux-gnu/11/:/usr/lib/gcc/x86_64-linux-gnu/:/usr/lib/gcc/x86_64-linux-gnu/11/:/usr/lib/gcc/x86_64-linux-gnu/]
  ignore line: [LIBRARY_PATH=/usr/lib/gcc/x86_64-linux-gnu/11/:/usr/lib/gcc/x86_64-linux-gnu/11/../../../x86_64-linux-gnu/:/usr/lib/gcc/x86_64-linux-gnu/11/../../../../lib/:/lib/x86_64-linux-gnu/:/lib/../lib/:/usr/lib/x86_64-linux-gnu/:/usr/lib/../lib/:/usr/lib/gcc/x86_64-linux-gnu/11/../../../:/lib/:/usr/lib/]
  ignore line: [COLLECT_GCC_OPTIONS='-v' '-o' 'CMakeFiles/cmTC_59bad.dir/CMakeCCompilerABI.c.o' '-c' '-mtune=generic' '-march=x86-64' '-dumpdir' 'CMakeFiles/cmTC_59bad.dir/CMakeCCompilerABI.c.']
  ignore line: [Linking C executable cmTC_59bad]
  ignore line: [/usr/bin/cmake -E cmake_link_script CMakeFiles/cmTC_59bad.dir/link.txt --verbose=1]
  ignore line: [/bin/cc  -v CMakeFiles/cmTC_59bad.dir/CMakeCCompilerABI.c.o -o cmTC_59bad ]
  ignore line: [Using built-in specs.]
  ignore line: [COLLECT_GCC=/bin/cc]
  ignore line: [COLLECT_LTO_WRAPPER=/usr/lib/gcc/x86_64-linux-gnu/11/lto-wrapper]
  ignore line: [OFFLOAD_TARGET_NAMES=nvptx-none:amdgcn-amdhsa]
  ignore line: [OFFLOAD_TARGET_DEFAULT=1]
  ignore line: [Target: x86_64-linux-gnu]
  ignore line: [Configured with: ../src/configure -v --with-pkgversion='Ubuntu 11.4.0-1ubuntu1~22.04' --with-bugurl=file:///usr/share/doc/gcc-11/README.Bugs --enable-languages=c ada c++ go brig d fortran objc obj-c++ m2 --prefix=/usr --with-gcc-major-version-only --program-suffix=-11 --program-prefix=x86_64-linux-gnu- --enable-shared --enable-linker-build-id --libexecdir=/usr/lib --without-included-gettext --enable-threads=posix --libdir=/usr/lib --enable-nls --enable-bootstrap --enable-clocale=gnu --enable-libstdcxx-debug --enable-libstdcxx-time=yes --with-default-libstdcxx-abi=new --enable-gnu-unique-object --disable-vtable-verify --enable-plugin --enable-default-pie --with-system-zlib --enable-libphobos-checking=release --with-target-system-zlib=auto --enable-objc-gc=auto --enable-multiarch --disable-werror --enable-cet --with-arch-32=i686 --with-abi=m64 --with-multilib-list=m32 m64 mx32 --enable-multilib --with-tune=generic --enable-offload-targets=nvptx-none=/build/gcc-11-XeT9lY/gcc-11-11.4.0/debian/tmp-nvptx/usr amdgcn-amdhsa=/build/gcc-11-XeT9lY/gcc-11-11.4.0/debian/tmp-gcn/usr --without-cuda-driver --enable-checking=release --build=x86_64-linux-gnu --host=x86_64-linux-gnu --target=x86_64-linux-gnu --with-build-config=bootstrap-lto-lean --enable-link-serialization=2]
  ignore line: [Thread model: posix]
  ignore line: [Supported LTO compression algorithms: zlib zstd]
  ignore line: [gcc version 11.4.0 (Ubuntu 11.4.0-1ubuntu1~22.04) ]
  ignore line: [COMPILER_PATH=/usr/lib/gcc/x86_64-linux-gnu/11/:/usr/lib/gcc/x86_64-linux-gnu/11/:/usr/lib/gcc/x86_64-linux-gnu/:/usr/lib/gcc/x86_64-linux-gnu/11/:/usr/lib/gcc/x86_64-linux-gnu/]
  ignore line: [LIBRARY_PATH=/usr/lib/gcc/x86_64-linux-gnu/11/:/usr/lib/gcc/x86_64-linux-gnu/11/../../../x86_64-linux-gnu/:/usr/lib/gcc/x86_64-linux-gnu/11/../../../../lib/:/lib/x86_64-linux-gnu/:/lib/../lib/:/usr/lib/x86_64-linux-gnu/:/usr/lib/../lib/:/usr/lib/gcc/x86_64-linux-gnu/11/../../../:/lib/:/usr/lib/]
  ignore line: [COLLECT_GCC_OPTIONS='-v' '-o' 'cmTC_59bad' '-mtune=generic' '-march=x86-64' '-dumpdir' 'cmTC_59bad.']
  link line: [ /usr/lib/gcc/x86_64-linux-gnu/11/collect2 -plugin /usr/lib/gcc/x86_64-linux-gnu/11/liblto_plugin.so -plugin-opt=/usr/lib/gcc/x86_64-linux-gnu/11/lto-wrapper -plugin-opt=-fresolution=/tmp/ccFFXyfT.res -plugin-opt=-pass-through=-lgcc -plugin-opt=-pass-through=-lgcc_s -plugin-opt=-pass-through=-lc -plugin-opt=-pass-through=-lgcc -plugin-opt=-pass-through=-lgcc_s --build-id --eh-frame-hdr -m elf_x86_64 --hash-style=gnu --as-needed -dynamic-linker /lib64/ld-linux-x86-64.so.2 -pie -z now -z relro -o cmTC_59bad /usr/lib/gcc/x86_64-linux-gnu/11/../../../x86_64-linux-gnu/Scrt1.o /usr/lib/gcc/x86_64-linux-gnu/11/../../../x86_64-linux-gnu/crti.o /usr/lib/gcc/x86_64-linux-gnu/11/crtbeginS.o -L/usr/lib/gcc/x86_64-linux-gnu/11 -L/usr/lib/gcc/x86_64-linux-gnu/11/../../../x86_64-linux-gnu -L/usr/lib/gcc/x86_64-linux-gnu/11/../../../../lib -L/lib/x86_64-linux-gnu -L/lib/../lib -L/usr/lib/x86_64-linux-gnu -L/usr/lib/../lib -L/usr/lib/gcc/x86_64-linux-gnu/11/../../.. CMakeFiles/cmTC_59bad.dir/CMakeCCompilerABI.c.o -lgcc --push-state --as-needed -lgcc_s --pop-state -lc -lgcc --push-state --as-needed -lgcc_s --pop-state /usr/lib/gcc/x86_64-linux-gnu/11/crtendS.o /usr/lib/gcc/x86_64-linux-gnu/11/../../../x86_64-linux-gnu/crtn.o]
    arg [/usr/lib/gcc/x86_64-linux-gnu/11/collect2] ==> ignore
    arg [-plugin] ==> ignore
    arg [/usr/lib/gcc/x86_64-linux-gnu/11/liblto_plugin.so] ==> ignore
    arg [-plugin-opt=/usr/lib/gcc/x86_64-linux-gnu/11/lto-wrapper] ==> ignore
    arg [-plugin-opt=-fresolution=/tmp/ccFFXyfT.res] ==> ignore
    arg [-plugin-opt=-pass-through=-lgcc] ==> ignore
    arg [-plugin-opt=-pass-through=-lgcc_s] ==> ignore
    arg [-plugin-opt=-pass-through=-lc] ==> ignore
    arg [-plugin-opt=-pass-through=-lgcc] ==> ignore
    arg [-plugin-opt=-pass-through=-lgcc_s] ==> ignore
    arg [--build-id] ==> ignore
    arg [--eh-frame-hdr] ==> ignore
    arg [-m] ==> ignore
    arg [elf_x86_64] ==> ignore
    arg [--hash-style=gnu] ==> ignore
    arg [--as-needed] ==> ignore
    arg [-dynamic-linker] ==> ignore
    arg [/lib64/ld-linux-x86-64.so.2] ==> ignore
    arg [-pie] ==> ignore
    arg [-znow] ==> ignore
    arg [-zrelro] ==> ignore
    arg [-o] ==> ignore
    arg [cmTC_59bad] ==> ignore
    arg [/usr/lib/gcc/x86_64-linux-gnu/11/../../../x86_64-linux-gnu/Scrt1.o] ==> obj [/usr/lib/gcc/x86_64-linux-gnu/11/../../../x86_64-linux-gnu/Scrt1.o]
    arg [/usr/lib/gcc/x86_64-linux-gnu/11/../../../x86_64-linux-gnu/crti.o] ==> obj [/usr/lib/gcc/x86_64-linux-gnu/11/../../../x86_64-linux-gnu/crti.o]
    arg [/usr/lib/gcc/x86_64-linux-gnu/11/crtbeginS.o] ==> obj [/usr/lib/gcc/x86_64-linux-gnu/11/crtbeginS.o]
    arg [-L/usr/lib/gcc/x86_64-linux-gnu/11] ==> dir [/usr/lib/gcc/x86_64-linux-gnu/11]
    arg [-L/usr/lib/gcc/x86_64-linux-gnu/11/../../../x86_64-linux-gnu] ==> dir [/usr/lib/gcc/x86_64-linux-gnu/11/../../../x86_64-linux-gnu]
    arg [-L/usr/lib/gcc/x86_64-linux-gnu/11/../../../../lib] ==> dir [/usr/lib/gcc/x86_64-linux-gnu/11/../../../../lib]
    arg [-L/lib/x86_64-linux-gnu] ==> dir [/lib/x86_64-linux-gnu]
    arg [-L/lib/../lib] ==> dir [/lib/../lib]
    arg [-L/usr/lib/x86_64-linux-gnu] ==> dir [/usr/lib/x86_64-linux-gnu]
    arg [-L/usr/lib/../lib] ==> dir [/usr/lib/../lib]
    arg [-L/usr/lib/gcc/x86_64-linux-gnu/11/../../..] ==> dir [/usr/lib/gcc/x86_64-linux-gnu/11/../../..]
    arg [CMakeFiles/cmTC_59bad.dir/CMakeCCompilerABI.c.o] ==> ignore
    arg [-lgcc] ==> lib [gcc]
    arg [--push-state] ==> ignore
    arg [--as-needed] ==> ignore
    arg [-lgcc_s] ==> lib [gcc_s]
    arg [--pop-state] ==> ignore
    arg [-lc] ==> lib [c]
    arg [-lgcc] ==> lib [gcc]
    arg [--push-state] ==> ignore
    arg [--as-needed] ==> ignore
    arg [-lgcc_s] ==> lib [gcc_s]
    arg [--pop-state] ==> ignore
    arg [/usr/lib/gcc/x86_64-linux-gnu/11/crtendS.o] ==> obj [/usr/lib/gcc/x86_64-linux-gnu/11/crtendS.o]
    arg [/usr/lib/gcc/x86_64-linux-gnu/11/../../../x86_64-linux-gnu/crtn.o] ==> obj [/usr/lib/gcc/x86_64-linux-gnu/11/../../../x86_64-linux-gnu/crtn.o]
  collapse obj [/usr/lib/gcc/x86_64-linux-gnu/11/../../../x86_64-linux-gnu/Scrt1.o] ==> [/usr/lib/x86_64-linux-gnu/Scrt1.o]
  collapse obj [/usr/lib/gcc/x86_64-linux-gnu/11/../../../x86_64-linux-gnu/crti.o] ==> [/usr/lib/x86_64-linux-gnu/crti.o]
  collapse obj [/usr/lib/gcc/x86_64-linux-gnu/11/../../../x86_64-linux-gnu/crtn.o] ==> [/usr/lib/x86_64-linux-gnu/crtn.o]
  collapse library dir [/usr/lib/gcc/x86_64-linux-gnu/11] ==> [/usr/lib/gcc/x86_64-linux-gnu/11]
  collapse library dir [/usr/lib/gcc/x86_64-linux-gnu/11/../../../x86_64-linux-gnu] ==> [/usr/lib/x86_64-linux-gnu]
  collapse library dir [/usr/lib/gcc/x86_64-linux-gnu/11/../../../../lib] ==> [/usr/lib]
  collapse library dir [/lib/x86_64-linux-gnu] ==> [/lib/x86_64-linux-gnu]
  collapse library dir [/lib/../lib] ==> [/lib]
  collapse library dir [/usr/lib/x86_64-linux-gnu] ==> [/usr/lib/x86_64-linux-gnu]
  collapse library dir [/usr/lib/../lib] ==> [/usr/lib]
  collapse library dir [/usr/lib/gcc/x86_64-linux-gnu/11/../../..] ==> [/usr/lib]
  implicit libs: [gcc;gcc_s;c;gcc;gcc_s]
  implicit objs: [/usr/lib/x86_64-linux-gnu/Scrt1.o;/usr/lib/x86_64-linux-gnu/crti.o;/usr/lib/gcc/x86_64-linux-gnu/11/crtbeginS.o;/usr/lib/gcc/x86_64-linux-gnu/11/crtendS.o;/usr/lib/x86_64-linux-gnu/crtn.o]
  implicit dirs: [/usr/lib/gcc/x86_64-linux-gnu/11;/usr/lib/x86_64-linux-gnu;/usr/lib;/lib/x86_64-linux-gnu;/lib]
  implicit fwks: []


Performing C++ SOURCE FILE Test GCC_WORKING_PEDANTIC_SEMICOLON succeeded with the following output:
Change Dir: /home/dd/tcp-agg/ns-allinone-3.42/ns-3.42/cmake-cache/CMakeFiles/CMakeTmp

Run Build Command(s):/bin/gmake -f Makefile cmTC_2a68d/fast && /bin/gmake  -f CMakeFiles/cmTC_2a68d.dir/build.make CMakeFiles/cmTC_2a68d.dir/build
gmake[1]: Entering directory '/home/dd/tcp-agg/ns-allinone-3.42/ns-3.42/cmake-cache/CMakeFiles/CMakeTmp'
Building CXX object CMakeFiles/cmTC_2a68d.dir/src.cxx.o
/bin/c++ -DGCC_WORKING_PEDANTIC_SEMICOLON  -Wall -Wpedantic -Werror -fPIE -o CMakeFiles/cmTC_2a68d.dir/src.cxx.o -c /home/dd/tcp-agg/ns-allinone-3.42/ns-3.42/cmake-cache/CMakeFiles/CMakeTmp/src.cxx
Linking CXX executable cmTC_2a68d
/usr/bin/cmake -E cmake_link_script CMakeFiles/cmTC_2a68d.dir/link.txt --verbose=1
/bin/c++  -Wall -Wpedantic -Werror CMakeFiles/cmTC_2a68d.dir/src.cxx.o -o cmTC_2a68d 
gmake[1]: Leaving directory '/home/dd/tcp-agg/ns-allinone-3.42/ns-3.42/cmake-cache/CMakeFiles/CMakeTmp'


Source file was:

      int test(){ return 0; };
      int main(){
        return test();
      }
  
Determining if the include file pthread.h exists passed with the following output:
Change Dir: /home/dd/tcp-agg/ns-allinone-3.42/ns-3.42/cmake-cache/CMakeFiles/CMakeTmp

Run Build Command(s):/bin/gmake -f Makefile cmTC_27bf9/fast && /bin/gmake  -f CMakeFiles/cmTC_27bf9.dir/build.make CMakeFiles/cmTC_27bf9.dir/build
gmake[1]: Entering directory '/home/dd/tcp-agg/ns-allinone-3.42/ns-3.42/cmake-cache/CMakeFiles/CMakeTmp'
Building C object CMakeFiles/cmTC_27bf9.dir/CheckIncludeFile.c.o
/bin/cc   -fPIE -o CMakeFiles/cmTC_27bf9.dir/CheckIncludeFile.c.o -c /home/dd/tcp-agg/ns-allinone-3.42/ns-3.42/cmake-cache/CMakeFiles/CMakeTmp/CheckIncludeFile.c
Linking C executable cmTC_27bf9
/usr/bin/cmake -E cmake_link_script CMakeFiles/cmTC_27bf9.dir/link.txt --verbose=1
/bin/cc CMakeFiles/cmTC_27bf9.dir/CheckIncludeFile.c.o -o cmTC_27bf9 
gmake[1]: Leaving directory '/home/dd/tcp-agg/ns-allinone-3.42/ns-3.42/cmake-cache/CMakeFiles/CMakeTmp'



Performing C SOURCE FILE Test CMAKE_HAVE_LIBC_PTHREAD succeeded with the following output:
Change Dir: /home/dd/tcp-agg/ns-allinone-3.42/ns-3.42/cmake-cache/CMakeFiles/CMakeTmp

Run Build Command(s):/bin/gmake -f Makefile cmTC_cb2ab/fast && /bin/gmake  -f CMakeFiles/cmTC_cb2ab.dir/build.make CMakeFiles/cmTC_cb2ab.dir/build
gmake[1]: Entering directory '/home/dd/tcp-agg/ns-allinone-3.42/ns-3.42/cmake-cache/CMakeFiles/CMakeTmp'
Building C object CMakeFiles/cmTC_cb2ab.dir/src.c.o
/bin/cc -DCMAKE_HAVE_LIBC_PTHREAD  -fPIE -o CMakeFiles/cmTC_cb2ab.dir/src.c.o -c /home/dd/tcp-agg/ns-allinone-3.42/ns-3.42/cmake-cache/CMakeFiles/CMakeTmp/src.c
Linking C executable cmTC_cb2ab
/usr/bin/cmake -E cmake_link_script CMakeFiles/cmTC_cb2ab.dir/link.txt --verbose=1
/bin/cc CMakeFiles/cmTC_cb2ab.dir/src.c.o -o cmTC_cb2ab 
gmake[1]: Leaving directory '/home/dd/tcp-agg/ns-allinone-3.42/ns-3.42/cmake-cache/CMakeFiles/CMakeTmp'


Source file was:
#include <pthread.h>

static void* test_func(void* data)
{
  return data;
}

int main(void)
{
  pthread_t thread;
  pthread_create(&thread, NULL, test_func, NULL);
  pthread_detach(thread);
  pthread_cancel(thread);
  pthread_join(thread, NULL);
  pthread_atfork(NULL, NULL, NULL);
  pthread_exit(NULL);

  return 0;
}

Performing C++ SOURCE FILE Test HAVE___UINT128_T succeeded with the following output:
Change Dir: /home/dd/tcp-agg/ns-allinone-3.42/ns-3.42/cmake-cache/CMakeFiles/CMakeTmp

Run Build Command(s):/bin/gmake -f Makefile cmTC_82024/fast && /bin/gmake  -f CMakeFiles/cmTC_82024.dir/build.make CMakeFiles/cmTC_82024.dir/build
gmake[1]: Entering directory '/home/dd/tcp-agg/ns-allinone-3.42/ns-3.42/cmake-cache/CMakeFiles/CMakeTmp'
Building CXX object CMakeFiles/cmTC_82024.dir/src.cxx.o
/bin/c++ -DHAVE___UINT128_T  -fPIE -std=c++20 -o CMakeFiles/cmTC_82024.dir/src.cxx.o -c /home/dd/tcp-agg/ns-allinone-3.42/ns-3.42/cmake-cache/CMakeFiles/CMakeTmp/src.cxx
Linking CXX executable cmTC_82024
/usr/bin/cmake -E cmake_link_script CMakeFiles/cmTC_82024.dir/link.txt --verbose=1
/bin/c++ CMakeFiles/cmTC_82024.dir/src.cxx.o -o cmTC_82024 
gmake[1]: Leaving directory '/home/dd/tcp-agg/ns-allinone-3.42/ns-3.42/cmake-cache/CMakeFiles/CMakeTmp'


Source file was:
#include <stdint.h>
       int main()
         {
           if ((__uint128_t *) 0) return 0;
           if (sizeof (__uint128_t)) return 0;
           return 1;
        }
Determining if the include file stdint.h exists passed with the following output:
Change Dir: /home/dd/tcp-agg/ns-allinone-3.42/ns-3.42/cmake-cache/CMakeFiles/CMakeTmp

Run Build Command(s):/bin/gmake -f Makefile cmTC_70cba/fast && /bin/gmake  -f CMakeFiles/cmTC_70cba.dir/build.make CMakeFiles/cmTC_70cba.dir/build
gmake[1]: Entering directory '/home/dd/tcp-agg/ns-allinone-3.42/ns-3.42/cmake-cache/CMakeFiles/CMakeTmp'
Building C object CMakeFiles/cmTC_70cba.dir/CheckIncludeFile.c.o
/bin/cc   -fPIE -o CMakeFiles/cmTC_70cba.dir/CheckIncludeFile.c.o -c /home/dd/tcp-agg/ns-allinone-3.42/ns-3.42/cmake-cache/CMakeFiles/CMakeTmp/CheckIncludeFile.c
Linking C executable cmTC_70cba
/usr/bin/cmake -E cmake_link_script CMakeFiles/cmTC_70cba.dir/link.txt --verbose=1
/bin/cc CMakeFiles/cmTC_70cba.dir/CheckIncludeFile.c.o -o cmTC_70cba 
gmake[1]: Leaving directory '/home/dd/tcp-agg/ns-allinone-3.42/ns-3.42/cmake-cache/CMakeFiles/CMakeTmp'



Determining if the include file inttypes.h exists passed with the following output:
Change Dir: /home/dd/tcp-agg/ns-allinone-3.42/ns-3.42/cmake-cache/CMakeFiles/CMakeTmp

Run Build Command(s):/bin/gmake -f Makefile cmTC_8c520/fast && /bin/gmake  -f CMakeFiles/cmTC_8c520.dir/build.make CMakeFiles/cmTC_8c520.dir/build
gmake[1]: Entering directory '/home/dd/tcp-agg/ns-allinone-3.42/ns-3.42/cmake-cache/CMakeFiles/CMakeTmp'
Building C object CMakeFiles/cmTC_8c520.dir/CheckIncludeFile.c.o
/bin/cc   -fPIE -o CMakeFiles/cmTC_8c520.dir/CheckIncludeFile.c.o -c /home/dd/tcp-agg/ns-allinone-3.42/ns-3.42/cmake-cache/CMakeFiles/CMakeTmp/CheckIncludeFile.c
Linking C executable cmTC_8c520
/usr/bin/cmake -E cmake_link_script CMakeFiles/cmTC_8c520.dir/link.txt --verbose=1
/bin/cc CMakeFiles/cmTC_8c520.dir/CheckIncludeFile.c.o -o cmTC_8c520 
gmake[1]: Leaving directory '/home/dd/tcp-agg/ns-allinone-3.42/ns-3.42/cmake-cache/CMakeFiles/CMakeTmp'



Determining if the include file sys/types.h exists passed with the following output:
Change Dir: /home/dd/tcp-agg/ns-allinone-3.42/ns-3.42/cmake-cache/CMakeFiles/CMakeTmp

Run Build Command(s):/bin/gmake -f Makefile cmTC_5029a/fast && /bin/gmake  -f CMakeFiles/cmTC_5029a.dir/build.make CMakeFiles/cmTC_5029a.dir/build
gmake[1]: Entering directory '/home/dd/tcp-agg/ns-allinone-3.42/ns-3.42/cmake-cache/CMakeFiles/CMakeTmp'
Building C object CMakeFiles/cmTC_5029a.dir/CheckIncludeFile.c.o
/bin/cc   -fPIE -o CMakeFiles/cmTC_5029a.dir/CheckIncludeFile.c.o -c /home/dd/tcp-agg/ns-allinone-3.42/ns-3.42/cmake-cache/CMakeFiles/CMakeTmp/CheckIncludeFile.c
Linking C executable cmTC_5029a
/usr/bin/cmake -E cmake_link_script CMakeFiles/cmTC_5029a.dir/link.txt --verbose=1
/bin/cc CMakeFiles/cmTC_5029a.dir/CheckIncludeFile.c.o -o cmTC_5029a 
gmake[1]: Leaving directory '/home/dd/tcp-agg/ns-allinone-3.42/ns-3.42/cmake-cache/CMakeFiles/CMakeTmp'



Determining if the include file sys/stat.h exists passed with the following output:
Change Dir: /home/dd/tcp-agg/ns-allinone-3.42/ns-3.42/cmake-cache/CMakeFiles/CMakeTmp

Run Build Command(s):/bin/gmake -f Makefile cmTC_7730b/fast && /bin/gmake  -f CMakeFiles/cmTC_7730b.dir/build.make CMakeFiles/cmTC_7730b.dir/build
gmake[1]: Entering directory '/home/dd/tcp-agg/ns-allinone-3.42/ns-3.42/cmake-cache/CMakeFiles/CMakeTmp'
Building C object CMakeFiles/cmTC_7730b.dir/CheckIncludeFile.c.o
/bin/cc   -fPIE -o CMakeFiles/cmTC_7730b.dir/CheckIncludeFile.c.o -c /home/dd/tcp-agg/ns-allinone-3.42/ns-3.42/cmake-cache/CMakeFiles/CMakeTmp/CheckIncludeFile.c
Linking C executable cmTC_7730b
/usr/bin/cmake -E cmake_link_script CMakeFiles/cmTC_7730b.dir/link.txt --verbose=1
/bin/cc CMakeFiles/cmTC_7730b.dir/CheckIncludeFile.c.o -o cmTC_7730b 
gmake[1]: Leaving directory '/home/dd/tcp-agg/ns-allinone-3.42/ns-3.42/cmake-cache/CMakeFiles/CMakeTmp'



Determining if the include file dirent.h exists passed with the following output:
Change Dir: /home/dd/tcp-agg/ns-allinone-3.42/ns-3.42/cmake-cache/CMakeFiles/CMakeTmp

Run Build Command(s):/bin/gmake -f Makefile cmTC_8ed9f/fast && /bin/gmake  -f CMakeFiles/cmTC_8ed9f.dir/build.make CMakeFiles/cmTC_8ed9f.dir/build
gmake[1]: Entering directory '/home/dd/tcp-agg/ns-allinone-3.42/ns-3.42/cmake-cache/CMakeFiles/CMakeTmp'
Building C object CMakeFiles/cmTC_8ed9f.dir/CheckIncludeFile.c.o
/bin/cc   -fPIE -o CMakeFiles/cmTC_8ed9f.dir/CheckIncludeFile.c.o -c /home/dd/tcp-agg/ns-allinone-3.42/ns-3.42/cmake-cache/CMakeFiles/CMakeTmp/CheckIncludeFile.c
Linking C executable cmTC_8ed9f
/usr/bin/cmake -E cmake_link_script CMakeFiles/cmTC_8ed9f.dir/link.txt --verbose=1
/bin/cc CMakeFiles/cmTC_8ed9f.dir/CheckIncludeFile.c.o -o cmTC_8ed9f 
gmake[1]: Leaving directory '/home/dd/tcp-agg/ns-allinone-3.42/ns-3.42/cmake-cache/CMakeFiles/CMakeTmp'



Determining if the include file stdlib.h exists passed with the following output:
Change Dir: /home/dd/tcp-agg/ns-allinone-3.42/ns-3.42/cmake-cache/CMakeFiles/CMakeTmp

Run Build Command(s):/bin/gmake -f Makefile cmTC_8f449/fast && /bin/gmake  -f CMakeFiles/cmTC_8f449.dir/build.make CMakeFiles/cmTC_8f449.dir/build
gmake[1]: Entering directory '/home/dd/tcp-agg/ns-allinone-3.42/ns-3.42/cmake-cache/CMakeFiles/CMakeTmp'
Building C object CMakeFiles/cmTC_8f449.dir/CheckIncludeFile.c.o
/bin/cc   -fPIE -o CMakeFiles/cmTC_8f449.dir/CheckIncludeFile.c.o -c /home/dd/tcp-agg/ns-allinone-3.42/ns-3.42/cmake-cache/CMakeFiles/CMakeTmp/CheckIncludeFile.c
Linking C executable cmTC_8f449
/usr/bin/cmake -E cmake_link_script CMakeFiles/cmTC_8f449.dir/link.txt --verbose=1
/bin/cc CMakeFiles/cmTC_8f449.dir/CheckIncludeFile.c.o -o cmTC_8f449 
gmake[1]: Leaving directory '/home/dd/tcp-agg/ns-allinone-3.42/ns-3.42/cmake-cache/CMakeFiles/CMakeTmp'



Determining if the include file signal.h exists passed with the following output:
Change Dir: /home/dd/tcp-agg/ns-allinone-3.42/ns-3.42/cmake-cache/CMakeFiles/CMakeTmp

Run Build Command(s):/bin/gmake -f Makefile cmTC_62087/fast && /bin/gmake  -f CMakeFiles/cmTC_62087.dir/build.make CMakeFiles/cmTC_62087.dir/build
gmake[1]: Entering directory '/home/dd/tcp-agg/ns-allinone-3.42/ns-3.42/cmake-cache/CMakeFiles/CMakeTmp'
Building C object CMakeFiles/cmTC_62087.dir/CheckIncludeFile.c.o
/bin/cc   -fPIE -o CMakeFiles/cmTC_62087.dir/CheckIncludeFile.c.o -c /home/dd/tcp-agg/ns-allinone-3.42/ns-3.42/cmake-cache/CMakeFiles/CMakeTmp/CheckIncludeFile.c
Linking C executable cmTC_62087
/usr/bin/cmake -E cmake_link_script CMakeFiles/cmTC_62087.dir/link.txt --verbose=1
/bin/cc CMakeFiles/cmTC_62087.dir/CheckIncludeFile.c.o -o cmTC_62087 
gmake[1]: Leaving directory '/home/dd/tcp-agg/ns-allinone-3.42/ns-3.42/cmake-cache/CMakeFiles/CMakeTmp'



Determining if the include file netpacket/packet.h exists passed with the following output:
Change Dir: /home/dd/tcp-agg/ns-allinone-3.42/ns-3.42/cmake-cache/CMakeFiles/CMakeTmp

Run Build Command(s):/bin/gmake -f Makefile cmTC_2978c/fast && /bin/gmake  -f CMakeFiles/cmTC_2978c.dir/build.make CMakeFiles/cmTC_2978c.dir/build
gmake[1]: Entering directory '/home/dd/tcp-agg/ns-allinone-3.42/ns-3.42/cmake-cache/CMakeFiles/CMakeTmp'
Building C object CMakeFiles/cmTC_2978c.dir/CheckIncludeFile.c.o
/bin/cc   -fPIE -o CMakeFiles/cmTC_2978c.dir/CheckIncludeFile.c.o -c /home/dd/tcp-agg/ns-allinone-3.42/ns-3.42/cmake-cache/CMakeFiles/CMakeTmp/CheckIncludeFile.c
Linking C executable cmTC_2978c
/usr/bin/cmake -E cmake_link_script CMakeFiles/cmTC_2978c.dir/link.txt --verbose=1
/bin/cc CMakeFiles/cmTC_2978c.dir/CheckIncludeFile.c.o -o cmTC_2978c 
gmake[1]: Leaving directory '/home/dd/tcp-agg/ns-allinone-3.42/ns-3.42/cmake-cache/CMakeFiles/CMakeTmp'



Determining if the function getenv exists passed with the following output:
Change Dir: /home/dd/tcp-agg/ns-allinone-3.42/ns-3.42/cmake-cache/CMakeFiles/CMakeTmp

Run Build Command(s):/bin/gmake -f Makefile cmTC_28473/fast && /bin/gmake  -f CMakeFiles/cmTC_28473.dir/build.make CMakeFiles/cmTC_28473.dir/build
gmake[1]: Entering directory '/home/dd/tcp-agg/ns-allinone-3.42/ns-3.42/cmake-cache/CMakeFiles/CMakeTmp'
Building C object CMakeFiles/cmTC_28473.dir/CheckFunctionExists.c.o
/bin/cc   -DCHECK_FUNCTION_EXISTS=getenv -fPIE -o CMakeFiles/cmTC_28473.dir/CheckFunctionExists.c.o -c /usr/share/cmake-3.22/Modules/CheckFunctionExists.c
Linking C executable cmTC_28473
/usr/bin/cmake -E cmake_link_script CMakeFiles/cmTC_28473.dir/link.txt --verbose=1
/bin/cc  -DCHECK_FUNCTION_EXISTS=getenv CMakeFiles/cmTC_28473.dir/CheckFunctionExists.c.o -o cmTC_28473 
gmake[1]: Leaving directory '/home/dd/tcp-agg/ns-allinone-3.42/ns-3.42/cmake-cache/CMakeFiles/CMakeTmp'



Performing C++ SOURCE FILE Test HAVE_STD_BESSEL_FUNC succeeded with the following output:
Change Dir: /home/dd/tcp-agg/ns-allinone-3.42/ns-3.42/cmake-cache/CMakeFiles/CMakeTmp

Run Build Command(s):/bin/gmake -f Makefile cmTC_4baa5/fast && /bin/gmake  -f CMakeFiles/cmTC_4baa5.dir/build.make CMakeFiles/cmTC_4baa5.dir/build
gmake[1]: Entering directory '/home/dd/tcp-agg/ns-allinone-3.42/ns-3.42/cmake-cache/CMakeFiles/CMakeTmp'
Building CXX object CMakeFiles/cmTC_4baa5.dir/src.cxx.o
/bin/c++ -DHAVE_STD_BESSEL_FUNC  -fPIE -std=c++20 -o CMakeFiles/cmTC_4baa5.dir/src.cxx.o -c /home/dd/tcp-agg/ns-allinone-3.42/ns-3.42/cmake-cache/CMakeFiles/CMakeTmp/src.cxx
Linking CXX executable cmTC_4baa5
/usr/bin/cmake -E cmake_link_script CMakeFiles/cmTC_4baa5.dir/link.txt --verbose=1
/bin/c++ CMakeFiles/cmTC_4baa5.dir/src.cxx.o -o cmTC_4baa5 
gmake[1]: Leaving directory '/home/dd/tcp-agg/ns-allinone-3.42/ns-3.42/cmake-cache/CMakeFiles/CMakeTmp'


Source file was:
#include <cmath>
    int main()
    {
      return std::cyl_bessel_j(1, 1);
    }
Determining if files boost/units/quantity.hpp;boost/units/systems/si.hpp exist passed with the following output:
Change Dir: /home/dd/tcp-agg/ns-allinone-3.42/ns-3.42/cmake-cache/CMakeFiles/CMakeTmp

Run Build Command(s):/bin/gmake -f Makefile cmTC_c46b3/fast && /bin/gmake  -f CMakeFiles/cmTC_c46b3.dir/build.make CMakeFiles/cmTC_c46b3.dir/build
gmake[1]: Entering directory '/home/dd/tcp-agg/ns-allinone-3.42/ns-3.42/cmake-cache/CMakeFiles/CMakeTmp'
Building CXX object CMakeFiles/cmTC_c46b3.dir/HAVE_BOOST_UNITS.cpp.o
/bin/c++   -fPIE -std=c++20 -o CMakeFiles/cmTC_c46b3.dir/HAVE_BOOST_UNITS.cpp.o -c /home/dd/tcp-agg/ns-allinone-3.42/ns-3.42/cmake-cache/CMakeFiles/CheckIncludeFiles/HAVE_BOOST_UNITS.cpp
Linking CXX executable cmTC_c46b3
/usr/bin/cmake -E cmake_link_script CMakeFiles/cmTC_c46b3.dir/link.txt --verbose=1
/bin/c++ CMakeFiles/cmTC_c46b3.dir/HAVE_BOOST_UNITS.cpp.o -o cmTC_c46b3 
gmake[1]: Leaving directory '/home/dd/tcp-agg/ns-allinone-3.42/ns-3.42/cmake-cache/CMakeFiles/CMakeTmp'



Determining if the include file net/ethernet.h exists passed with the following output:
Change Dir: /home/dd/tcp-agg/ns-allinone-3.42/ns-3.42/cmake-cache/CMakeFiles/CMakeTmp

Run Build Command(s):/bin/gmake -f Makefile cmTC_b7e3c/fast && /bin/gmake  -f CMakeFiles/cmTC_b7e3c.dir/build.make CMakeFiles/cmTC_b7e3c.dir/build
gmake[1]: Entering directory '/home/dd/tcp-agg/ns-allinone-3.42/ns-3.42/cmake-cache/CMakeFiles/CMakeTmp'
Building C object CMakeFiles/cmTC_b7e3c.dir/CheckIncludeFile.c.o
/bin/cc   -fPIE -o CMakeFiles/cmTC_b7e3c.dir/CheckIncludeFile.c.o -c /home/dd/tcp-agg/ns-allinone-3.42/ns-3.42/cmake-cache/CMakeFiles/CMakeTmp/CheckIncludeFile.c
Linking C executable cmTC_b7e3c
/usr/bin/cmake -E cmake_link_script CMakeFiles/cmTC_b7e3c.dir/link.txt --verbose=1
/bin/cc CMakeFiles/cmTC_b7e3c.dir/CheckIncludeFile.c.o -o cmTC_b7e3c 
gmake[1]: Leaving directory '/home/dd/tcp-agg/ns-allinone-3.42/ns-3.42/cmake-cache/CMakeFiles/CMakeTmp'



Determining if the include file netpacket/packet.h exists passed with the following output:
Change Dir: /home/dd/tcp-agg/ns-allinone-3.42/ns-3.42/cmake-cache/CMakeFiles/CMakeTmp

Run Build Command(s):/bin/gmake -f Makefile cmTC_f21ce/fast && /bin/gmake  -f CMakeFiles/cmTC_f21ce.dir/build.make CMakeFiles/cmTC_f21ce.dir/build
gmake[1]: Entering directory '/home/dd/tcp-agg/ns-allinone-3.42/ns-3.42/cmake-cache/CMakeFiles/CMakeTmp'
Building C object CMakeFiles/cmTC_f21ce.dir/CheckIncludeFile.c.o
/bin/cc   -fPIE -o CMakeFiles/cmTC_f21ce.dir/CheckIncludeFile.c.o -c /home/dd/tcp-agg/ns-allinone-3.42/ns-3.42/cmake-cache/CMakeFiles/CMakeTmp/CheckIncludeFile.c
Linking C executable cmTC_f21ce
/usr/bin/cmake -E cmake_link_script CMakeFiles/cmTC_f21ce.dir/link.txt --verbose=1
/bin/cc CMakeFiles/cmTC_f21ce.dir/CheckIncludeFile.c.o -o cmTC_f21ce 
gmake[1]: Leaving directory '/home/dd/tcp-agg/ns-allinone-3.42/ns-3.42/cmake-cache/CMakeFiles/CMakeTmp'



Determining if the include file net/if.h exists passed with the following output:
Change Dir: /home/dd/tcp-agg/ns-allinone-3.42/ns-3.42/cmake-cache/CMakeFiles/CMakeTmp

Run Build Command(s):/bin/gmake -f Makefile cmTC_4ac5a/fast && /bin/gmake  -f CMakeFiles/cmTC_4ac5a.dir/build.make CMakeFiles/cmTC_4ac5a.dir/build
gmake[1]: Entering directory '/home/dd/tcp-agg/ns-allinone-3.42/ns-3.42/cmake-cache/CMakeFiles/CMakeTmp'
Building C object CMakeFiles/cmTC_4ac5a.dir/CheckIncludeFile.c.o
/bin/cc   -fPIE -o CMakeFiles/cmTC_4ac5a.dir/CheckIncludeFile.c.o -c /home/dd/tcp-agg/ns-allinone-3.42/ns-3.42/cmake-cache/CMakeFiles/CMakeTmp/CheckIncludeFile.c
Linking C executable cmTC_4ac5a
/usr/bin/cmake -E cmake_link_script CMakeFiles/cmTC_4ac5a.dir/link.txt --verbose=1
/bin/cc CMakeFiles/cmTC_4ac5a.dir/CheckIncludeFile.c.o -o cmTC_4ac5a 
gmake[1]: Leaving directory '/home/dd/tcp-agg/ns-allinone-3.42/ns-3.42/cmake-cache/CMakeFiles/CMakeTmp'



Determining if the include file linux/if_tun.h exists passed with the following output:
Change Dir: /home/dd/tcp-agg/ns-allinone-3.42/ns-3.42/cmake-cache/CMakeFiles/CMakeTmp

Run Build Command(s):/bin/gmake -f Makefile cmTC_649b7/fast && /bin/gmake  -f CMakeFiles/cmTC_649b7.dir/build.make CMakeFiles/cmTC_649b7.dir/build
gmake[1]: Entering directory '/home/dd/tcp-agg/ns-allinone-3.42/ns-3.42/cmake-cache/CMakeFiles/CMakeTmp'
Building C object CMakeFiles/cmTC_649b7.dir/CheckIncludeFile.c.o
/bin/cc   -fPIE -o CMakeFiles/cmTC_649b7.dir/CheckIncludeFile.c.o -c /home/dd/tcp-agg/ns-allinone-3.42/ns-3.42/cmake-cache/CMakeFiles/CMakeTmp/CheckIncludeFile.c
Linking C executable cmTC_649b7
/usr/bin/cmake -E cmake_link_script CMakeFiles/cmTC_649b7.dir/link.txt --verbose=1
/bin/cc CMakeFiles/cmTC_649b7.dir/CheckIncludeFile.c.o -o cmTC_649b7 
gmake[1]: Leaving directory '/home/dd/tcp-agg/ns-allinone-3.42/ns-3.42/cmake-cache/CMakeFiles/CMakeTmp'



Determining if the include file net/netmap_user.h exists passed with the following output:
Change Dir: /home/dd/tcp-agg/ns-allinone-3.42/ns-3.42/cmake-cache/CMakeFiles/CMakeTmp

Run Build Command(s):/bin/gmake -f Makefile cmTC_5baac/fast && /bin/gmake  -f CMakeFiles/cmTC_5baac.dir/build.make CMakeFiles/cmTC_5baac.dir/build
gmake[1]: Entering directory '/home/dd/tcp-agg/ns-allinone-3.42/ns-3.42/cmake-cache/CMakeFiles/CMakeTmp'
Building C object CMakeFiles/cmTC_5baac.dir/CheckIncludeFile.c.o
/bin/cc   -fPIE -o CMakeFiles/cmTC_5baac.dir/CheckIncludeFile.c.o -c /home/dd/tcp-agg/ns-allinone-3.42/ns-3.42/cmake-cache/CMakeFiles/CMakeTmp/CheckIncludeFile.c
Linking C executable cmTC_5baac
/usr/bin/cmake -E cmake_link_script CMakeFiles/cmTC_5baac.dir/link.txt --verbose=1
/bin/cc CMakeFiles/cmTC_5baac.dir/CheckIncludeFile.c.o -o cmTC_5baac 
gmake[1]: Leaving directory '/home/dd/tcp-agg/ns-allinone-3.42/ns-3.42/cmake-cache/CMakeFiles/CMakeTmp'



Determining if the include file sys/ioctl.h exists passed with the following output:
Change Dir: /home/dd/tcp-agg/ns-allinone-3.42/ns-3.42/cmake-cache/CMakeFiles/CMakeTmp

Run Build Command(s):/bin/gmake -f Makefile cmTC_8bf90/fast && /bin/gmake  -f CMakeFiles/cmTC_8bf90.dir/build.make CMakeFiles/cmTC_8bf90.dir/build
gmake[1]: Entering directory '/home/dd/tcp-agg/ns-allinone-3.42/ns-3.42/cmake-cache/CMakeFiles/CMakeTmp'
Building C object CMakeFiles/cmTC_8bf90.dir/CheckIncludeFile.c.o
/bin/cc   -fPIE -o CMakeFiles/cmTC_8bf90.dir/CheckIncludeFile.c.o -c /home/dd/tcp-agg/ns-allinone-3.42/ns-3.42/cmake-cache/CMakeFiles/CMakeTmp/CheckIncludeFile.c
Linking C executable cmTC_8bf90
/usr/bin/cmake -E cmake_link_script CMakeFiles/cmTC_8bf90.dir/link.txt --verbose=1
/bin/cc CMakeFiles/cmTC_8bf90.dir/CheckIncludeFile.c.o -o cmTC_8bf90 
gmake[1]: Leaving directory '/home/dd/tcp-agg/ns-allinone-3.42/ns-3.42/cmake-cache/CMakeFiles/CMakeTmp'



