The system is: Linux - 5.15.0-131-generic - x86_64
Compiling the CXX compiler identification source file "CMakeCXXCompilerId.cpp" succeeded.
Compiler: /usr/bin/g++-9 
Build flags: 
Id flags:  

The output was:
0


Compilation of the CXX compiler identification source "CMakeCXXCompilerId.cpp" produced "a.out"

The CXX compiler identification is GNU, found in "/home/dd/tcp-agg/ns-allinone-3.42/ns-3.42/build/CMakeFiles/3.22.1/CompilerIdCXX/a.out"

Compiling the C compiler identification source file "CMakeCCompilerId.c" succeeded.
Compiler: /usr/bin/gcc-9 
Build flags: 
Id flags:  

The output was:
0


Compilation of the C compiler identification source "CMakeCCompilerId.c" produced "a.out"

The C compiler identification is GNU, found in "/home/dd/tcp-agg/ns-allinone-3.42/ns-3.42/build/CMakeFiles/3.22.1/CompilerIdC/a.out"

Detecting CXX compiler ABI info compiled with the following output:
Change Dir: /home/dd/tcp-agg/ns-allinone-3.42/ns-3.42/build/CMakeFiles/CMakeTmp

Run Build Command(s):/usr/bin/gmake -f Makefile cmTC_fc0d2/fast && /usr/bin/gmake  -f CMakeFiles/cmTC_fc0d2.dir/build.make CMakeFiles/cmTC_fc0d2.dir/build
gmake[1]: Entering directory '/home/dd/tcp-agg/ns-allinone-3.42/ns-3.42/build/CMakeFiles/CMakeTmp'
Building CXX object CMakeFiles/cmTC_fc0d2.dir/CMakeCXXCompilerABI.cpp.o
/usr/bin/g++-9   -v -o CMakeFiles/cmTC_fc0d2.dir/CMakeCXXCompilerABI.cpp.o -c /usr/share/cmake-3.22/Modules/CMakeCXXCompilerABI.cpp
Using built-in specs.
COLLECT_GCC=/usr/bin/g++-9
OFFLOAD_TARGET_NAMES=nvptx-none:hsa
OFFLOAD_TARGET_DEFAULT=1
Target: x86_64-linux-gnu
Configured with: ../src/configure -v --with-pkgversion='Ubuntu 9.5.0-1ubuntu1~22.04' --with-bugurl=file:///usr/share/doc/gcc-9/README.Bugs --enable-languages=c,ada,c++,go,brig,d,fortran,objc,obj-c++,gm2 --prefix=/usr --with-gcc-major-version-only --program-suffix=-9 --program-prefix=x86_64-linux-gnu- --enable-shared --enable-linker-build-id --libexecdir=/usr/lib --without-included-gettext --enable-threads=posix --libdir=/usr/lib --enable-nls --enable-bootstrap --enable-clocale=gnu --enable-libstdcxx-debug --enable-libstdcxx-time=yes --with-default-libstdcxx-abi=new --enable-gnu-unique-object --disable-vtable-verify --enable-plugin --enable-default-pie --with-system-zlib --with-target-system-zlib=auto --enable-objc-gc=auto --enable-multiarch --disable-werror --with-arch-32=i686 --with-abi=m64 --with-multilib-list=m32,m64,mx32 --enable-multilib --with-tune=generic --enable-offload-targets=nvptx-none=/build/gcc-9-5Q4PKF/gcc-9-9.5.0/debian/tmp-nvptx/usr,hsa --without-cuda-driver --enable-checking=release --build=x86_64-linux-gnu --host=x86_64-linux-gnu --target=x86_64-linux-gnu --with-build-config=bootstrap-lto-lean --enable-link-mutex
Thread model: posix
gcc version 9.5.0 (Ubuntu 9.5.0-1ubuntu1~22.04) 
COLLECT_GCC_OPTIONS='-v' '-o' 'CMakeFiles/cmTC_fc0d2.dir/CMakeCXXCompilerABI.cpp.o' '-c' '-shared-libgcc' '-mtune=generic' '-march=x86-64'
 /usr/lib/gcc/x86_64-linux-gnu/9/cc1plus -quiet -v -imultiarch x86_64-linux-gnu -D_GNU_SOURCE /usr/share/cmake-3.22/Modules/CMakeCXXCompilerABI.cpp -quiet -dumpbase CMakeCXXCompilerABI.cpp -mtune=generic -march=x86-64 -auxbase-strip CMakeFiles/cmTC_fc0d2.dir/CMakeCXXCompilerABI.cpp.o -version -fasynchronous-unwind-tables -fstack-protector-strong -Wformat -Wformat-security -fstack-clash-protection -fcf-protection -o /tmp/ccCr1QLp.s
GNU C++14 (Ubuntu 9.5.0-1ubuntu1~22.04) version 9.5.0 (x86_64-linux-gnu)
	compiled by GNU C version 9.5.0, GMP version 6.2.1, MPFR version 4.1.0, MPC version 1.2.1, isl version isl-0.24-GMP

GGC heuristics: --param ggc-min-expand=100 --param ggc-min-heapsize=131072
ignoring duplicate directory "/usr/include/x86_64-linux-gnu/c++/9"
ignoring nonexistent directory "/usr/local/include/x86_64-linux-gnu"
ignoring nonexistent directory "/usr/lib/gcc/x86_64-linux-gnu/9/include-fixed"
ignoring nonexistent directory "/usr/lib/gcc/x86_64-linux-gnu/9/../../../../x86_64-linux-gnu/include"
#include "..." search starts here:
#include <...> search starts here:
 /usr/include/c++/9
 /usr/include/x86_64-linux-gnu/c++/9
 /usr/include/c++/9/backward
 /usr/lib/gcc/x86_64-linux-gnu/9/include
 /usr/local/include
 /usr/include/x86_64-linux-gnu
 /usr/include
End of search list.
GNU C++14 (Ubuntu 9.5.0-1ubuntu1~22.04) version 9.5.0 (x86_64-linux-gnu)
	compiled by GNU C version 9.5.0, GMP version 6.2.1, MPFR version 4.1.0, MPC version 1.2.1, isl version isl-0.24-GMP

GGC heuristics: --param ggc-min-expand=100 --param ggc-min-heapsize=131072
Compiler executable checksum: 092909160e28bd24f51a09482980c4ba
COLLECT_GCC_OPTIONS='-v' '-o' 'CMakeFiles/cmTC_fc0d2.dir/CMakeCXXCompilerABI.cpp.o' '-c' '-shared-libgcc' '-mtune=generic' '-march=x86-64'
 as -v --64 -o CMakeFiles/cmTC_fc0d2.dir/CMakeCXXCompilerABI.cpp.o /tmp/ccCr1QLp.s
GNU assembler version 2.38 (x86_64-linux-gnu) using BFD version (GNU Binutils for Ubuntu) 2.38
COMPILER_PATH=/usr/lib/gcc/x86_64-linux-gnu/9/:/usr/lib/gcc/x86_64-linux-gnu/9/:/usr/lib/gcc/x86_64-linux-gnu/:/usr/lib/gcc/x86_64-linux-gnu/9/:/usr/lib/gcc/x86_64-linux-gnu/
LIBRARY_PATH=/usr/lib/gcc/x86_64-linux-gnu/9/:/usr/lib/gcc/x86_64-linux-gnu/9/../../../x86_64-linux-gnu/:/usr/lib/gcc/x86_64-linux-gnu/9/../../../../lib/:/lib/x86_64-linux-gnu/:/lib/../lib/:/usr/lib/x86_64-linux-gnu/:/usr/lib/../lib/:/usr/lib/gcc/x86_64-linux-gnu/9/../../../:/lib/:/usr/lib/
COLLECT_GCC_OPTIONS='-v' '-o' 'CMakeFiles/cmTC_fc0d2.dir/CMakeCXXCompilerABI.cpp.o' '-c' '-shared-libgcc' '-mtune=generic' '-march=x86-64'
Linking CXX executable cmTC_fc0d2
/usr/bin/cmake -E cmake_link_script CMakeFiles/cmTC_fc0d2.dir/link.txt --verbose=1
/usr/bin/g++-9  -v CMakeFiles/cmTC_fc0d2.dir/CMakeCXXCompilerABI.cpp.o -o cmTC_fc0d2 
Using built-in specs.
COLLECT_GCC=/usr/bin/g++-9
COLLECT_LTO_WRAPPER=/usr/lib/gcc/x86_64-linux-gnu/9/lto-wrapper
OFFLOAD_TARGET_NAMES=nvptx-none:hsa
OFFLOAD_TARGET_DEFAULT=1
Target: x86_64-linux-gnu
Configured with: ../src/configure -v --with-pkgversion='Ubuntu 9.5.0-1ubuntu1~22.04' --with-bugurl=file:///usr/share/doc/gcc-9/README.Bugs --enable-languages=c,ada,c++,go,brig,d,fortran,objc,obj-c++,gm2 --prefix=/usr --with-gcc-major-version-only --program-suffix=-9 --program-prefix=x86_64-linux-gnu- --enable-shared --enable-linker-build-id --libexecdir=/usr/lib --without-included-gettext --enable-threads=posix --libdir=/usr/lib --enable-nls --enable-bootstrap --enable-clocale=gnu --enable-libstdcxx-debug --enable-libstdcxx-time=yes --with-default-libstdcxx-abi=new --enable-gnu-unique-object --disable-vtable-verify --enable-plugin --enable-default-pie --with-system-zlib --with-target-system-zlib=auto --enable-objc-gc=auto --enable-multiarch --disable-werror --with-arch-32=i686 --with-abi=m64 --with-multilib-list=m32,m64,mx32 --enable-multilib --with-tune=generic --enable-offload-targets=nvptx-none=/build/gcc-9-5Q4PKF/gcc-9-9.5.0/debian/tmp-nvptx/usr,hsa --without-cuda-driver --enable-checking=release --build=x86_64-linux-gnu --host=x86_64-linux-gnu --target=x86_64-linux-gnu --with-build-config=bootstrap-lto-lean --enable-link-mutex
Thread model: posix
gcc version 9.5.0 (Ubuntu 9.5.0-1ubuntu1~22.04) 
COMPILER_PATH=/usr/lib/gcc/x86_64-linux-gnu/9/:/usr/lib/gcc/x86_64-linux-gnu/9/:/usr/lib/gcc/x86_64-linux-gnu/:/usr/lib/gcc/x86_64-linux-gnu/9/:/usr/lib/gcc/x86_64-linux-gnu/
LIBRARY_PATH=/usr/lib/gcc/x86_64-linux-gnu/9/:/usr/lib/gcc/x86_64-linux-gnu/9/../../../x86_64-linux-gnu/:/usr/lib/gcc/x86_64-linux-gnu/9/../../../../lib/:/lib/x86_64-linux-gnu/:/lib/../lib/:/usr/lib/x86_64-linux-gnu/:/usr/lib/../lib/:/usr/lib/gcc/x86_64-linux-gnu/9/../../../:/lib/:/usr/lib/
COLLECT_GCC_OPTIONS='-v' '-o' 'cmTC_fc0d2' '-shared-libgcc' '-mtune=generic' '-march=x86-64'
 /usr/lib/gcc/x86_64-linux-gnu/9/collect2 -plugin /usr/lib/gcc/x86_64-linux-gnu/9/liblto_plugin.so -plugin-opt=/usr/lib/gcc/x86_64-linux-gnu/9/lto-wrapper -plugin-opt=-fresolution=/tmp/cc6HgMxS.res -plugin-opt=-pass-through=-lgcc_s -plugin-opt=-pass-through=-lgcc -plugin-opt=-pass-through=-lc -plugin-opt=-pass-through=-lgcc_s -plugin-opt=-pass-through=-lgcc --build-id --eh-frame-hdr -m elf_x86_64 --hash-style=gnu --as-needed -dynamic-linker /lib64/ld-linux-x86-64.so.2 -pie -z now -z relro -o cmTC_fc0d2 /usr/lib/gcc/x86_64-linux-gnu/9/../../../x86_64-linux-gnu/Scrt1.o /usr/lib/gcc/x86_64-linux-gnu/9/../../../x86_64-linux-gnu/crti.o /usr/lib/gcc/x86_64-linux-gnu/9/crtbeginS.o -L/usr/lib/gcc/x86_64-linux-gnu/9 -L/usr/lib/gcc/x86_64-linux-gnu/9/../../../x86_64-linux-gnu -L/usr/lib/gcc/x86_64-linux-gnu/9/../../../../lib -L/lib/x86_64-linux-gnu -L/lib/../lib -L/usr/lib/x86_64-linux-gnu -L/usr/lib/../lib -L/usr/lib/gcc/x86_64-linux-gnu/9/../../.. CMakeFiles/cmTC_fc0d2.dir/CMakeCXXCompilerABI.cpp.o -lstdc++ -lm -lgcc_s -lgcc -lc -lgcc_s -lgcc /usr/lib/gcc/x86_64-linux-gnu/9/crtendS.o /usr/lib/gcc/x86_64-linux-gnu/9/../../../x86_64-linux-gnu/crtn.o
COLLECT_GCC_OPTIONS='-v' '-o' 'cmTC_fc0d2' '-shared-libgcc' '-mtune=generic' '-march=x86-64'
gmake[1]: Leaving directory '/home/dd/tcp-agg/ns-allinone-3.42/ns-3.42/build/CMakeFiles/CMakeTmp'



Parsed CXX implicit include dir info from above output: rv=done
  found start of include info
  found start of implicit include info
    add: [/usr/include/c++/9]
    add: [/usr/include/x86_64-linux-gnu/c++/9]
    add: [/usr/include/c++/9/backward]
    add: [/usr/lib/gcc/x86_64-linux-gnu/9/include]
    add: [/usr/local/include]
    add: [/usr/include/x86_64-linux-gnu]
    add: [/usr/include]
  end of search list found
  collapse include dir [/usr/include/c++/9] ==> [/usr/include/c++/9]
  collapse include dir [/usr/include/x86_64-linux-gnu/c++/9] ==> [/usr/include/x86_64-linux-gnu/c++/9]
  collapse include dir [/usr/include/c++/9/backward] ==> [/usr/include/c++/9/backward]
  collapse include dir [/usr/lib/gcc/x86_64-linux-gnu/9/include] ==> [/usr/lib/gcc/x86_64-linux-gnu/9/include]
  collapse include dir [/usr/local/include] ==> [/usr/local/include]
  collapse include dir [/usr/include/x86_64-linux-gnu] ==> [/usr/include/x86_64-linux-gnu]
  collapse include dir [/usr/include] ==> [/usr/include]
  implicit include dirs: [/usr/include/c++/9;/usr/include/x86_64-linux-gnu/c++/9;/usr/include/c++/9/backward;/usr/lib/gcc/x86_64-linux-gnu/9/include;/usr/local/include;/usr/include/x86_64-linux-gnu;/usr/include]


Parsed CXX implicit link information from above output:
  link line regex: [^( *|.*[/\])(ld|CMAKE_LINK_STARTFILE-NOTFOUND|([^/\]+-)?ld|collect2)[^/\]*( |$)]
  ignore line: [Change Dir: /home/dd/tcp-agg/ns-allinone-3.42/ns-3.42/build/CMakeFiles/CMakeTmp]
  ignore line: []
  ignore line: [Run Build Command(s):/usr/bin/gmake -f Makefile cmTC_fc0d2/fast && /usr/bin/gmake  -f CMakeFiles/cmTC_fc0d2.dir/build.make CMakeFiles/cmTC_fc0d2.dir/build]
  ignore line: [gmake[1]: Entering directory '/home/dd/tcp-agg/ns-allinone-3.42/ns-3.42/build/CMakeFiles/CMakeTmp']
  ignore line: [Building CXX object CMakeFiles/cmTC_fc0d2.dir/CMakeCXXCompilerABI.cpp.o]
  ignore line: [/usr/bin/g++-9   -v -o CMakeFiles/cmTC_fc0d2.dir/CMakeCXXCompilerABI.cpp.o -c /usr/share/cmake-3.22/Modules/CMakeCXXCompilerABI.cpp]
  ignore line: [Using built-in specs.]
  ignore line: [COLLECT_GCC=/usr/bin/g++-9]
  ignore line: [OFFLOAD_TARGET_NAMES=nvptx-none:hsa]
  ignore line: [OFFLOAD_TARGET_DEFAULT=1]
  ignore line: [Target: x86_64-linux-gnu]
  ignore line: [Configured with: ../src/configure -v --with-pkgversion='Ubuntu 9.5.0-1ubuntu1~22.04' --with-bugurl=file:///usr/share/doc/gcc-9/README.Bugs --enable-languages=c ada c++ go brig d fortran objc obj-c++ gm2 --prefix=/usr --with-gcc-major-version-only --program-suffix=-9 --program-prefix=x86_64-linux-gnu- --enable-shared --enable-linker-build-id --libexecdir=/usr/lib --without-included-gettext --enable-threads=posix --libdir=/usr/lib --enable-nls --enable-bootstrap --enable-clocale=gnu --enable-libstdcxx-debug --enable-libstdcxx-time=yes --with-default-libstdcxx-abi=new --enable-gnu-unique-object --disable-vtable-verify --enable-plugin --enable-default-pie --with-system-zlib --with-target-system-zlib=auto --enable-objc-gc=auto --enable-multiarch --disable-werror --with-arch-32=i686 --with-abi=m64 --with-multilib-list=m32 m64 mx32 --enable-multilib --with-tune=generic --enable-offload-targets=nvptx-none=/build/gcc-9-5Q4PKF/gcc-9-9.5.0/debian/tmp-nvptx/usr hsa --without-cuda-driver --enable-checking=release --build=x86_64-linux-gnu --host=x86_64-linux-gnu --target=x86_64-linux-gnu --with-build-config=bootstrap-lto-lean --enable-link-mutex]
  ignore line: [Thread model: posix]
  ignore line: [gcc version 9.5.0 (Ubuntu 9.5.0-1ubuntu1~22.04) ]
  ignore line: [COLLECT_GCC_OPTIONS='-v' '-o' 'CMakeFiles/cmTC_fc0d2.dir/CMakeCXXCompilerABI.cpp.o' '-c' '-shared-libgcc' '-mtune=generic' '-march=x86-64']
  ignore line: [ /usr/lib/gcc/x86_64-linux-gnu/9/cc1plus -quiet -v -imultiarch x86_64-linux-gnu -D_GNU_SOURCE /usr/share/cmake-3.22/Modules/CMakeCXXCompilerABI.cpp -quiet -dumpbase CMakeCXXCompilerABI.cpp -mtune=generic -march=x86-64 -auxbase-strip CMakeFiles/cmTC_fc0d2.dir/CMakeCXXCompilerABI.cpp.o -version -fasynchronous-unwind-tables -fstack-protector-strong -Wformat -Wformat-security -fstack-clash-protection -fcf-protection -o /tmp/ccCr1QLp.s]
  ignore line: [GNU C++14 (Ubuntu 9.5.0-1ubuntu1~22.04) version 9.5.0 (x86_64-linux-gnu)]
  ignore line: [	compiled by GNU C version 9.5.0  GMP version 6.2.1  MPFR version 4.1.0  MPC version 1.2.1  isl version isl-0.24-GMP]
  ignore line: []
  ignore line: [GGC heuristics: --param ggc-min-expand=100 --param ggc-min-heapsize=131072]
  ignore line: [ignoring duplicate directory "/usr/include/x86_64-linux-gnu/c++/9"]
  ignore line: [ignoring nonexistent directory "/usr/local/include/x86_64-linux-gnu"]
  ignore line: [ignoring nonexistent directory "/usr/lib/gcc/x86_64-linux-gnu/9/include-fixed"]
  ignore line: [ignoring nonexistent directory "/usr/lib/gcc/x86_64-linux-gnu/9/../../../../x86_64-linux-gnu/include"]
  ignore line: [#include "..." search starts here:]
  ignore line: [#include <...> search starts here:]
  ignore line: [ /usr/include/c++/9]
  ignore line: [ /usr/include/x86_64-linux-gnu/c++/9]
  ignore line: [ /usr/include/c++/9/backward]
  ignore line: [ /usr/lib/gcc/x86_64-linux-gnu/9/include]
  ignore line: [ /usr/local/include]
  ignore line: [ /usr/include/x86_64-linux-gnu]
  ignore line: [ /usr/include]
  ignore line: [End of search list.]
  ignore line: [GNU C++14 (Ubuntu 9.5.0-1ubuntu1~22.04) version 9.5.0 (x86_64-linux-gnu)]
  ignore line: [	compiled by GNU C version 9.5.0  GMP version 6.2.1  MPFR version 4.1.0  MPC version 1.2.1  isl version isl-0.24-GMP]
  ignore line: []
  ignore line: [GGC heuristics: --param ggc-min-expand=100 --param ggc-min-heapsize=131072]
  ignore line: [Compiler executable checksum: 092909160e28bd24f51a09482980c4ba]
  ignore line: [COLLECT_GCC_OPTIONS='-v' '-o' 'CMakeFiles/cmTC_fc0d2.dir/CMakeCXXCompilerABI.cpp.o' '-c' '-shared-libgcc' '-mtune=generic' '-march=x86-64']
  ignore line: [ as -v --64 -o CMakeFiles/cmTC_fc0d2.dir/CMakeCXXCompilerABI.cpp.o /tmp/ccCr1QLp.s]
  ignore line: [GNU assembler version 2.38 (x86_64-linux-gnu) using BFD version (GNU Binutils for Ubuntu) 2.38]
  ignore line: [COMPILER_PATH=/usr/lib/gcc/x86_64-linux-gnu/9/:/usr/lib/gcc/x86_64-linux-gnu/9/:/usr/lib/gcc/x86_64-linux-gnu/:/usr/lib/gcc/x86_64-linux-gnu/9/:/usr/lib/gcc/x86_64-linux-gnu/]
  ignore line: [LIBRARY_PATH=/usr/lib/gcc/x86_64-linux-gnu/9/:/usr/lib/gcc/x86_64-linux-gnu/9/../../../x86_64-linux-gnu/:/usr/lib/gcc/x86_64-linux-gnu/9/../../../../lib/:/lib/x86_64-linux-gnu/:/lib/../lib/:/usr/lib/x86_64-linux-gnu/:/usr/lib/../lib/:/usr/lib/gcc/x86_64-linux-gnu/9/../../../:/lib/:/usr/lib/]
  ignore line: [COLLECT_GCC_OPTIONS='-v' '-o' 'CMakeFiles/cmTC_fc0d2.dir/CMakeCXXCompilerABI.cpp.o' '-c' '-shared-libgcc' '-mtune=generic' '-march=x86-64']
  ignore line: [Linking CXX executable cmTC_fc0d2]
  ignore line: [/usr/bin/cmake -E cmake_link_script CMakeFiles/cmTC_fc0d2.dir/link.txt --verbose=1]
  ignore line: [/usr/bin/g++-9  -v CMakeFiles/cmTC_fc0d2.dir/CMakeCXXCompilerABI.cpp.o -o cmTC_fc0d2 ]
  ignore line: [Using built-in specs.]
  ignore line: [COLLECT_GCC=/usr/bin/g++-9]
  ignore line: [COLLECT_LTO_WRAPPER=/usr/lib/gcc/x86_64-linux-gnu/9/lto-wrapper]
  ignore line: [OFFLOAD_TARGET_NAMES=nvptx-none:hsa]
  ignore line: [OFFLOAD_TARGET_DEFAULT=1]
  ignore line: [Target: x86_64-linux-gnu]
  ignore line: [Configured with: ../src/configure -v --with-pkgversion='Ubuntu 9.5.0-1ubuntu1~22.04' --with-bugurl=file:///usr/share/doc/gcc-9/README.Bugs --enable-languages=c ada c++ go brig d fortran objc obj-c++ gm2 --prefix=/usr --with-gcc-major-version-only --program-suffix=-9 --program-prefix=x86_64-linux-gnu- --enable-shared --enable-linker-build-id --libexecdir=/usr/lib --without-included-gettext --enable-threads=posix --libdir=/usr/lib --enable-nls --enable-bootstrap --enable-clocale=gnu --enable-libstdcxx-debug --enable-libstdcxx-time=yes --with-default-libstdcxx-abi=new --enable-gnu-unique-object --disable-vtable-verify --enable-plugin --enable-default-pie --with-system-zlib --with-target-system-zlib=auto --enable-objc-gc=auto --enable-multiarch --disable-werror --with-arch-32=i686 --with-abi=m64 --with-multilib-list=m32 m64 mx32 --enable-multilib --with-tune=generic --enable-offload-targets=nvptx-none=/build/gcc-9-5Q4PKF/gcc-9-9.5.0/debian/tmp-nvptx/usr hsa --without-cuda-driver --enable-checking=release --build=x86_64-linux-gnu --host=x86_64-linux-gnu --target=x86_64-linux-gnu --with-build-config=bootstrap-lto-lean --enable-link-mutex]
  ignore line: [Thread model: posix]
  ignore line: [gcc version 9.5.0 (Ubuntu 9.5.0-1ubuntu1~22.04) ]
  ignore line: [COMPILER_PATH=/usr/lib/gcc/x86_64-linux-gnu/9/:/usr/lib/gcc/x86_64-linux-gnu/9/:/usr/lib/gcc/x86_64-linux-gnu/:/usr/lib/gcc/x86_64-linux-gnu/9/:/usr/lib/gcc/x86_64-linux-gnu/]
  ignore line: [LIBRARY_PATH=/usr/lib/gcc/x86_64-linux-gnu/9/:/usr/lib/gcc/x86_64-linux-gnu/9/../../../x86_64-linux-gnu/:/usr/lib/gcc/x86_64-linux-gnu/9/../../../../lib/:/lib/x86_64-linux-gnu/:/lib/../lib/:/usr/lib/x86_64-linux-gnu/:/usr/lib/../lib/:/usr/lib/gcc/x86_64-linux-gnu/9/../../../:/lib/:/usr/lib/]
  ignore line: [COLLECT_GCC_OPTIONS='-v' '-o' 'cmTC_fc0d2' '-shared-libgcc' '-mtune=generic' '-march=x86-64']
  link line: [ /usr/lib/gcc/x86_64-linux-gnu/9/collect2 -plugin /usr/lib/gcc/x86_64-linux-gnu/9/liblto_plugin.so -plugin-opt=/usr/lib/gcc/x86_64-linux-gnu/9/lto-wrapper -plugin-opt=-fresolution=/tmp/cc6HgMxS.res -plugin-opt=-pass-through=-lgcc_s -plugin-opt=-pass-through=-lgcc -plugin-opt=-pass-through=-lc -plugin-opt=-pass-through=-lgcc_s -plugin-opt=-pass-through=-lgcc --build-id --eh-frame-hdr -m elf_x86_64 --hash-style=gnu --as-needed -dynamic-linker /lib64/ld-linux-x86-64.so.2 -pie -z now -z relro -o cmTC_fc0d2 /usr/lib/gcc/x86_64-linux-gnu/9/../../../x86_64-linux-gnu/Scrt1.o /usr/lib/gcc/x86_64-linux-gnu/9/../../../x86_64-linux-gnu/crti.o /usr/lib/gcc/x86_64-linux-gnu/9/crtbeginS.o -L/usr/lib/gcc/x86_64-linux-gnu/9 -L/usr/lib/gcc/x86_64-linux-gnu/9/../../../x86_64-linux-gnu -L/usr/lib/gcc/x86_64-linux-gnu/9/../../../../lib -L/lib/x86_64-linux-gnu -L/lib/../lib -L/usr/lib/x86_64-linux-gnu -L/usr/lib/../lib -L/usr/lib/gcc/x86_64-linux-gnu/9/../../.. CMakeFiles/cmTC_fc0d2.dir/CMakeCXXCompilerABI.cpp.o -lstdc++ -lm -lgcc_s -lgcc -lc -lgcc_s -lgcc /usr/lib/gcc/x86_64-linux-gnu/9/crtendS.o /usr/lib/gcc/x86_64-linux-gnu/9/../../../x86_64-linux-gnu/crtn.o]
    arg [/usr/lib/gcc/x86_64-linux-gnu/9/collect2] ==> ignore
    arg [-plugin] ==> ignore
    arg [/usr/lib/gcc/x86_64-linux-gnu/9/liblto_plugin.so] ==> ignore
    arg [-plugin-opt=/usr/lib/gcc/x86_64-linux-gnu/9/lto-wrapper] ==> ignore
    arg [-plugin-opt=-fresolution=/tmp/cc6HgMxS.res] ==> ignore
    arg [-plugin-opt=-pass-through=-lgcc_s] ==> ignore
    arg [-plugin-opt=-pass-through=-lgcc] ==> ignore
    arg [-plugin-opt=-pass-through=-lc] ==> ignore
    arg [-plugin-opt=-pass-through=-lgcc_s] ==> ignore
    arg [-plugin-opt=-pass-through=-lgcc] ==> ignore
    arg [--build-id] ==> ignore
    arg [--eh-frame-hdr] ==> ignore
    arg [-m] ==> ignore
    arg [elf_x86_64] ==> ignore
    arg [--hash-style=gnu] ==> ignore
    arg [--as-needed] ==> ignore
    arg [-dynamic-linker] ==> ignore
    arg [/lib64/ld-linux-x86-64.so.2] ==> ignore
    arg [-pie] ==> ignore
    arg [-znow] ==> ignore
    arg [-zrelro] ==> ignore
    arg [-o] ==> ignore
    arg [cmTC_fc0d2] ==> ignore
    arg [/usr/lib/gcc/x86_64-linux-gnu/9/../../../x86_64-linux-gnu/Scrt1.o] ==> obj [/usr/lib/gcc/x86_64-linux-gnu/9/../../../x86_64-linux-gnu/Scrt1.o]
    arg [/usr/lib/gcc/x86_64-linux-gnu/9/../../../x86_64-linux-gnu/crti.o] ==> obj [/usr/lib/gcc/x86_64-linux-gnu/9/../../../x86_64-linux-gnu/crti.o]
    arg [/usr/lib/gcc/x86_64-linux-gnu/9/crtbeginS.o] ==> obj [/usr/lib/gcc/x86_64-linux-gnu/9/crtbeginS.o]
    arg [-L/usr/lib/gcc/x86_64-linux-gnu/9] ==> dir [/usr/lib/gcc/x86_64-linux-gnu/9]
    arg [-L/usr/lib/gcc/x86_64-linux-gnu/9/../../../x86_64-linux-gnu] ==> dir [/usr/lib/gcc/x86_64-linux-gnu/9/../../../x86_64-linux-gnu]
    arg [-L/usr/lib/gcc/x86_64-linux-gnu/9/../../../../lib] ==> dir [/usr/lib/gcc/x86_64-linux-gnu/9/../../../../lib]
    arg [-L/lib/x86_64-linux-gnu] ==> dir [/lib/x86_64-linux-gnu]
    arg [-L/lib/../lib] ==> dir [/lib/../lib]
    arg [-L/usr/lib/x86_64-linux-gnu] ==> dir [/usr/lib/x86_64-linux-gnu]
    arg [-L/usr/lib/../lib] ==> dir [/usr/lib/../lib]
    arg [-L/usr/lib/gcc/x86_64-linux-gnu/9/../../..] ==> dir [/usr/lib/gcc/x86_64-linux-gnu/9/../../..]
    arg [CMakeFiles/cmTC_fc0d2.dir/CMakeCXXCompilerABI.cpp.o] ==> ignore
    arg [-lstdc++] ==> lib [stdc++]
    arg [-lm] ==> lib [m]
    arg [-lgcc_s] ==> lib [gcc_s]
    arg [-lgcc] ==> lib [gcc]
    arg [-lc] ==> lib [c]
    arg [-lgcc_s] ==> lib [gcc_s]
    arg [-lgcc] ==> lib [gcc]
    arg [/usr/lib/gcc/x86_64-linux-gnu/9/crtendS.o] ==> obj [/usr/lib/gcc/x86_64-linux-gnu/9/crtendS.o]
    arg [/usr/lib/gcc/x86_64-linux-gnu/9/../../../x86_64-linux-gnu/crtn.o] ==> obj [/usr/lib/gcc/x86_64-linux-gnu/9/../../../x86_64-linux-gnu/crtn.o]
  collapse obj [/usr/lib/gcc/x86_64-linux-gnu/9/../../../x86_64-linux-gnu/Scrt1.o] ==> [/usr/lib/x86_64-linux-gnu/Scrt1.o]
  collapse obj [/usr/lib/gcc/x86_64-linux-gnu/9/../../../x86_64-linux-gnu/crti.o] ==> [/usr/lib/x86_64-linux-gnu/crti.o]
  collapse obj [/usr/lib/gcc/x86_64-linux-gnu/9/../../../x86_64-linux-gnu/crtn.o] ==> [/usr/lib/x86_64-linux-gnu/crtn.o]
  collapse library dir [/usr/lib/gcc/x86_64-linux-gnu/9] ==> [/usr/lib/gcc/x86_64-linux-gnu/9]
  collapse library dir [/usr/lib/gcc/x86_64-linux-gnu/9/../../../x86_64-linux-gnu] ==> [/usr/lib/x86_64-linux-gnu]
  collapse library dir [/usr/lib/gcc/x86_64-linux-gnu/9/../../../../lib] ==> [/usr/lib]
  collapse library dir [/lib/x86_64-linux-gnu] ==> [/lib/x86_64-linux-gnu]
  collapse library dir [/lib/../lib] ==> [/lib]
  collapse library dir [/usr/lib/x86_64-linux-gnu] ==> [/usr/lib/x86_64-linux-gnu]
  collapse library dir [/usr/lib/../lib] ==> [/usr/lib]
  collapse library dir [/usr/lib/gcc/x86_64-linux-gnu/9/../../..] ==> [/usr/lib]
  implicit libs: [stdc++;m;gcc_s;gcc;c;gcc_s;gcc]
  implicit objs: [/usr/lib/x86_64-linux-gnu/Scrt1.o;/usr/lib/x86_64-linux-gnu/crti.o;/usr/lib/gcc/x86_64-linux-gnu/9/crtbeginS.o;/usr/lib/gcc/x86_64-linux-gnu/9/crtendS.o;/usr/lib/x86_64-linux-gnu/crtn.o]
  implicit dirs: [/usr/lib/gcc/x86_64-linux-gnu/9;/usr/lib/x86_64-linux-gnu;/usr/lib;/lib/x86_64-linux-gnu;/lib]
  implicit fwks: []


Detecting C compiler ABI info compiled with the following output:
Change Dir: /home/dd/tcp-agg/ns-allinone-3.42/ns-3.42/build/CMakeFiles/CMakeTmp

Run Build Command(s):/usr/bin/gmake -f Makefile cmTC_1a07b/fast && /usr/bin/gmake  -f CMakeFiles/cmTC_1a07b.dir/build.make CMakeFiles/cmTC_1a07b.dir/build
gmake[1]: Entering directory '/home/dd/tcp-agg/ns-allinone-3.42/ns-3.42/build/CMakeFiles/CMakeTmp'
Building C object CMakeFiles/cmTC_1a07b.dir/CMakeCCompilerABI.c.o
/usr/bin/gcc-9   -v -o CMakeFiles/cmTC_1a07b.dir/CMakeCCompilerABI.c.o -c /usr/share/cmake-3.22/Modules/CMakeCCompilerABI.c
Using built-in specs.
COLLECT_GCC=/usr/bin/gcc-9
OFFLOAD_TARGET_NAMES=nvptx-none:hsa
OFFLOAD_TARGET_DEFAULT=1
Target: x86_64-linux-gnu
Configured with: ../src/configure -v --with-pkgversion='Ubuntu 9.5.0-1ubuntu1~22.04' --with-bugurl=file:///usr/share/doc/gcc-9/README.Bugs --enable-languages=c,ada,c++,go,brig,d,fortran,objc,obj-c++,gm2 --prefix=/usr --with-gcc-major-version-only --program-suffix=-9 --program-prefix=x86_64-linux-gnu- --enable-shared --enable-linker-build-id --libexecdir=/usr/lib --without-included-gettext --enable-threads=posix --libdir=/usr/lib --enable-nls --enable-bootstrap --enable-clocale=gnu --enable-libstdcxx-debug --enable-libstdcxx-time=yes --with-default-libstdcxx-abi=new --enable-gnu-unique-object --disable-vtable-verify --enable-plugin --enable-default-pie --with-system-zlib --with-target-system-zlib=auto --enable-objc-gc=auto --enable-multiarch --disable-werror --with-arch-32=i686 --with-abi=m64 --with-multilib-list=m32,m64,mx32 --enable-multilib --with-tune=generic --enable-offload-targets=nvptx-none=/build/gcc-9-5Q4PKF/gcc-9-9.5.0/debian/tmp-nvptx/usr,hsa --without-cuda-driver --enable-checking=release --build=x86_64-linux-gnu --host=x86_64-linux-gnu --target=x86_64-linux-gnu --with-build-config=bootstrap-lto-lean --enable-link-mutex
Thread model: posix
gcc version 9.5.0 (Ubuntu 9.5.0-1ubuntu1~22.04) 
COLLECT_GCC_OPTIONS='-v' '-o' 'CMakeFiles/cmTC_1a07b.dir/CMakeCCompilerABI.c.o' '-c' '-mtune=generic' '-march=x86-64'
 /usr/lib/gcc/x86_64-linux-gnu/9/cc1 -quiet -v -imultiarch x86_64-linux-gnu /usr/share/cmake-3.22/Modules/CMakeCCompilerABI.c -quiet -dumpbase CMakeCCompilerABI.c -mtune=generic -march=x86-64 -auxbase-strip CMakeFiles/cmTC_1a07b.dir/CMakeCCompilerABI.c.o -version -fasynchronous-unwind-tables -fstack-protector-strong -Wformat -Wformat-security -fstack-clash-protection -fcf-protection -o /tmp/ccEA6SQA.s
GNU C17 (Ubuntu 9.5.0-1ubuntu1~22.04) version 9.5.0 (x86_64-linux-gnu)
	compiled by GNU C version 9.5.0, GMP version 6.2.1, MPFR version 4.1.0, MPC version 1.2.1, isl version isl-0.24-GMP

GGC heuristics: --param ggc-min-expand=100 --param ggc-min-heapsize=131072
ignoring nonexistent directory "/usr/local/include/x86_64-linux-gnu"
ignoring nonexistent directory "/usr/lib/gcc/x86_64-linux-gnu/9/include-fixed"
ignoring nonexistent directory "/usr/lib/gcc/x86_64-linux-gnu/9/../../../../x86_64-linux-gnu/include"
#include "..." search starts here:
#include <...> search starts here:
 /usr/lib/gcc/x86_64-linux-gnu/9/include
 /usr/local/include
 /usr/include/x86_64-linux-gnu
 /usr/include
End of search list.
GNU C17 (Ubuntu 9.5.0-1ubuntu1~22.04) version 9.5.0 (x86_64-linux-gnu)
	compiled by GNU C version 9.5.0, GMP version 6.2.1, MPFR version 4.1.0, MPC version 1.2.1, isl version isl-0.24-GMP

GGC heuristics: --param ggc-min-expand=100 --param ggc-min-heapsize=131072
Compiler executable checksum: c06b418b6d49939739c4e6ad993cce11
COLLECT_GCC_OPTIONS='-v' '-o' 'CMakeFiles/cmTC_1a07b.dir/CMakeCCompilerABI.c.o' '-c' '-mtune=generic' '-march=x86-64'
 as -v --64 -o CMakeFiles/cmTC_1a07b.dir/CMakeCCompilerABI.c.o /tmp/ccEA6SQA.s
GNU assembler version 2.38 (x86_64-linux-gnu) using BFD version (GNU Binutils for Ubuntu) 2.38
COMPILER_PATH=/usr/lib/gcc/x86_64-linux-gnu/9/:/usr/lib/gcc/x86_64-linux-gnu/9/:/usr/lib/gcc/x86_64-linux-gnu/:/usr/lib/gcc/x86_64-linux-gnu/9/:/usr/lib/gcc/x86_64-linux-gnu/
LIBRARY_PATH=/usr/lib/gcc/x86_64-linux-gnu/9/:/usr/lib/gcc/x86_64-linux-gnu/9/../../../x86_64-linux-gnu/:/usr/lib/gcc/x86_64-linux-gnu/9/../../../../lib/:/lib/x86_64-linux-gnu/:/lib/../lib/:/usr/lib/x86_64-linux-gnu/:/usr/lib/../lib/:/usr/lib/gcc/x86_64-linux-gnu/9/../../../:/lib/:/usr/lib/
COLLECT_GCC_OPTIONS='-v' '-o' 'CMakeFiles/cmTC_1a07b.dir/CMakeCCompilerABI.c.o' '-c' '-mtune=generic' '-march=x86-64'
Linking C executable cmTC_1a07b
/usr/bin/cmake -E cmake_link_script CMakeFiles/cmTC_1a07b.dir/link.txt --verbose=1
/usr/bin/gcc-9  -v CMakeFiles/cmTC_1a07b.dir/CMakeCCompilerABI.c.o -o cmTC_1a07b 
Using built-in specs.
COLLECT_GCC=/usr/bin/gcc-9
COLLECT_LTO_WRAPPER=/usr/lib/gcc/x86_64-linux-gnu/9/lto-wrapper
OFFLOAD_TARGET_NAMES=nvptx-none:hsa
OFFLOAD_TARGET_DEFAULT=1
Target: x86_64-linux-gnu
Configured with: ../src/configure -v --with-pkgversion='Ubuntu 9.5.0-1ubuntu1~22.04' --with-bugurl=file:///usr/share/doc/gcc-9/README.Bugs --enable-languages=c,ada,c++,go,brig,d,fortran,objc,obj-c++,gm2 --prefix=/usr --with-gcc-major-version-only --program-suffix=-9 --program-prefix=x86_64-linux-gnu- --enable-shared --enable-linker-build-id --libexecdir=/usr/lib --without-included-gettext --enable-threads=posix --libdir=/usr/lib --enable-nls --enable-bootstrap --enable-clocale=gnu --enable-libstdcxx-debug --enable-libstdcxx-time=yes --with-default-libstdcxx-abi=new --enable-gnu-unique-object --disable-vtable-verify --enable-plugin --enable-default-pie --with-system-zlib --with-target-system-zlib=auto --enable-objc-gc=auto --enable-multiarch --disable-werror --with-arch-32=i686 --with-abi=m64 --with-multilib-list=m32,m64,mx32 --enable-multilib --with-tune=generic --enable-offload-targets=nvptx-none=/build/gcc-9-5Q4PKF/gcc-9-9.5.0/debian/tmp-nvptx/usr,hsa --without-cuda-driver --enable-checking=release --build=x86_64-linux-gnu --host=x86_64-linux-gnu --target=x86_64-linux-gnu --with-build-config=bootstrap-lto-lean --enable-link-mutex
Thread model: posix
gcc version 9.5.0 (Ubuntu 9.5.0-1ubuntu1~22.04) 
COMPILER_PATH=/usr/lib/gcc/x86_64-linux-gnu/9/:/usr/lib/gcc/x86_64-linux-gnu/9/:/usr/lib/gcc/x86_64-linux-gnu/:/usr/lib/gcc/x86_64-linux-gnu/9/:/usr/lib/gcc/x86_64-linux-gnu/
LIBRARY_PATH=/usr/lib/gcc/x86_64-linux-gnu/9/:/usr/lib/gcc/x86_64-linux-gnu/9/../../../x86_64-linux-gnu/:/usr/lib/gcc/x86_64-linux-gnu/9/../../../../lib/:/lib/x86_64-linux-gnu/:/lib/../lib/:/usr/lib/x86_64-linux-gnu/:/usr/lib/../lib/:/usr/lib/gcc/x86_64-linux-gnu/9/../../../:/lib/:/usr/lib/
COLLECT_GCC_OPTIONS='-v' '-o' 'cmTC_1a07b' '-mtune=generic' '-march=x86-64'
 /usr/lib/gcc/x86_64-linux-gnu/9/collect2 -plugin /usr/lib/gcc/x86_64-linux-gnu/9/liblto_plugin.so -plugin-opt=/usr/lib/gcc/x86_64-linux-gnu/9/lto-wrapper -plugin-opt=-fresolution=/tmp/ccxumLL4.res -plugin-opt=-pass-through=-lgcc -plugin-opt=-pass-through=-lgcc_s -plugin-opt=-pass-through=-lc -plugin-opt=-pass-through=-lgcc -plugin-opt=-pass-through=-lgcc_s --build-id --eh-frame-hdr -m elf_x86_64 --hash-style=gnu --as-needed -dynamic-linker /lib64/ld-linux-x86-64.so.2 -pie -z now -z relro -o cmTC_1a07b /usr/lib/gcc/x86_64-linux-gnu/9/../../../x86_64-linux-gnu/Scrt1.o /usr/lib/gcc/x86_64-linux-gnu/9/../../../x86_64-linux-gnu/crti.o /usr/lib/gcc/x86_64-linux-gnu/9/crtbeginS.o -L/usr/lib/gcc/x86_64-linux-gnu/9 -L/usr/lib/gcc/x86_64-linux-gnu/9/../../../x86_64-linux-gnu -L/usr/lib/gcc/x86_64-linux-gnu/9/../../../../lib -L/lib/x86_64-linux-gnu -L/lib/../lib -L/usr/lib/x86_64-linux-gnu -L/usr/lib/../lib -L/usr/lib/gcc/x86_64-linux-gnu/9/../../.. CMakeFiles/cmTC_1a07b.dir/CMakeCCompilerABI.c.o -lgcc --push-state --as-needed -lgcc_s --pop-state -lc -lgcc --push-state --as-needed -lgcc_s --pop-state /usr/lib/gcc/x86_64-linux-gnu/9/crtendS.o /usr/lib/gcc/x86_64-linux-gnu/9/../../../x86_64-linux-gnu/crtn.o
COLLECT_GCC_OPTIONS='-v' '-o' 'cmTC_1a07b' '-mtune=generic' '-march=x86-64'
gmake[1]: Leaving directory '/home/dd/tcp-agg/ns-allinone-3.42/ns-3.42/build/CMakeFiles/CMakeTmp'



Parsed C implicit include dir info from above output: rv=done
  found start of include info
  found start of implicit include info
    add: [/usr/lib/gcc/x86_64-linux-gnu/9/include]
    add: [/usr/local/include]
    add: [/usr/include/x86_64-linux-gnu]
    add: [/usr/include]
  end of search list found
  collapse include dir [/usr/lib/gcc/x86_64-linux-gnu/9/include] ==> [/usr/lib/gcc/x86_64-linux-gnu/9/include]
  collapse include dir [/usr/local/include] ==> [/usr/local/include]
  collapse include dir [/usr/include/x86_64-linux-gnu] ==> [/usr/include/x86_64-linux-gnu]
  collapse include dir [/usr/include] ==> [/usr/include]
  implicit include dirs: [/usr/lib/gcc/x86_64-linux-gnu/9/include;/usr/local/include;/usr/include/x86_64-linux-gnu;/usr/include]


Parsed C implicit link information from above output:
  link line regex: [^( *|.*[/\])(ld|CMAKE_LINK_STARTFILE-NOTFOUND|([^/\]+-)?ld|collect2)[^/\]*( |$)]
  ignore line: [Change Dir: /home/dd/tcp-agg/ns-allinone-3.42/ns-3.42/build/CMakeFiles/CMakeTmp]
  ignore line: []
  ignore line: [Run Build Command(s):/usr/bin/gmake -f Makefile cmTC_1a07b/fast && /usr/bin/gmake  -f CMakeFiles/cmTC_1a07b.dir/build.make CMakeFiles/cmTC_1a07b.dir/build]
  ignore line: [gmake[1]: Entering directory '/home/dd/tcp-agg/ns-allinone-3.42/ns-3.42/build/CMakeFiles/CMakeTmp']
  ignore line: [Building C object CMakeFiles/cmTC_1a07b.dir/CMakeCCompilerABI.c.o]
  ignore line: [/usr/bin/gcc-9   -v -o CMakeFiles/cmTC_1a07b.dir/CMakeCCompilerABI.c.o -c /usr/share/cmake-3.22/Modules/CMakeCCompilerABI.c]
  ignore line: [Using built-in specs.]
  ignore line: [COLLECT_GCC=/usr/bin/gcc-9]
  ignore line: [OFFLOAD_TARGET_NAMES=nvptx-none:hsa]
  ignore line: [OFFLOAD_TARGET_DEFAULT=1]
  ignore line: [Target: x86_64-linux-gnu]
  ignore line: [Configured with: ../src/configure -v --with-pkgversion='Ubuntu 9.5.0-1ubuntu1~22.04' --with-bugurl=file:///usr/share/doc/gcc-9/README.Bugs --enable-languages=c ada c++ go brig d fortran objc obj-c++ gm2 --prefix=/usr --with-gcc-major-version-only --program-suffix=-9 --program-prefix=x86_64-linux-gnu- --enable-shared --enable-linker-build-id --libexecdir=/usr/lib --without-included-gettext --enable-threads=posix --libdir=/usr/lib --enable-nls --enable-bootstrap --enable-clocale=gnu --enable-libstdcxx-debug --enable-libstdcxx-time=yes --with-default-libstdcxx-abi=new --enable-gnu-unique-object --disable-vtable-verify --enable-plugin --enable-default-pie --with-system-zlib --with-target-system-zlib=auto --enable-objc-gc=auto --enable-multiarch --disable-werror --with-arch-32=i686 --with-abi=m64 --with-multilib-list=m32 m64 mx32 --enable-multilib --with-tune=generic --enable-offload-targets=nvptx-none=/build/gcc-9-5Q4PKF/gcc-9-9.5.0/debian/tmp-nvptx/usr hsa --without-cuda-driver --enable-checking=release --build=x86_64-linux-gnu --host=x86_64-linux-gnu --target=x86_64-linux-gnu --with-build-config=bootstrap-lto-lean --enable-link-mutex]
  ignore line: [Thread model: posix]
  ignore line: [gcc version 9.5.0 (Ubuntu 9.5.0-1ubuntu1~22.04) ]
  ignore line: [COLLECT_GCC_OPTIONS='-v' '-o' 'CMakeFiles/cmTC_1a07b.dir/CMakeCCompilerABI.c.o' '-c' '-mtune=generic' '-march=x86-64']
  ignore line: [ /usr/lib/gcc/x86_64-linux-gnu/9/cc1 -quiet -v -imultiarch x86_64-linux-gnu /usr/share/cmake-3.22/Modules/CMakeCCompilerABI.c -quiet -dumpbase CMakeCCompilerABI.c -mtune=generic -march=x86-64 -auxbase-strip CMakeFiles/cmTC_1a07b.dir/CMakeCCompilerABI.c.o -version -fasynchronous-unwind-tables -fstack-protector-strong -Wformat -Wformat-security -fstack-clash-protection -fcf-protection -o /tmp/ccEA6SQA.s]
  ignore line: [GNU C17 (Ubuntu 9.5.0-1ubuntu1~22.04) version 9.5.0 (x86_64-linux-gnu)]
  ignore line: [	compiled by GNU C version 9.5.0  GMP version 6.2.1  MPFR version 4.1.0  MPC version 1.2.1  isl version isl-0.24-GMP]
  ignore line: []
  ignore line: [GGC heuristics: --param ggc-min-expand=100 --param ggc-min-heapsize=131072]
  ignore line: [ignoring nonexistent directory "/usr/local/include/x86_64-linux-gnu"]
  ignore line: [ignoring nonexistent directory "/usr/lib/gcc/x86_64-linux-gnu/9/include-fixed"]
  ignore line: [ignoring nonexistent directory "/usr/lib/gcc/x86_64-linux-gnu/9/../../../../x86_64-linux-gnu/include"]
  ignore line: [#include "..." search starts here:]
  ignore line: [#include <...> search starts here:]
  ignore line: [ /usr/lib/gcc/x86_64-linux-gnu/9/include]
  ignore line: [ /usr/local/include]
  ignore line: [ /usr/include/x86_64-linux-gnu]
  ignore line: [ /usr/include]
  ignore line: [End of search list.]
  ignore line: [GNU C17 (Ubuntu 9.5.0-1ubuntu1~22.04) version 9.5.0 (x86_64-linux-gnu)]
  ignore line: [	compiled by GNU C version 9.5.0  GMP version 6.2.1  MPFR version 4.1.0  MPC version 1.2.1  isl version isl-0.24-GMP]
  ignore line: []
  ignore line: [GGC heuristics: --param ggc-min-expand=100 --param ggc-min-heapsize=131072]
  ignore line: [Compiler executable checksum: c06b418b6d49939739c4e6ad993cce11]
  ignore line: [COLLECT_GCC_OPTIONS='-v' '-o' 'CMakeFiles/cmTC_1a07b.dir/CMakeCCompilerABI.c.o' '-c' '-mtune=generic' '-march=x86-64']
  ignore line: [ as -v --64 -o CMakeFiles/cmTC_1a07b.dir/CMakeCCompilerABI.c.o /tmp/ccEA6SQA.s]
  ignore line: [GNU assembler version 2.38 (x86_64-linux-gnu) using BFD version (GNU Binutils for Ubuntu) 2.38]
  ignore line: [COMPILER_PATH=/usr/lib/gcc/x86_64-linux-gnu/9/:/usr/lib/gcc/x86_64-linux-gnu/9/:/usr/lib/gcc/x86_64-linux-gnu/:/usr/lib/gcc/x86_64-linux-gnu/9/:/usr/lib/gcc/x86_64-linux-gnu/]
  ignore line: [LIBRARY_PATH=/usr/lib/gcc/x86_64-linux-gnu/9/:/usr/lib/gcc/x86_64-linux-gnu/9/../../../x86_64-linux-gnu/:/usr/lib/gcc/x86_64-linux-gnu/9/../../../../lib/:/lib/x86_64-linux-gnu/:/lib/../lib/:/usr/lib/x86_64-linux-gnu/:/usr/lib/../lib/:/usr/lib/gcc/x86_64-linux-gnu/9/../../../:/lib/:/usr/lib/]
  ignore line: [COLLECT_GCC_OPTIONS='-v' '-o' 'CMakeFiles/cmTC_1a07b.dir/CMakeCCompilerABI.c.o' '-c' '-mtune=generic' '-march=x86-64']
  ignore line: [Linking C executable cmTC_1a07b]
  ignore line: [/usr/bin/cmake -E cmake_link_script CMakeFiles/cmTC_1a07b.dir/link.txt --verbose=1]
  ignore line: [/usr/bin/gcc-9  -v CMakeFiles/cmTC_1a07b.dir/CMakeCCompilerABI.c.o -o cmTC_1a07b ]
  ignore line: [Using built-in specs.]
  ignore line: [COLLECT_GCC=/usr/bin/gcc-9]
  ignore line: [COLLECT_LTO_WRAPPER=/usr/lib/gcc/x86_64-linux-gnu/9/lto-wrapper]
  ignore line: [OFFLOAD_TARGET_NAMES=nvptx-none:hsa]
  ignore line: [OFFLOAD_TARGET_DEFAULT=1]
  ignore line: [Target: x86_64-linux-gnu]
  ignore line: [Configured with: ../src/configure -v --with-pkgversion='Ubuntu 9.5.0-1ubuntu1~22.04' --with-bugurl=file:///usr/share/doc/gcc-9/README.Bugs --enable-languages=c ada c++ go brig d fortran objc obj-c++ gm2 --prefix=/usr --with-gcc-major-version-only --program-suffix=-9 --program-prefix=x86_64-linux-gnu- --enable-shared --enable-linker-build-id --libexecdir=/usr/lib --without-included-gettext --enable-threads=posix --libdir=/usr/lib --enable-nls --enable-bootstrap --enable-clocale=gnu --enable-libstdcxx-debug --enable-libstdcxx-time=yes --with-default-libstdcxx-abi=new --enable-gnu-unique-object --disable-vtable-verify --enable-plugin --enable-default-pie --with-system-zlib --with-target-system-zlib=auto --enable-objc-gc=auto --enable-multiarch --disable-werror --with-arch-32=i686 --with-abi=m64 --with-multilib-list=m32 m64 mx32 --enable-multilib --with-tune=generic --enable-offload-targets=nvptx-none=/build/gcc-9-5Q4PKF/gcc-9-9.5.0/debian/tmp-nvptx/usr hsa --without-cuda-driver --enable-checking=release --build=x86_64-linux-gnu --host=x86_64-linux-gnu --target=x86_64-linux-gnu --with-build-config=bootstrap-lto-lean --enable-link-mutex]
  ignore line: [Thread model: posix]
  ignore line: [gcc version 9.5.0 (Ubuntu 9.5.0-1ubuntu1~22.04) ]
  ignore line: [COMPILER_PATH=/usr/lib/gcc/x86_64-linux-gnu/9/:/usr/lib/gcc/x86_64-linux-gnu/9/:/usr/lib/gcc/x86_64-linux-gnu/:/usr/lib/gcc/x86_64-linux-gnu/9/:/usr/lib/gcc/x86_64-linux-gnu/]
  ignore line: [LIBRARY_PATH=/usr/lib/gcc/x86_64-linux-gnu/9/:/usr/lib/gcc/x86_64-linux-gnu/9/../../../x86_64-linux-gnu/:/usr/lib/gcc/x86_64-linux-gnu/9/../../../../lib/:/lib/x86_64-linux-gnu/:/lib/../lib/:/usr/lib/x86_64-linux-gnu/:/usr/lib/../lib/:/usr/lib/gcc/x86_64-linux-gnu/9/../../../:/lib/:/usr/lib/]
  ignore line: [COLLECT_GCC_OPTIONS='-v' '-o' 'cmTC_1a07b' '-mtune=generic' '-march=x86-64']
  link line: [ /usr/lib/gcc/x86_64-linux-gnu/9/collect2 -plugin /usr/lib/gcc/x86_64-linux-gnu/9/liblto_plugin.so -plugin-opt=/usr/lib/gcc/x86_64-linux-gnu/9/lto-wrapper -plugin-opt=-fresolution=/tmp/ccxumLL4.res -plugin-opt=-pass-through=-lgcc -plugin-opt=-pass-through=-lgcc_s -plugin-opt=-pass-through=-lc -plugin-opt=-pass-through=-lgcc -plugin-opt=-pass-through=-lgcc_s --build-id --eh-frame-hdr -m elf_x86_64 --hash-style=gnu --as-needed -dynamic-linker /lib64/ld-linux-x86-64.so.2 -pie -z now -z relro -o cmTC_1a07b /usr/lib/gcc/x86_64-linux-gnu/9/../../../x86_64-linux-gnu/Scrt1.o /usr/lib/gcc/x86_64-linux-gnu/9/../../../x86_64-linux-gnu/crti.o /usr/lib/gcc/x86_64-linux-gnu/9/crtbeginS.o -L/usr/lib/gcc/x86_64-linux-gnu/9 -L/usr/lib/gcc/x86_64-linux-gnu/9/../../../x86_64-linux-gnu -L/usr/lib/gcc/x86_64-linux-gnu/9/../../../../lib -L/lib/x86_64-linux-gnu -L/lib/../lib -L/usr/lib/x86_64-linux-gnu -L/usr/lib/../lib -L/usr/lib/gcc/x86_64-linux-gnu/9/../../.. CMakeFiles/cmTC_1a07b.dir/CMakeCCompilerABI.c.o -lgcc --push-state --as-needed -lgcc_s --pop-state -lc -lgcc --push-state --as-needed -lgcc_s --pop-state /usr/lib/gcc/x86_64-linux-gnu/9/crtendS.o /usr/lib/gcc/x86_64-linux-gnu/9/../../../x86_64-linux-gnu/crtn.o]
    arg [/usr/lib/gcc/x86_64-linux-gnu/9/collect2] ==> ignore
    arg [-plugin] ==> ignore
    arg [/usr/lib/gcc/x86_64-linux-gnu/9/liblto_plugin.so] ==> ignore
    arg [-plugin-opt=/usr/lib/gcc/x86_64-linux-gnu/9/lto-wrapper] ==> ignore
    arg [-plugin-opt=-fresolution=/tmp/ccxumLL4.res] ==> ignore
    arg [-plugin-opt=-pass-through=-lgcc] ==> ignore
    arg [-plugin-opt=-pass-through=-lgcc_s] ==> ignore
    arg [-plugin-opt=-pass-through=-lc] ==> ignore
    arg [-plugin-opt=-pass-through=-lgcc] ==> ignore
    arg [-plugin-opt=-pass-through=-lgcc_s] ==> ignore
    arg [--build-id] ==> ignore
    arg [--eh-frame-hdr] ==> ignore
    arg [-m] ==> ignore
    arg [elf_x86_64] ==> ignore
    arg [--hash-style=gnu] ==> ignore
    arg [--as-needed] ==> ignore
    arg [-dynamic-linker] ==> ignore
    arg [/lib64/ld-linux-x86-64.so.2] ==> ignore
    arg [-pie] ==> ignore
    arg [-znow] ==> ignore
    arg [-zrelro] ==> ignore
    arg [-o] ==> ignore
    arg [cmTC_1a07b] ==> ignore
    arg [/usr/lib/gcc/x86_64-linux-gnu/9/../../../x86_64-linux-gnu/Scrt1.o] ==> obj [/usr/lib/gcc/x86_64-linux-gnu/9/../../../x86_64-linux-gnu/Scrt1.o]
    arg [/usr/lib/gcc/x86_64-linux-gnu/9/../../../x86_64-linux-gnu/crti.o] ==> obj [/usr/lib/gcc/x86_64-linux-gnu/9/../../../x86_64-linux-gnu/crti.o]
    arg [/usr/lib/gcc/x86_64-linux-gnu/9/crtbeginS.o] ==> obj [/usr/lib/gcc/x86_64-linux-gnu/9/crtbeginS.o]
    arg [-L/usr/lib/gcc/x86_64-linux-gnu/9] ==> dir [/usr/lib/gcc/x86_64-linux-gnu/9]
    arg [-L/usr/lib/gcc/x86_64-linux-gnu/9/../../../x86_64-linux-gnu] ==> dir [/usr/lib/gcc/x86_64-linux-gnu/9/../../../x86_64-linux-gnu]
    arg [-L/usr/lib/gcc/x86_64-linux-gnu/9/../../../../lib] ==> dir [/usr/lib/gcc/x86_64-linux-gnu/9/../../../../lib]
    arg [-L/lib/x86_64-linux-gnu] ==> dir [/lib/x86_64-linux-gnu]
    arg [-L/lib/../lib] ==> dir [/lib/../lib]
    arg [-L/usr/lib/x86_64-linux-gnu] ==> dir [/usr/lib/x86_64-linux-gnu]
    arg [-L/usr/lib/../lib] ==> dir [/usr/lib/../lib]
    arg [-L/usr/lib/gcc/x86_64-linux-gnu/9/../../..] ==> dir [/usr/lib/gcc/x86_64-linux-gnu/9/../../..]
    arg [CMakeFiles/cmTC_1a07b.dir/CMakeCCompilerABI.c.o] ==> ignore
    arg [-lgcc] ==> lib [gcc]
    arg [--push-state] ==> ignore
    arg [--as-needed] ==> ignore
    arg [-lgcc_s] ==> lib [gcc_s]
    arg [--pop-state] ==> ignore
    arg [-lc] ==> lib [c]
    arg [-lgcc] ==> lib [gcc]
    arg [--push-state] ==> ignore
    arg [--as-needed] ==> ignore
    arg [-lgcc_s] ==> lib [gcc_s]
    arg [--pop-state] ==> ignore
    arg [/usr/lib/gcc/x86_64-linux-gnu/9/crtendS.o] ==> obj [/usr/lib/gcc/x86_64-linux-gnu/9/crtendS.o]
    arg [/usr/lib/gcc/x86_64-linux-gnu/9/../../../x86_64-linux-gnu/crtn.o] ==> obj [/usr/lib/gcc/x86_64-linux-gnu/9/../../../x86_64-linux-gnu/crtn.o]
  collapse obj [/usr/lib/gcc/x86_64-linux-gnu/9/../../../x86_64-linux-gnu/Scrt1.o] ==> [/usr/lib/x86_64-linux-gnu/Scrt1.o]
  collapse obj [/usr/lib/gcc/x86_64-linux-gnu/9/../../../x86_64-linux-gnu/crti.o] ==> [/usr/lib/x86_64-linux-gnu/crti.o]
  collapse obj [/usr/lib/gcc/x86_64-linux-gnu/9/../../../x86_64-linux-gnu/crtn.o] ==> [/usr/lib/x86_64-linux-gnu/crtn.o]
  collapse library dir [/usr/lib/gcc/x86_64-linux-gnu/9] ==> [/usr/lib/gcc/x86_64-linux-gnu/9]
  collapse library dir [/usr/lib/gcc/x86_64-linux-gnu/9/../../../x86_64-linux-gnu] ==> [/usr/lib/x86_64-linux-gnu]
  collapse library dir [/usr/lib/gcc/x86_64-linux-gnu/9/../../../../lib] ==> [/usr/lib]
  collapse library dir [/lib/x86_64-linux-gnu] ==> [/lib/x86_64-linux-gnu]
  collapse library dir [/lib/../lib] ==> [/lib]
  collapse library dir [/usr/lib/x86_64-linux-gnu] ==> [/usr/lib/x86_64-linux-gnu]
  collapse library dir [/usr/lib/../lib] ==> [/usr/lib]
  collapse library dir [/usr/lib/gcc/x86_64-linux-gnu/9/../../..] ==> [/usr/lib]
  implicit libs: [gcc;gcc_s;c;gcc;gcc_s]
  implicit objs: [/usr/lib/x86_64-linux-gnu/Scrt1.o;/usr/lib/x86_64-linux-gnu/crti.o;/usr/lib/gcc/x86_64-linux-gnu/9/crtbeginS.o;/usr/lib/gcc/x86_64-linux-gnu/9/crtendS.o;/usr/lib/x86_64-linux-gnu/crtn.o]
  implicit dirs: [/usr/lib/gcc/x86_64-linux-gnu/9;/usr/lib/x86_64-linux-gnu;/usr/lib;/lib/x86_64-linux-gnu;/lib]
  implicit fwks: []


Determining if the include file pthread.h exists passed with the following output:
Change Dir: /home/dd/tcp-agg/ns-allinone-3.42/ns-3.42/build/CMakeFiles/CMakeTmp

Run Build Command(s):/usr/bin/gmake -f Makefile cmTC_177f1/fast && /usr/bin/gmake  -f CMakeFiles/cmTC_177f1.dir/build.make CMakeFiles/cmTC_177f1.dir/build
gmake[1]: Entering directory '/home/dd/tcp-agg/ns-allinone-3.42/ns-3.42/build/CMakeFiles/CMakeTmp'
Building C object CMakeFiles/cmTC_177f1.dir/CheckIncludeFile.c.o
/usr/bin/gcc-9   -fPIE -o CMakeFiles/cmTC_177f1.dir/CheckIncludeFile.c.o -c /home/dd/tcp-agg/ns-allinone-3.42/ns-3.42/build/CMakeFiles/CMakeTmp/CheckIncludeFile.c
Linking C executable cmTC_177f1
/usr/bin/cmake -E cmake_link_script CMakeFiles/cmTC_177f1.dir/link.txt --verbose=1
/usr/bin/gcc-9 CMakeFiles/cmTC_177f1.dir/CheckIncludeFile.c.o -o cmTC_177f1 
gmake[1]: Leaving directory '/home/dd/tcp-agg/ns-allinone-3.42/ns-3.42/build/CMakeFiles/CMakeTmp'



Performing C SOURCE FILE Test CMAKE_HAVE_LIBC_PTHREAD succeeded with the following output:
Change Dir: /home/dd/tcp-agg/ns-allinone-3.42/ns-3.42/build/CMakeFiles/CMakeTmp

Run Build Command(s):/usr/bin/gmake -f Makefile cmTC_4ccaf/fast && /usr/bin/gmake  -f CMakeFiles/cmTC_4ccaf.dir/build.make CMakeFiles/cmTC_4ccaf.dir/build
gmake[1]: Entering directory '/home/dd/tcp-agg/ns-allinone-3.42/ns-3.42/build/CMakeFiles/CMakeTmp'
Building C object CMakeFiles/cmTC_4ccaf.dir/src.c.o
/usr/bin/gcc-9 -DCMAKE_HAVE_LIBC_PTHREAD  -fPIE -o CMakeFiles/cmTC_4ccaf.dir/src.c.o -c /home/dd/tcp-agg/ns-allinone-3.42/ns-3.42/build/CMakeFiles/CMakeTmp/src.c
Linking C executable cmTC_4ccaf
/usr/bin/cmake -E cmake_link_script CMakeFiles/cmTC_4ccaf.dir/link.txt --verbose=1
/usr/bin/gcc-9 CMakeFiles/cmTC_4ccaf.dir/src.c.o -o cmTC_4ccaf 
gmake[1]: Leaving directory '/home/dd/tcp-agg/ns-allinone-3.42/ns-3.42/build/CMakeFiles/CMakeTmp'


Source file was:
#include <pthread.h>

static void* test_func(void* data)
{
  return data;
}

int main(void)
{
  pthread_t thread;
  pthread_create(&thread, NULL, test_func, NULL);
  pthread_detach(thread);
  pthread_cancel(thread);
  pthread_join(thread, NULL);
  pthread_atfork(NULL, NULL, NULL);
  pthread_exit(NULL);

  return 0;
}

Performing C++ SOURCE FILE Test HAVE___UINT128_T succeeded with the following output:
Change Dir: /home/dd/tcp-agg/ns-allinone-3.42/ns-3.42/build/CMakeFiles/CMakeTmp

Run Build Command(s):/usr/bin/gmake -f Makefile cmTC_f70f4/fast && /usr/bin/gmake  -f CMakeFiles/cmTC_f70f4.dir/build.make CMakeFiles/cmTC_f70f4.dir/build
gmake[1]: Entering directory '/home/dd/tcp-agg/ns-allinone-3.42/ns-3.42/build/CMakeFiles/CMakeTmp'
Building CXX object CMakeFiles/cmTC_f70f4.dir/src.cxx.o
/usr/bin/g++-9 -DHAVE___UINT128_T  -fPIE -std=c++2a -o CMakeFiles/cmTC_f70f4.dir/src.cxx.o -c /home/dd/tcp-agg/ns-allinone-3.42/ns-3.42/build/CMakeFiles/CMakeTmp/src.cxx
Linking CXX executable cmTC_f70f4
/usr/bin/cmake -E cmake_link_script CMakeFiles/cmTC_f70f4.dir/link.txt --verbose=1
/usr/bin/g++-9 CMakeFiles/cmTC_f70f4.dir/src.cxx.o -o cmTC_f70f4 
gmake[1]: Leaving directory '/home/dd/tcp-agg/ns-allinone-3.42/ns-3.42/build/CMakeFiles/CMakeTmp'


Source file was:
#include <stdint.h>
       int main()
         {
           if ((__uint128_t *) 0) return 0;
           if (sizeof (__uint128_t)) return 0;
           return 1;
        }
Determining if the include file stdint.h exists passed with the following output:
Change Dir: /home/dd/tcp-agg/ns-allinone-3.42/ns-3.42/build/CMakeFiles/CMakeTmp

Run Build Command(s):/usr/bin/gmake -f Makefile cmTC_5ad46/fast && /usr/bin/gmake  -f CMakeFiles/cmTC_5ad46.dir/build.make CMakeFiles/cmTC_5ad46.dir/build
gmake[1]: Entering directory '/home/dd/tcp-agg/ns-allinone-3.42/ns-3.42/build/CMakeFiles/CMakeTmp'
Building C object CMakeFiles/cmTC_5ad46.dir/CheckIncludeFile.c.o
/usr/bin/gcc-9   -fPIE -o CMakeFiles/cmTC_5ad46.dir/CheckIncludeFile.c.o -c /home/dd/tcp-agg/ns-allinone-3.42/ns-3.42/build/CMakeFiles/CMakeTmp/CheckIncludeFile.c
Linking C executable cmTC_5ad46
/usr/bin/cmake -E cmake_link_script CMakeFiles/cmTC_5ad46.dir/link.txt --verbose=1
/usr/bin/gcc-9 CMakeFiles/cmTC_5ad46.dir/CheckIncludeFile.c.o -o cmTC_5ad46 
gmake[1]: Leaving directory '/home/dd/tcp-agg/ns-allinone-3.42/ns-3.42/build/CMakeFiles/CMakeTmp'



Determining if the include file inttypes.h exists passed with the following output:
Change Dir: /home/dd/tcp-agg/ns-allinone-3.42/ns-3.42/build/CMakeFiles/CMakeTmp

Run Build Command(s):/usr/bin/gmake -f Makefile cmTC_7b9d5/fast && /usr/bin/gmake  -f CMakeFiles/cmTC_7b9d5.dir/build.make CMakeFiles/cmTC_7b9d5.dir/build
gmake[1]: Entering directory '/home/dd/tcp-agg/ns-allinone-3.42/ns-3.42/build/CMakeFiles/CMakeTmp'
Building C object CMakeFiles/cmTC_7b9d5.dir/CheckIncludeFile.c.o
/usr/bin/gcc-9   -fPIE -o CMakeFiles/cmTC_7b9d5.dir/CheckIncludeFile.c.o -c /home/dd/tcp-agg/ns-allinone-3.42/ns-3.42/build/CMakeFiles/CMakeTmp/CheckIncludeFile.c
Linking C executable cmTC_7b9d5
/usr/bin/cmake -E cmake_link_script CMakeFiles/cmTC_7b9d5.dir/link.txt --verbose=1
/usr/bin/gcc-9 CMakeFiles/cmTC_7b9d5.dir/CheckIncludeFile.c.o -o cmTC_7b9d5 
gmake[1]: Leaving directory '/home/dd/tcp-agg/ns-allinone-3.42/ns-3.42/build/CMakeFiles/CMakeTmp'



Determining if the include file sys/types.h exists passed with the following output:
Change Dir: /home/dd/tcp-agg/ns-allinone-3.42/ns-3.42/build/CMakeFiles/CMakeTmp

Run Build Command(s):/usr/bin/gmake -f Makefile cmTC_6ea42/fast && /usr/bin/gmake  -f CMakeFiles/cmTC_6ea42.dir/build.make CMakeFiles/cmTC_6ea42.dir/build
gmake[1]: Entering directory '/home/dd/tcp-agg/ns-allinone-3.42/ns-3.42/build/CMakeFiles/CMakeTmp'
Building C object CMakeFiles/cmTC_6ea42.dir/CheckIncludeFile.c.o
/usr/bin/gcc-9   -fPIE -o CMakeFiles/cmTC_6ea42.dir/CheckIncludeFile.c.o -c /home/dd/tcp-agg/ns-allinone-3.42/ns-3.42/build/CMakeFiles/CMakeTmp/CheckIncludeFile.c
Linking C executable cmTC_6ea42
/usr/bin/cmake -E cmake_link_script CMakeFiles/cmTC_6ea42.dir/link.txt --verbose=1
/usr/bin/gcc-9 CMakeFiles/cmTC_6ea42.dir/CheckIncludeFile.c.o -o cmTC_6ea42 
gmake[1]: Leaving directory '/home/dd/tcp-agg/ns-allinone-3.42/ns-3.42/build/CMakeFiles/CMakeTmp'



Determining if the include file sys/stat.h exists passed with the following output:
Change Dir: /home/dd/tcp-agg/ns-allinone-3.42/ns-3.42/build/CMakeFiles/CMakeTmp

Run Build Command(s):/usr/bin/gmake -f Makefile cmTC_b154f/fast && /usr/bin/gmake  -f CMakeFiles/cmTC_b154f.dir/build.make CMakeFiles/cmTC_b154f.dir/build
gmake[1]: Entering directory '/home/dd/tcp-agg/ns-allinone-3.42/ns-3.42/build/CMakeFiles/CMakeTmp'
Building C object CMakeFiles/cmTC_b154f.dir/CheckIncludeFile.c.o
/usr/bin/gcc-9   -fPIE -o CMakeFiles/cmTC_b154f.dir/CheckIncludeFile.c.o -c /home/dd/tcp-agg/ns-allinone-3.42/ns-3.42/build/CMakeFiles/CMakeTmp/CheckIncludeFile.c
Linking C executable cmTC_b154f
/usr/bin/cmake -E cmake_link_script CMakeFiles/cmTC_b154f.dir/link.txt --verbose=1
/usr/bin/gcc-9 CMakeFiles/cmTC_b154f.dir/CheckIncludeFile.c.o -o cmTC_b154f 
gmake[1]: Leaving directory '/home/dd/tcp-agg/ns-allinone-3.42/ns-3.42/build/CMakeFiles/CMakeTmp'



Determining if the include file dirent.h exists passed with the following output:
Change Dir: /home/dd/tcp-agg/ns-allinone-3.42/ns-3.42/build/CMakeFiles/CMakeTmp

Run Build Command(s):/usr/bin/gmake -f Makefile cmTC_83d34/fast && /usr/bin/gmake  -f CMakeFiles/cmTC_83d34.dir/build.make CMakeFiles/cmTC_83d34.dir/build
gmake[1]: Entering directory '/home/dd/tcp-agg/ns-allinone-3.42/ns-3.42/build/CMakeFiles/CMakeTmp'
Building C object CMakeFiles/cmTC_83d34.dir/CheckIncludeFile.c.o
/usr/bin/gcc-9   -fPIE -o CMakeFiles/cmTC_83d34.dir/CheckIncludeFile.c.o -c /home/dd/tcp-agg/ns-allinone-3.42/ns-3.42/build/CMakeFiles/CMakeTmp/CheckIncludeFile.c
Linking C executable cmTC_83d34
/usr/bin/cmake -E cmake_link_script CMakeFiles/cmTC_83d34.dir/link.txt --verbose=1
/usr/bin/gcc-9 CMakeFiles/cmTC_83d34.dir/CheckIncludeFile.c.o -o cmTC_83d34 
gmake[1]: Leaving directory '/home/dd/tcp-agg/ns-allinone-3.42/ns-3.42/build/CMakeFiles/CMakeTmp'



Determining if the include file stdlib.h exists passed with the following output:
Change Dir: /home/dd/tcp-agg/ns-allinone-3.42/ns-3.42/build/CMakeFiles/CMakeTmp

Run Build Command(s):/usr/bin/gmake -f Makefile cmTC_9691f/fast && /usr/bin/gmake  -f CMakeFiles/cmTC_9691f.dir/build.make CMakeFiles/cmTC_9691f.dir/build
gmake[1]: Entering directory '/home/dd/tcp-agg/ns-allinone-3.42/ns-3.42/build/CMakeFiles/CMakeTmp'
Building C object CMakeFiles/cmTC_9691f.dir/CheckIncludeFile.c.o
/usr/bin/gcc-9   -fPIE -o CMakeFiles/cmTC_9691f.dir/CheckIncludeFile.c.o -c /home/dd/tcp-agg/ns-allinone-3.42/ns-3.42/build/CMakeFiles/CMakeTmp/CheckIncludeFile.c
Linking C executable cmTC_9691f
/usr/bin/cmake -E cmake_link_script CMakeFiles/cmTC_9691f.dir/link.txt --verbose=1
/usr/bin/gcc-9 CMakeFiles/cmTC_9691f.dir/CheckIncludeFile.c.o -o cmTC_9691f 
gmake[1]: Leaving directory '/home/dd/tcp-agg/ns-allinone-3.42/ns-3.42/build/CMakeFiles/CMakeTmp'



Determining if the include file signal.h exists passed with the following output:
Change Dir: /home/dd/tcp-agg/ns-allinone-3.42/ns-3.42/build/CMakeFiles/CMakeTmp

Run Build Command(s):/usr/bin/gmake -f Makefile cmTC_eeb6f/fast && /usr/bin/gmake  -f CMakeFiles/cmTC_eeb6f.dir/build.make CMakeFiles/cmTC_eeb6f.dir/build
gmake[1]: Entering directory '/home/dd/tcp-agg/ns-allinone-3.42/ns-3.42/build/CMakeFiles/CMakeTmp'
Building C object CMakeFiles/cmTC_eeb6f.dir/CheckIncludeFile.c.o
/usr/bin/gcc-9   -fPIE -o CMakeFiles/cmTC_eeb6f.dir/CheckIncludeFile.c.o -c /home/dd/tcp-agg/ns-allinone-3.42/ns-3.42/build/CMakeFiles/CMakeTmp/CheckIncludeFile.c
Linking C executable cmTC_eeb6f
/usr/bin/cmake -E cmake_link_script CMakeFiles/cmTC_eeb6f.dir/link.txt --verbose=1
/usr/bin/gcc-9 CMakeFiles/cmTC_eeb6f.dir/CheckIncludeFile.c.o -o cmTC_eeb6f 
gmake[1]: Leaving directory '/home/dd/tcp-agg/ns-allinone-3.42/ns-3.42/build/CMakeFiles/CMakeTmp'



Determining if the include file netpacket/packet.h exists passed with the following output:
Change Dir: /home/dd/tcp-agg/ns-allinone-3.42/ns-3.42/build/CMakeFiles/CMakeTmp

Run Build Command(s):/usr/bin/gmake -f Makefile cmTC_d6fda/fast && /usr/bin/gmake  -f CMakeFiles/cmTC_d6fda.dir/build.make CMakeFiles/cmTC_d6fda.dir/build
gmake[1]: Entering directory '/home/dd/tcp-agg/ns-allinone-3.42/ns-3.42/build/CMakeFiles/CMakeTmp'
Building C object CMakeFiles/cmTC_d6fda.dir/CheckIncludeFile.c.o
/usr/bin/gcc-9   -fPIE -o CMakeFiles/cmTC_d6fda.dir/CheckIncludeFile.c.o -c /home/dd/tcp-agg/ns-allinone-3.42/ns-3.42/build/CMakeFiles/CMakeTmp/CheckIncludeFile.c
Linking C executable cmTC_d6fda
/usr/bin/cmake -E cmake_link_script CMakeFiles/cmTC_d6fda.dir/link.txt --verbose=1
/usr/bin/gcc-9 CMakeFiles/cmTC_d6fda.dir/CheckIncludeFile.c.o -o cmTC_d6fda 
gmake[1]: Leaving directory '/home/dd/tcp-agg/ns-allinone-3.42/ns-3.42/build/CMakeFiles/CMakeTmp'



Determining if the function getenv exists passed with the following output:
Change Dir: /home/dd/tcp-agg/ns-allinone-3.42/ns-3.42/build/CMakeFiles/CMakeTmp

Run Build Command(s):/usr/bin/gmake -f Makefile cmTC_05d35/fast && /usr/bin/gmake  -f CMakeFiles/cmTC_05d35.dir/build.make CMakeFiles/cmTC_05d35.dir/build
gmake[1]: Entering directory '/home/dd/tcp-agg/ns-allinone-3.42/ns-3.42/build/CMakeFiles/CMakeTmp'
Building C object CMakeFiles/cmTC_05d35.dir/CheckFunctionExists.c.o
/usr/bin/gcc-9   -DCHECK_FUNCTION_EXISTS=getenv -fPIE -o CMakeFiles/cmTC_05d35.dir/CheckFunctionExists.c.o -c /usr/share/cmake-3.22/Modules/CheckFunctionExists.c
Linking C executable cmTC_05d35
/usr/bin/cmake -E cmake_link_script CMakeFiles/cmTC_05d35.dir/link.txt --verbose=1
/usr/bin/gcc-9  -DCHECK_FUNCTION_EXISTS=getenv CMakeFiles/cmTC_05d35.dir/CheckFunctionExists.c.o -o cmTC_05d35 
gmake[1]: Leaving directory '/home/dd/tcp-agg/ns-allinone-3.42/ns-3.42/build/CMakeFiles/CMakeTmp'



Performing C++ SOURCE FILE Test HAVE_STD_BESSEL_FUNC succeeded with the following output:
Change Dir: /home/dd/tcp-agg/ns-allinone-3.42/ns-3.42/build/CMakeFiles/CMakeTmp

Run Build Command(s):/usr/bin/gmake -f Makefile cmTC_e2c9b/fast && /usr/bin/gmake  -f CMakeFiles/cmTC_e2c9b.dir/build.make CMakeFiles/cmTC_e2c9b.dir/build
gmake[1]: Entering directory '/home/dd/tcp-agg/ns-allinone-3.42/ns-3.42/build/CMakeFiles/CMakeTmp'
Building CXX object CMakeFiles/cmTC_e2c9b.dir/src.cxx.o
/usr/bin/g++-9 -DHAVE_STD_BESSEL_FUNC  -fPIE -std=c++2a -o CMakeFiles/cmTC_e2c9b.dir/src.cxx.o -c /home/dd/tcp-agg/ns-allinone-3.42/ns-3.42/build/CMakeFiles/CMakeTmp/src.cxx
Linking CXX executable cmTC_e2c9b
/usr/bin/cmake -E cmake_link_script CMakeFiles/cmTC_e2c9b.dir/link.txt --verbose=1
/usr/bin/g++-9 CMakeFiles/cmTC_e2c9b.dir/src.cxx.o -o cmTC_e2c9b 
gmake[1]: Leaving directory '/home/dd/tcp-agg/ns-allinone-3.42/ns-3.42/build/CMakeFiles/CMakeTmp'


Source file was:
#include <cmath>
    int main()
    {
      return std::cyl_bessel_j(1, 1);
    }
Determining if files boost/units/quantity.hpp;boost/units/systems/si.hpp exist passed with the following output:
Change Dir: /home/dd/tcp-agg/ns-allinone-3.42/ns-3.42/build/CMakeFiles/CMakeTmp

Run Build Command(s):/usr/bin/gmake -f Makefile cmTC_87b59/fast && /usr/bin/gmake  -f CMakeFiles/cmTC_87b59.dir/build.make CMakeFiles/cmTC_87b59.dir/build
gmake[1]: Entering directory '/home/dd/tcp-agg/ns-allinone-3.42/ns-3.42/build/CMakeFiles/CMakeTmp'
Building CXX object CMakeFiles/cmTC_87b59.dir/HAVE_BOOST_UNITS.cpp.o
/usr/bin/g++-9   -fPIE -std=c++2a -o CMakeFiles/cmTC_87b59.dir/HAVE_BOOST_UNITS.cpp.o -c /home/dd/tcp-agg/ns-allinone-3.42/ns-3.42/build/CMakeFiles/CheckIncludeFiles/HAVE_BOOST_UNITS.cpp
Linking CXX executable cmTC_87b59
/usr/bin/cmake -E cmake_link_script CMakeFiles/cmTC_87b59.dir/link.txt --verbose=1
/usr/bin/g++-9 CMakeFiles/cmTC_87b59.dir/HAVE_BOOST_UNITS.cpp.o -o cmTC_87b59 
gmake[1]: Leaving directory '/home/dd/tcp-agg/ns-allinone-3.42/ns-3.42/build/CMakeFiles/CMakeTmp'



Determining if the include file net/ethernet.h exists passed with the following output:
Change Dir: /home/dd/tcp-agg/ns-allinone-3.42/ns-3.42/build/CMakeFiles/CMakeTmp

Run Build Command(s):/usr/bin/gmake -f Makefile cmTC_329f8/fast && /usr/bin/gmake  -f CMakeFiles/cmTC_329f8.dir/build.make CMakeFiles/cmTC_329f8.dir/build
gmake[1]: Entering directory '/home/dd/tcp-agg/ns-allinone-3.42/ns-3.42/build/CMakeFiles/CMakeTmp'
Building C object CMakeFiles/cmTC_329f8.dir/CheckIncludeFile.c.o
/usr/bin/gcc-9   -fPIE -o CMakeFiles/cmTC_329f8.dir/CheckIncludeFile.c.o -c /home/dd/tcp-agg/ns-allinone-3.42/ns-3.42/build/CMakeFiles/CMakeTmp/CheckIncludeFile.c
Linking C executable cmTC_329f8
/usr/bin/cmake -E cmake_link_script CMakeFiles/cmTC_329f8.dir/link.txt --verbose=1
/usr/bin/gcc-9 CMakeFiles/cmTC_329f8.dir/CheckIncludeFile.c.o -o cmTC_329f8 
gmake[1]: Leaving directory '/home/dd/tcp-agg/ns-allinone-3.42/ns-3.42/build/CMakeFiles/CMakeTmp'



Determining if the include file netpacket/packet.h exists passed with the following output:
Change Dir: /home/dd/tcp-agg/ns-allinone-3.42/ns-3.42/build/CMakeFiles/CMakeTmp

Run Build Command(s):/usr/bin/gmake -f Makefile cmTC_662e7/fast && /usr/bin/gmake  -f CMakeFiles/cmTC_662e7.dir/build.make CMakeFiles/cmTC_662e7.dir/build
gmake[1]: Entering directory '/home/dd/tcp-agg/ns-allinone-3.42/ns-3.42/build/CMakeFiles/CMakeTmp'
Building C object CMakeFiles/cmTC_662e7.dir/CheckIncludeFile.c.o
/usr/bin/gcc-9   -fPIE -o CMakeFiles/cmTC_662e7.dir/CheckIncludeFile.c.o -c /home/dd/tcp-agg/ns-allinone-3.42/ns-3.42/build/CMakeFiles/CMakeTmp/CheckIncludeFile.c
Linking C executable cmTC_662e7
/usr/bin/cmake -E cmake_link_script CMakeFiles/cmTC_662e7.dir/link.txt --verbose=1
/usr/bin/gcc-9 CMakeFiles/cmTC_662e7.dir/CheckIncludeFile.c.o -o cmTC_662e7 
gmake[1]: Leaving directory '/home/dd/tcp-agg/ns-allinone-3.42/ns-3.42/build/CMakeFiles/CMakeTmp'



Determining if the include file net/if.h exists passed with the following output:
Change Dir: /home/dd/tcp-agg/ns-allinone-3.42/ns-3.42/build/CMakeFiles/CMakeTmp

Run Build Command(s):/usr/bin/gmake -f Makefile cmTC_159e6/fast && /usr/bin/gmake  -f CMakeFiles/cmTC_159e6.dir/build.make CMakeFiles/cmTC_159e6.dir/build
gmake[1]: Entering directory '/home/dd/tcp-agg/ns-allinone-3.42/ns-3.42/build/CMakeFiles/CMakeTmp'
Building C object CMakeFiles/cmTC_159e6.dir/CheckIncludeFile.c.o
/usr/bin/gcc-9   -fPIE -o CMakeFiles/cmTC_159e6.dir/CheckIncludeFile.c.o -c /home/dd/tcp-agg/ns-allinone-3.42/ns-3.42/build/CMakeFiles/CMakeTmp/CheckIncludeFile.c
Linking C executable cmTC_159e6
/usr/bin/cmake -E cmake_link_script CMakeFiles/cmTC_159e6.dir/link.txt --verbose=1
/usr/bin/gcc-9 CMakeFiles/cmTC_159e6.dir/CheckIncludeFile.c.o -o cmTC_159e6 
gmake[1]: Leaving directory '/home/dd/tcp-agg/ns-allinone-3.42/ns-3.42/build/CMakeFiles/CMakeTmp'



Determining if the include file linux/if_tun.h exists passed with the following output:
Change Dir: /home/dd/tcp-agg/ns-allinone-3.42/ns-3.42/build/CMakeFiles/CMakeTmp

Run Build Command(s):/usr/bin/gmake -f Makefile cmTC_15c8a/fast && /usr/bin/gmake  -f CMakeFiles/cmTC_15c8a.dir/build.make CMakeFiles/cmTC_15c8a.dir/build
gmake[1]: Entering directory '/home/dd/tcp-agg/ns-allinone-3.42/ns-3.42/build/CMakeFiles/CMakeTmp'
Building C object CMakeFiles/cmTC_15c8a.dir/CheckIncludeFile.c.o
/usr/bin/gcc-9   -fPIE -o CMakeFiles/cmTC_15c8a.dir/CheckIncludeFile.c.o -c /home/dd/tcp-agg/ns-allinone-3.42/ns-3.42/build/CMakeFiles/CMakeTmp/CheckIncludeFile.c
Linking C executable cmTC_15c8a
/usr/bin/cmake -E cmake_link_script CMakeFiles/cmTC_15c8a.dir/link.txt --verbose=1
/usr/bin/gcc-9 CMakeFiles/cmTC_15c8a.dir/CheckIncludeFile.c.o -o cmTC_15c8a 
gmake[1]: Leaving directory '/home/dd/tcp-agg/ns-allinone-3.42/ns-3.42/build/CMakeFiles/CMakeTmp'



Determining if the include file net/netmap_user.h exists passed with the following output:
Change Dir: /home/dd/tcp-agg/ns-allinone-3.42/ns-3.42/build/CMakeFiles/CMakeTmp

Run Build Command(s):/usr/bin/gmake -f Makefile cmTC_69035/fast && /usr/bin/gmake  -f CMakeFiles/cmTC_69035.dir/build.make CMakeFiles/cmTC_69035.dir/build
gmake[1]: Entering directory '/home/dd/tcp-agg/ns-allinone-3.42/ns-3.42/build/CMakeFiles/CMakeTmp'
Building C object CMakeFiles/cmTC_69035.dir/CheckIncludeFile.c.o
/usr/bin/gcc-9   -fPIE -o CMakeFiles/cmTC_69035.dir/CheckIncludeFile.c.o -c /home/dd/tcp-agg/ns-allinone-3.42/ns-3.42/build/CMakeFiles/CMakeTmp/CheckIncludeFile.c
Linking C executable cmTC_69035
/usr/bin/cmake -E cmake_link_script CMakeFiles/cmTC_69035.dir/link.txt --verbose=1
/usr/bin/gcc-9 CMakeFiles/cmTC_69035.dir/CheckIncludeFile.c.o -o cmTC_69035 
gmake[1]: Leaving directory '/home/dd/tcp-agg/ns-allinone-3.42/ns-3.42/build/CMakeFiles/CMakeTmp'



Determining if the include file sys/ioctl.h exists passed with the following output:
Change Dir: /home/dd/tcp-agg/ns-allinone-3.42/ns-3.42/build/CMakeFiles/CMakeTmp

Run Build Command(s):/usr/bin/gmake -f Makefile cmTC_16852/fast && /usr/bin/gmake  -f CMakeFiles/cmTC_16852.dir/build.make CMakeFiles/cmTC_16852.dir/build
gmake[1]: Entering directory '/home/dd/tcp-agg/ns-allinone-3.42/ns-3.42/build/CMakeFiles/CMakeTmp'
Building C object CMakeFiles/cmTC_16852.dir/CheckIncludeFile.c.o
/usr/bin/gcc-9   -fPIE -o CMakeFiles/cmTC_16852.dir/CheckIncludeFile.c.o -c /home/dd/tcp-agg/ns-allinone-3.42/ns-3.42/build/CMakeFiles/CMakeTmp/CheckIncludeFile.c
Linking C executable cmTC_16852
/usr/bin/cmake -E cmake_link_script CMakeFiles/cmTC_16852.dir/link.txt --verbose=1
/usr/bin/gcc-9 CMakeFiles/cmTC_16852.dir/CheckIncludeFile.c.o -o cmTC_16852 
gmake[1]: Leaving directory '/home/dd/tcp-agg/ns-allinone-3.42/ns-3.42/build/CMakeFiles/CMakeTmp'



