Warn about uninitialized values.
-- Using default output directory /home/dd/ns-3-quic-agg-zhuoxu/ns-allinone-3.42/ns-3.42/build
-- Proceeding without cmake-format
-- find_external_library: SQLite3 was found.
-- GSL was found.
-- docs: sphinx documentation not enabled due to missing dependencies: epstopdf dvipng
-- Precompiled headers were enabled
-- Processing src/antenna
-- Standard library Bessel function has been found
-- Processing src/aodv
-- Processing src/applications
-- Processing src/bridge
-- Processing src/brite
-- Skipping src/brite
-- Processing src/buildings
-- Processing src/click
-- Skipping src/click
-- Processing src/config-store
-- Processing src/core
-- Boost Units have been found.
-- Processing src/csma
-- Processing src/csma-layout
-- Processing src/dsdv
-- Processing src/dsr
-- Processing src/energy
-- Processing src/fd-net-device
-- Checking for module 'libdpdk'
--   No package 'libdpdk' found
-- Processing src/flow-monitor
-- Processing src/innetwork-task
-- Processing src/internet
-- Processing src/internet-apps
-- Processing src/lr-wpan
-- Processing src/lte
-- Processing src/mesh
-- Processing src/mobility
-- Processing src/netanim
-- Processing src/network
-- Processing src/nix-vector-routing
-- Processing src/olsr
-- Processing src/openflow
-- Skipping src/openflow
-- Processing src/point-to-point
-- Processing src/point-to-point-layout
-- Processing src/propagation
-- Processing src/quic
-- Processing src/sixlowpan
-- Processing src/spectrum
-- Processing src/stats
-- Processing src/tap-bridge
-- Processing src/topology-read
-- Processing src/traffic-control
-- Processing src/uan
-- Processing src/virtual-net-device
-- Processing src/wifi
-- Processing src/wimax
-- ---- Summary of ns-3 settings:
Build profile                 : debug
Build directory               : /home/dd/ns-3-quic-agg-zhuoxu/ns-allinone-3.42/ns-3.42/build
Build with runtime asserts    : OFF (not requested)
Build with runtime logging    : OFF (not requested)
Build version embedding       : OFF (not requested)
BRITE Integration             : OFF (Missing headers: "Brite.h" and missing libraries: "brite")
DES Metrics event collection  : OFF (not requested)
DPDK NetDevice                : OFF (not requested)
Emulation FdNetDevice         : ON
Examples                      : OFF (not requested)
File descriptor NetDevice     : ON
GNU Scientific Library (GSL)  : ON
GtkConfigStore                : ON
LibXml2 support               : ON
MPI Support                   : OFF (not requested)
ns-3 Click Integration        : OFF (Missing headers: "simclick.h" and missing libraries: "nsclick click")
ns-3 OpenFlow Integration     : OFF (Missing headers: "openflow.h" and missing libraries: "openflow")
Netmap emulation FdNetDevice  : ON
PyViz visualizer              : OFF (Python Bindings are disabled)
Python Bindings               : OFF (not requested)
SQLite support                : ON
Eigen3 support                : ON
Tap Bridge                    : ON
Tap FdNetDevice               : ON
Tests                         : OFF (not requested)


Modules configured to be built:
antenna                   aodv                      applications              
bridge                    buildings                 config-store              
core                      csma                      csma-layout               
dsdv                      dsr                       energy                    
fd-net-device             flow-monitor              innetwork-task            
internet                  internet-apps             lr-wpan                   
lte                       mesh                      mobility                  
netanim                   network                   nix-vector-routing        
olsr                      point-to-point            point-to-point-layout     
propagation               quic                      sixlowpan                 
spectrum                  stats                     tap-bridge                
topology-read             traffic-control           uan                       
virtual-net-device        wifi                      wimax                     


Modules that cannot be built:
brite                     click                     mpi                       
openflow                  test                      visualizer                



-- Configuring done
-- Generating done
-- Build files have been written to: /home/dd/ns-3-quic-agg-zhuoxu/ns-allinone-3.42/ns-3.42/build
Finished executing the following commands:
/bin/cmake -S /home/dd/ns-3-quic-agg-zhuoxu/ns-allinone-3.42/ns-3.42 -B /home/dd/ns-3-quic-agg-zhuoxu/ns-allinone-3.42/ns-3.42/build -DNS3_WARNINGS_AS_ERRORS=OFF --warn-uninitialized
Warn about uninitialized values.
-- Using default output directory /home/dd/ns-3-quic-agg-zhuoxu/ns-allinone-3.42/ns-3.42/build
-- Proceeding without cmake-format
-- find_external_library: SQLite3 was found.
-- GSL was found.
-- docs: sphinx documentation not enabled due to missing dependencies: epstopdf dvipng
-- Precompiled headers were enabled
-- Processing src/antenna
-- Standard library Bessel function has been found
-- Processing src/aodv
-- Processing src/applications
-- Processing src/bridge
-- Processing src/brite
-- Skipping src/brite
-- Processing src/buildings
-- Processing src/click
-- Skipping src/click
-- Processing src/config-store
-- Processing src/core
-- Boost Units have been found.
-- Processing src/csma
-- Processing src/csma-layout
-- Processing src/dsdv
-- Processing src/dsr
-- Processing src/energy
-- Processing src/fd-net-device
-- Checking for module 'libdpdk'
--   No package 'libdpdk' found
-- Processing src/flow-monitor
-- Processing src/innetwork-task
-- Processing src/internet
-- Processing src/internet-apps
-- Processing src/lr-wpan
-- Processing src/lte
-- Processing src/mesh
-- Processing src/mobility
-- Processing src/netanim
-- Processing src/network
-- Processing src/nix-vector-routing
-- Processing src/olsr
-- Processing src/openflow
-- Skipping src/openflow
-- Processing src/point-to-point
-- Processing src/point-to-point-layout
-- Processing src/propagation
-- Processing src/quic
-- Processing src/sixlowpan
-- Processing src/spectrum
-- Processing src/stats
-- Processing src/tap-bridge
-- Processing src/topology-read
-- Processing src/traffic-control
-- Processing src/uan
-- Processing src/virtual-net-device
-- Processing src/wifi
-- Processing src/wimax
-- ---- Summary of ns-3 settings:
Build profile                 : debug
Build directory               : /home/dd/ns-3-quic-agg-zhuoxu/ns-allinone-3.42/ns-3.42/build
Build with runtime asserts    : OFF (not requested)
Build with runtime logging    : OFF (not requested)
Build version embedding       : OFF (not requested)
BRITE Integration             : OFF (Missing headers: "Brite.h" and missing libraries: "brite")
DES Metrics event collection  : OFF (not requested)
DPDK NetDevice                : OFF (not requested)
Emulation FdNetDevice         : ON
Examples                      : OFF (not requested)
File descriptor NetDevice     : ON
GNU Scientific Library (GSL)  : ON
GtkConfigStore                : ON
LibXml2 support               : ON
MPI Support                   : OFF (not requested)
ns-3 Click Integration        : OFF (Missing headers: "simclick.h" and missing libraries: "nsclick click")
ns-3 OpenFlow Integration     : OFF (Missing headers: "openflow.h" and missing libraries: "openflow")
Netmap emulation FdNetDevice  : ON
PyViz visualizer              : OFF (Python Bindings are disabled)
Python Bindings               : OFF (not requested)
SQLite support                : ON
Eigen3 support                : ON
Tap Bridge                    : ON
Tap FdNetDevice               : ON
Tests                         : OFF (not requested)


Modules configured to be built:
antenna                   aodv                      applications              
bridge                    buildings                 config-store              
core                      csma                      csma-layout               
dsdv                      dsr                       energy                    
fd-net-device             flow-monitor              innetwork-task            
internet                  internet-apps             lr-wpan                   
lte                       mesh                      mobility                  
netanim                   network                   nix-vector-routing        
olsr                      point-to-point            point-to-point-layout     
propagation               quic                      sixlowpan                 
spectrum                  stats                     tap-bridge                
topology-read             traffic-control           uan                       
virtual-net-device        wifi                      wimax                     


Modules that cannot be built:
brite                     click                     mpi                       
openflow                  test                      visualizer                



-- Configuring done
-- Generating done
-- Build files have been written to: /home/dd/ns-3-quic-agg-zhuoxu/ns-allinone-3.42/ns-3.42/build
Finished executing the following commands:
/bin/cmake -S /home/dd/ns-3-quic-agg-zhuoxu/ns-allinone-3.42/ns-3.42 -B /home/dd/ns-3-quic-agg-zhuoxu/ns-allinone-3.42/ns-3.42/build -DNS3_WARNINGS_AS_ERRORS=OFF --warn-uninitialized
Warn about uninitialized values.
-- Using default output directory /home/dd/ns-3-quic-agg-zhuoxu/ns-allinone-3.42/ns-3.42/build
-- Proceeding without cmake-format
-- find_external_library: SQLite3 was found.
-- GSL was found.
-- docs: sphinx documentation not enabled due to missing dependencies: epstopdf dvipng
-- Precompiled headers were enabled
-- Processing src/antenna
-- Standard library Bessel function has been found
-- Processing src/aodv
-- Processing src/applications
-- Processing src/bridge
-- Processing src/brite
-- Skipping src/brite
-- Processing src/buildings
-- Processing src/click
-- Skipping src/click
-- Processing src/config-store
-- Processing src/core
-- Boost Units have been found.
-- Processing src/csma
-- Processing src/csma-layout
-- Processing src/dsdv
-- Processing src/dsr
-- Processing src/energy
-- Processing src/fd-net-device
-- Checking for module 'libdpdk'
--   No package 'libdpdk' found
-- Processing src/flow-monitor
-- Processing src/innetwork-task
-- Processing src/internet
-- Processing src/internet-apps
-- Processing src/lr-wpan
-- Processing src/lte
-- Processing src/mesh
-- Processing src/mobility
-- Processing src/netanim
-- Processing src/network
-- Processing src/nix-vector-routing
-- Processing src/olsr
-- Processing src/openflow
-- Skipping src/openflow
-- Processing src/point-to-point
-- Processing src/point-to-point-layout
-- Processing src/propagation
-- Processing src/quic
-- Processing src/sixlowpan
-- Processing src/spectrum
-- Processing src/stats
-- Processing src/tap-bridge
-- Processing src/topology-read
-- Processing src/traffic-control
-- Processing src/uan
-- Processing src/virtual-net-device
-- Processing src/wifi
-- Processing src/wimax
-- ---- Summary of ns-3 settings:
Build profile                 : debug
Build directory               : /home/dd/ns-3-quic-agg-zhuoxu/ns-allinone-3.42/ns-3.42/build
Build with runtime asserts    : OFF (not requested)
Build with runtime logging    : OFF (not requested)
Build version embedding       : OFF (not requested)
BRITE Integration             : OFF (Missing headers: "Brite.h" and missing libraries: "brite")
DES Metrics event collection  : OFF (not requested)
DPDK NetDevice                : OFF (not requested)
Emulation FdNetDevice         : ON
Examples                      : OFF (not requested)
File descriptor NetDevice     : ON
GNU Scientific Library (GSL)  : ON
GtkConfigStore                : ON
LibXml2 support               : ON
MPI Support                   : OFF (not requested)
ns-3 Click Integration        : OFF (Missing headers: "simclick.h" and missing libraries: "nsclick click")
ns-3 OpenFlow Integration     : OFF (Missing headers: "openflow.h" and missing libraries: "openflow")
Netmap emulation FdNetDevice  : ON
PyViz visualizer              : OFF (Python Bindings are disabled)
Python Bindings               : OFF (not requested)
SQLite support                : ON
Eigen3 support                : ON
Tap Bridge                    : ON
Tap FdNetDevice               : ON
Tests                         : OFF (not requested)


Modules configured to be built:
antenna                   aodv                      applications              
bridge                    buildings                 config-store              
core                      csma                      csma-layout               
dsdv                      dsr                       energy                    
fd-net-device             flow-monitor              innetwork-task            
internet                  internet-apps             lr-wpan                   
lte                       mesh                      mobility                  
netanim                   network                   nix-vector-routing        
olsr                      point-to-point            point-to-point-layout     
propagation               quic                      sixlowpan                 
spectrum                  stats                     tap-bridge                
topology-read             traffic-control           uan                       
virtual-net-device        wifi                      wimax                     


Modules that cannot be built:
brite                     click                     mpi                       
openflow                  test                      visualizer                



-- Configuring done
-- Generating done
-- Build files have been written to: /home/dd/ns-3-quic-agg-zhuoxu/ns-allinone-3.42/ns-3.42/build
Finished executing the following commands:
/bin/cmake -S /home/dd/ns-3-quic-agg-zhuoxu/ns-allinone-3.42/ns-3.42 -B /home/dd/ns-3-quic-agg-zhuoxu/ns-allinone-3.42/ns-3.42/build -DNS3_WARNINGS_AS_ERRORS=OFF --warn-uninitialized
Warn about uninitialized values.
-- Using default output directory /home/dd/ns-3-quic-agg-zhuoxu/ns-allinone-3.42/ns-3.42/build
-- Proceeding without cmake-format
-- find_external_library: SQLite3 was found.
-- GSL was found.
-- docs: sphinx documentation not enabled due to missing dependencies: epstopdf dvipng
-- Precompiled headers were enabled
-- Processing src/antenna
-- Standard library Bessel function has been found
-- Processing src/aodv
-- Processing src/applications
-- Processing src/bridge
-- Processing src/brite
-- Skipping src/brite
-- Processing src/buildings
-- Processing src/click
-- Skipping src/click
-- Processing src/config-store
-- Processing src/core
-- Boost Units have been found.
-- Processing src/csma
-- Processing src/csma-layout
-- Processing src/dsdv
-- Processing src/dsr
-- Processing src/energy
-- Processing src/fd-net-device
-- Checking for module 'libdpdk'
--   No package 'libdpdk' found
-- Processing src/flow-monitor
-- Processing src/innetwork-task
-- Processing src/internet
-- Processing src/internet-apps
-- Processing src/lr-wpan
-- Processing src/lte
-- Processing src/mesh
-- Processing src/mobility
-- Processing src/netanim
-- Processing src/network
-- Processing src/nix-vector-routing
-- Processing src/olsr
-- Processing src/openflow
-- Skipping src/openflow
-- Processing src/point-to-point
-- Processing src/point-to-point-layout
-- Processing src/propagation
-- Processing src/quic
-- Processing src/sixlowpan
-- Processing src/spectrum
-- Processing src/stats
-- Processing src/tap-bridge
-- Processing src/topology-read
-- Processing src/traffic-control
-- Processing src/uan
-- Processing src/virtual-net-device
-- Processing src/wifi
-- Processing src/wimax
-- ---- Summary of ns-3 settings:
Build profile                 : debug
Build directory               : /home/dd/ns-3-quic-agg-zhuoxu/ns-allinone-3.42/ns-3.42/build
Build with runtime asserts    : OFF (not requested)
Build with runtime logging    : OFF (not requested)
Build version embedding       : OFF (not requested)
BRITE Integration             : OFF (Missing headers: "Brite.h" and missing libraries: "brite")
DES Metrics event collection  : OFF (not requested)
DPDK NetDevice                : OFF (not requested)
Emulation FdNetDevice         : ON
Examples                      : OFF (not requested)
File descriptor NetDevice     : ON
GNU Scientific Library (GSL)  : ON
GtkConfigStore                : ON
LibXml2 support               : ON
MPI Support                   : OFF (not requested)
ns-3 Click Integration        : OFF (Missing headers: "simclick.h" and missing libraries: "nsclick click")
ns-3 OpenFlow Integration     : OFF (Missing headers: "openflow.h" and missing libraries: "openflow")
Netmap emulation FdNetDevice  : ON
PyViz visualizer              : OFF (Python Bindings are disabled)
Python Bindings               : OFF (not requested)
SQLite support                : ON
Eigen3 support                : ON
Tap Bridge                    : ON
Tap FdNetDevice               : ON
Tests                         : OFF (not requested)


Modules configured to be built:
antenna                   aodv                      applications              
bridge                    buildings                 config-store              
core                      csma                      csma-layout               
dsdv                      dsr                       energy                    
fd-net-device             flow-monitor              innetwork-task            
internet                  internet-apps             lr-wpan                   
lte                       mesh                      mobility                  
netanim                   network                   nix-vector-routing        
olsr                      point-to-point            point-to-point-layout     
propagation               quic                      sixlowpan                 
spectrum                  stats                     tap-bridge                
topology-read             traffic-control           uan                       
virtual-net-device        wifi                      wimax                     


Modules that cannot be built:
brite                     click                     mpi                       
openflow                  test                      visualizer                



-- Configuring done
-- Generating done
-- Build files have been written to: /home/dd/ns-3-quic-agg-zhuoxu/ns-allinone-3.42/ns-3.42/build
Finished executing the following commands:
/bin/cmake -S /home/dd/ns-3-quic-agg-zhuoxu/ns-allinone-3.42/ns-3.42 -B /home/dd/ns-3-quic-agg-zhuoxu/ns-allinone-3.42/ns-3.42/build -DNS3_WARNINGS_AS_ERRORS=OFF --warn-uninitialized
Warn about uninitialized values.
-- Using default output directory /home/dd/ns-3-quic-agg-zhuoxu/ns-allinone-3.42/ns-3.42/build
-- Proceeding without cmake-format
-- find_external_library: SQLite3 was found.
-- GSL was found.
-- docs: sphinx documentation not enabled due to missing dependencies: epstopdf dvipng
-- Precompiled headers were enabled
-- Processing src/antenna
-- Standard library Bessel function has been found
-- Processing src/aodv
-- Processing src/applications
-- Processing src/bridge
-- Processing src/brite
-- Skipping src/brite
-- Processing src/buildings
-- Processing src/click
-- Skipping src/click
-- Processing src/config-store
-- Processing src/core
-- Boost Units have been found.
-- Processing src/csma
-- Processing src/csma-layout
-- Processing src/dsdv
-- Processing src/dsr
-- Processing src/energy
-- Processing src/fd-net-device
-- Checking for module 'libdpdk'
--   No package 'libdpdk' found
-- Processing src/flow-monitor
-- Processing src/innetwork-task
-- Processing src/internet
-- Processing src/internet-apps
-- Processing src/lr-wpan
-- Processing src/lte
-- Processing src/mesh
-- Processing src/mobility
-- Processing src/netanim
-- Processing src/network
-- Processing src/nix-vector-routing
-- Processing src/olsr
-- Processing src/openflow
-- Skipping src/openflow
-- Processing src/point-to-point
-- Processing src/point-to-point-layout
-- Processing src/propagation
-- Processing src/quic
-- Processing src/sixlowpan
-- Processing src/spectrum
-- Processing src/stats
-- Processing src/tap-bridge
-- Processing src/topology-read
-- Processing src/traffic-control
-- Processing src/uan
-- Processing src/virtual-net-device
-- Processing src/wifi
-- Processing src/wimax
-- ---- Summary of ns-3 settings:
Build profile                 : debug
Build directory               : /home/dd/ns-3-quic-agg-zhuoxu/ns-allinone-3.42/ns-3.42/build
Build with runtime asserts    : OFF (not requested)
Build with runtime logging    : OFF (not requested)
Build version embedding       : OFF (not requested)
BRITE Integration             : OFF (Missing headers: "Brite.h" and missing libraries: "brite")
DES Metrics event collection  : OFF (not requested)
DPDK NetDevice                : OFF (not requested)
Emulation FdNetDevice         : ON
Examples                      : OFF (not requested)
File descriptor NetDevice     : ON
GNU Scientific Library (GSL)  : ON
GtkConfigStore                : ON
LibXml2 support               : ON
MPI Support                   : OFF (not requested)
ns-3 Click Integration        : OFF (Missing headers: "simclick.h" and missing libraries: "nsclick click")
ns-3 OpenFlow Integration     : OFF (Missing headers: "openflow.h" and missing libraries: "openflow")
Netmap emulation FdNetDevice  : ON
PyViz visualizer              : OFF (Python Bindings are disabled)
Python Bindings               : OFF (not requested)
SQLite support                : ON
Eigen3 support                : ON
Tap Bridge                    : ON
Tap FdNetDevice               : ON
Tests                         : OFF (not requested)


Modules configured to be built:
antenna                   aodv                      applications              
bridge                    buildings                 config-store              
core                      csma                      csma-layout               
dsdv                      dsr                       energy                    
fd-net-device             flow-monitor              innetwork-task            
internet                  internet-apps             lr-wpan                   
lte                       mesh                      mobility                  
netanim                   network                   nix-vector-routing        
olsr                      point-to-point            point-to-point-layout     
propagation               quic                      sixlowpan                 
spectrum                  stats                     tap-bridge                
topology-read             traffic-control           uan                       
virtual-net-device        wifi                      wimax                     


Modules that cannot be built:
brite                     click                     mpi                       
openflow                  test                      visualizer                



-- Configuring done
-- Generating done
-- Build files have been written to: /home/dd/ns-3-quic-agg-zhuoxu/ns-allinone-3.42/ns-3.42/build
Finished executing the following commands:
/bin/cmake -S /home/dd/ns-3-quic-agg-zhuoxu/ns-allinone-3.42/ns-3.42 -B /home/dd/ns-3-quic-agg-zhuoxu/ns-allinone-3.42/ns-3.42/build -DNS3_WARNINGS_AS_ERRORS=OFF --warn-uninitialized
